<?xml version="1.0" encoding="UTF-8"?>
<coverage generated="1618142124801" clover="3.2.0">
  <project timestamp="1618142124801" name="All files">
    <metrics statements="7" coveredstatements="6" conditionals="3" coveredconditionals="1" methods="3" coveredmethods="2" elements="13" coveredelements="9" complexity="0" loc="7" ncloc="7" packages="1" files="2" classes="2"/>
    <file name="actions.js" path="/mnt/hkrdata/src/gpmt/gpmt-webapp/src/actions.js">
      <metrics statements="2" coveredstatements="2" conditionals="0" coveredconditionals="0" methods="2" coveredmethods="1"/>
      <line num="3" count="1" type="stmt"/>
      <line num="11" count="1" type="stmt"/>
    </file>
    <file name="reducers.js" path="/mnt/hkrdata/src/gpmt/gpmt-webapp/src/reducers.js">
      <metrics statements="5" coveredstatements="4" conditionals="3" coveredconditionals="1" methods="1" coveredmethods="1"/>
      <line num="2" count="1" type="stmt"/>
      <line num="6" count="1" type="cond" truecount="0" falsecount="1"/>
      <line num="7" count="1" type="cond" truecount="1" falsecount="1"/>
      <line num="9" count="1" type="stmt"/>
      <line num="19" count="0" type="stmt"/>
    </file>
  </project>
</coverage>
