{"/mnt/hkrdata/src/gpmt/gpmt-webapp/src/actions.js": {"path":"/mnt/hkrdata/src/gpmt/gpmt-webapp/src/actions.js","statementMap":{"0":{"start":{"line":3,"column":28},"end":{"line":9,"column":2}},"1":{"start":{"line":3,"column":42},"end":{"line":9,"column":1}},"2":{"start":{"line":11,"column":26},"end":{"line":18,"column":2}},"3":{"start":{"line":11,"column":59},"end":{"line":18,"column":1}}},"fnMap":{"0":{"name":"(anonymous_0)","decl":{"start":{"line":3,"column":28},"end":{"line":3,"column":29}},"loc":{"start":{"line":3,"column":42},"end":{"line":9,"column":1}},"line":3},"1":{"name":"(anonymous_1)","decl":{"start":{"line":11,"column":26},"end":{"line":11,"column":27}},"loc":{"start":{"line":11,"column":59},"end":{"line":18,"column":1}},"line":11}},"branchMap":{},"s":{"0":1,"1":0,"2":1,"3":1},"f":{"0":0,"1":1},"b":{},"_coverageSchema":"1a1c01bbd47fc00a2c39e90264f33305004495a9","hash":"4a94f0e221c2ffe5e8134fa76a30788746d9b2fa"}
,"/mnt/hkrdata/src/gpmt/gpmt-webapp/src/reducers.js": {"path":"/mnt/hkrdata/src/gpmt/gpmt-webapp/src/reducers.js","statementMap":{"0":{"start":{"line":2,"column":21},"end":{"line":4,"column":1}},"1":{"start":{"line":6,"column":16},"end":{"line":21,"column":1}},"2":{"start":{"line":7,"column":4},"end":{"line":20,"column":5}},"3":{"start":{"line":9,"column":12},"end":{"line":17,"column":13}},"4":{"start":{"line":19,"column":12},"end":{"line":19,"column":24}}},"fnMap":{"0":{"name":"(anonymous_0)","decl":{"start":{"line":6,"column":16},"end":{"line":6,"column":17}},"loc":{"start":{"line":6,"column":47},"end":{"line":21,"column":1}},"line":6}},"branchMap":{"0":{"loc":{"start":{"line":6,"column":17},"end":{"line":6,"column":34}},"type":"default-arg","locations":[{"start":{"line":6,"column":23},"end":{"line":6,"column":34}}],"line":6},"1":{"loc":{"start":{"line":7,"column":4},"end":{"line":20,"column":5}},"type":"switch","locations":[{"start":{"line":8,"column":8},"end":{"line":17,"column":13}},{"start":{"line":18,"column":8},"end":{"line":19,"column":24}}],"line":7}},"s":{"0":1,"1":1,"2":1,"3":1,"4":0},"f":{"0":1},"b":{"0":[0],"1":[1,0]},"_coverageSchema":"1a1c01bbd47fc00a2c39e90264f33305004495a9","hash":"ee816fa3667553aae5c5e57789501c32924c90d8"}
}
