<?xml version="1.0" encoding="UTF-8"?>
<coverage generated="1624826327855" clover="3.2.0">
  <project timestamp="1624826327855" name="All files">
    <metrics statements="739" coveredstatements="616" conditionals="282" coveredconditionals="185" methods="314" coveredmethods="254" elements="1335" coveredelements="1055" complexity="0" loc="739" ncloc="739" packages="10" files="33" classes="33"/>
    <package name="src">
      <metrics statements="238" coveredstatements="203" conditionals="134" coveredconditionals="104" methods="99" coveredmethods="89"/>
      <file name="actions.js" path="/mnt/hkrdata/src/gpmt/gpmt-webapp/src/actions.js">
        <metrics statements="135" coveredstatements="113" conditionals="44" coveredconditionals="25" methods="57" coveredmethods="50"/>
        <line num="3" count="13" type="stmt"/>
        <line num="12" count="0" type="stmt"/>
        <line num="13" count="0" type="stmt"/>
        <line num="14" count="0" type="stmt"/>
        <line num="26" count="0" type="cond" truecount="0" falsecount="2"/>
        <line num="27" count="0" type="stmt"/>
        <line num="29" count="0" type="stmt"/>
        <line num="33" count="13" type="stmt"/>
        <line num="36" count="2" type="stmt"/>
        <line num="37" count="2" type="stmt"/>
        <line num="38" count="2" type="stmt"/>
        <line num="39" count="2" type="stmt"/>
        <line num="44" count="1" type="cond" truecount="1" falsecount="1"/>
        <line num="45" count="0" type="stmt"/>
        <line num="46" count="1" type="cond" truecount="1" falsecount="1"/>
        <line num="47" count="1" type="stmt"/>
        <line num="51" count="1" type="stmt"/>
        <line num="55" count="13" type="stmt"/>
        <line num="56" count="1" type="cond" truecount="1" falsecount="1"/>
        <line num="57" count="1" type="stmt"/>
        <line num="61" count="13" type="stmt"/>
        <line num="62" count="9" type="cond" truecount="1" falsecount="1"/>
        <line num="63" count="9" type="stmt"/>
        <line num="64" count="9" type="stmt"/>
        <line num="65" count="9" type="stmt"/>
        <line num="67" count="7" type="cond" truecount="1" falsecount="1"/>
        <line num="68" count="0" type="stmt"/>
        <line num="71" count="7" type="stmt"/>
        <line num="77" count="7" type="stmt"/>
        <line num="79" count="1" type="stmt"/>
        <line num="85" count="13" type="stmt"/>
        <line num="86" count="1" type="stmt"/>
        <line num="87" count="1" type="stmt"/>
        <line num="88" count="1" type="stmt"/>
        <line num="89" count="24" type="stmt"/>
        <line num="94" count="1" type="stmt"/>
        <line num="97" count="13" type="stmt"/>
        <line num="98" count="1" type="stmt"/>
        <line num="99" count="1" type="cond" truecount="1" falsecount="1"/>
        <line num="100" count="1" type="stmt"/>
        <line num="101" count="0" type="cond" truecount="0" falsecount="2"/>
        <line num="102" count="0" type="cond" truecount="0" falsecount="4"/>
        <line num="104" count="0" type="stmt"/>
        <line num="105" count="0" type="stmt"/>
        <line num="107" count="0" type="stmt"/>
        <line num="108" count="0" type="stmt"/>
        <line num="110" count="0" type="stmt"/>
        <line num="111" count="0" type="stmt"/>
        <line num="113" count="0" type="stmt"/>
        <line num="114" count="0" type="stmt"/>
        <line num="116" count="0" type="stmt"/>
        <line num="126" count="13" type="stmt"/>
        <line num="135" count="13" type="stmt"/>
        <line num="144" count="13" type="stmt"/>
        <line num="154" count="13" type="stmt"/>
        <line num="164" count="13" type="stmt"/>
        <line num="178" count="13" type="stmt"/>
        <line num="185" count="13" type="stmt"/>
        <line num="192" count="13" type="stmt"/>
        <line num="199" count="14" type="stmt"/>
        <line num="206" count="13" type="stmt"/>
        <line num="213" count="13" type="stmt"/>
        <line num="220" count="13" type="stmt"/>
        <line num="227" count="13" type="stmt"/>
        <line num="238" count="19" type="stmt"/>
        <line num="239" count="19" type="cond" truecount="2" falsecount="0"/>
        <line num="240" count="10" type="stmt"/>
        <line num="241" count="10" type="stmt"/>
        <line num="242" count="18" type="stmt"/>
        <line num="246" count="9" type="stmt"/>
        <line num="247" count="9" type="stmt"/>
        <line num="251" count="27" type="stmt"/>
        <line num="252" count="27" type="cond" truecount="2" falsecount="0"/>
        <line num="253" count="9" type="stmt"/>
        <line num="254" count="9" type="stmt"/>
        <line num="255" count="9" type="stmt"/>
        <line num="260" count="9" type="stmt"/>
        <line num="261" count="9" type="stmt"/>
        <line num="265" count="43" type="stmt"/>
        <line num="266" count="43" type="cond" truecount="2" falsecount="0"/>
        <line num="267" count="13" type="stmt"/>
        <line num="268" count="13" type="stmt"/>
        <line num="269" count="312" type="stmt"/>
        <line num="274" count="13" type="stmt"/>
        <line num="275" count="13" type="stmt"/>
        <line num="279" count="39" type="stmt"/>
        <line num="280" count="39" type="cond" truecount="2" falsecount="0"/>
        <line num="281" count="9" type="stmt"/>
        <line num="282" count="9" type="stmt"/>
        <line num="283" count="9" type="stmt"/>
        <line num="288" count="9" type="stmt"/>
        <line num="289" count="9" type="stmt"/>
        <line num="293" count="52" type="stmt"/>
        <line num="294" count="52" type="cond" truecount="2" falsecount="0"/>
        <line num="295" count="9" type="stmt"/>
        <line num="296" count="9" type="stmt"/>
        <line num="297" count="9" type="stmt"/>
        <line num="303" count="9" type="stmt"/>
        <line num="304" count="9" type="stmt"/>
        <line num="308" count="13" type="stmt"/>
        <line num="309" count="13" type="cond" truecount="4" falsecount="0"/>
        <line num="310" count="3" type="stmt"/>
        <line num="311" count="3" type="stmt"/>
        <line num="313" count="3" type="cond" truecount="1" falsecount="1"/>
        <line num="314" count="3" type="stmt"/>
        <line num="315" count="0" type="stmt"/>
        <line num="316" count="0" type="stmt"/>
        <line num="317" count="0" type="stmt"/>
        <line num="319" count="3" type="stmt"/>
        <line num="321" count="3" type="stmt"/>
        <line num="329" count="13" type="stmt"/>
        <line num="330" count="3" type="stmt"/>
        <line num="332" count="3" type="cond" truecount="1" falsecount="1"/>
        <line num="333" count="3" type="stmt"/>
        <line num="340" count="13" type="stmt"/>
        <line num="341" count="2" type="stmt"/>
        <line num="343" count="2" type="cond" truecount="1" falsecount="1"/>
        <line num="344" count="2" type="stmt"/>
        <line num="351" count="13" type="stmt"/>
        <line num="352" count="3" type="stmt"/>
        <line num="354" count="3" type="cond" truecount="1" falsecount="1"/>
        <line num="355" count="3" type="stmt"/>
        <line num="362" count="13" type="stmt"/>
        <line num="363" count="2" type="stmt"/>
        <line num="365" count="2" type="cond" truecount="1" falsecount="1"/>
        <line num="366" count="2" type="stmt"/>
        <line num="377" count="13" type="stmt"/>
        <line num="378" count="1" type="stmt"/>
        <line num="380" count="1" type="stmt"/>
        <line num="388" count="13" type="stmt"/>
        <line num="389" count="1" type="stmt"/>
        <line num="391" count="1" type="stmt"/>
        <line num="399" count="13" type="stmt"/>
        <line num="400" count="1" type="stmt"/>
        <line num="402" count="1" type="stmt"/>
      </file>
      <file name="hooks.js" path="/mnt/hkrdata/src/gpmt/gpmt-webapp/src/hooks.js">
        <metrics statements="56" coveredstatements="46" conditionals="48" coveredconditionals="43" methods="27" coveredmethods="24"/>
        <line num="7" count="133" type="stmt"/>
        <line num="8" count="268" type="stmt"/>
        <line num="10" count="133" type="stmt"/>
        <line num="11" count="133" type="cond" truecount="4" falsecount="0"/>
        <line num="12" count="39" type="stmt"/>
        <line num="16" count="133" type="cond" truecount="2" falsecount="0"/>
        <line num="20" count="118" type="stmt"/>
        <line num="21" count="238" type="stmt"/>
        <line num="23" count="118" type="stmt"/>
        <line num="24" count="118" type="cond" truecount="4" falsecount="0"/>
        <line num="25" count="19" type="stmt"/>
        <line num="29" count="118" type="cond" truecount="2" falsecount="0"/>
        <line num="33" count="131" type="stmt"/>
        <line num="34" count="269" type="stmt"/>
        <line num="36" count="131" type="stmt"/>
        <line num="37" count="131" type="cond" truecount="4" falsecount="0"/>
        <line num="38" count="27" type="stmt"/>
        <line num="42" count="131" type="cond" truecount="2" falsecount="0"/>
        <line num="46" count="110" type="stmt"/>
        <line num="47" count="220" type="stmt"/>
        <line num="49" count="110" type="stmt"/>
        <line num="50" count="110" type="cond" truecount="4" falsecount="0"/>
        <line num="51" count="43" type="stmt"/>
        <line num="55" count="110" type="cond" truecount="2" falsecount="0"/>
        <line num="59" count="133" type="stmt"/>
        <line num="60" count="275" type="stmt"/>
        <line num="62" count="133" type="stmt"/>
        <line num="63" count="133" type="cond" truecount="4" falsecount="0"/>
        <line num="64" count="52" type="stmt"/>
        <line num="68" count="133" type="cond" truecount="2" falsecount="0"/>
        <line num="72" count="22" type="stmt"/>
        <line num="73" count="48" type="stmt"/>
        <line num="75" count="22" type="stmt"/>
        <line num="76" count="22" type="cond" truecount="4" falsecount="0"/>
        <line num="77" count="13" type="stmt"/>
        <line num="81" count="22" type="cond" truecount="2" falsecount="0"/>
        <line num="85" count="40" type="stmt"/>
        <line num="86" count="119" type="stmt"/>
        <line num="88" count="40" type="stmt"/>
        <line num="89" count="40" type="cond" truecount="4" falsecount="0"/>
        <line num="90" count="9" type="stmt"/>
        <line num="94" count="40" type="stmt"/>
        <line num="98" count="15" type="stmt"/>
        <line num="99" count="3" type="cond" truecount="2" falsecount="0"/>
        <line num="103" count="3" type="cond" truecount="1" falsecount="1"/>
        <line num="104" count="0" type="cond" truecount="0" falsecount="2"/>
        <line num="106" count="0" type="cond" truecount="0" falsecount="2"/>
        <line num="107" count="0" type="stmt"/>
        <line num="113" count="0" type="stmt"/>
        <line num="114" count="0" type="stmt"/>
        <line num="115" count="0" type="stmt"/>
        <line num="118" count="0" type="stmt"/>
        <line num="119" count="0" type="stmt"/>
        <line num="122" count="0" type="stmt"/>
        <line num="125" count="0" type="stmt"/>
        <line num="130" count="3" type="stmt"/>
      </file>
      <file name="reducers.js" path="/mnt/hkrdata/src/gpmt/gpmt-webapp/src/reducers.js">
        <metrics statements="35" coveredstatements="33" conditionals="34" coveredconditionals="30" methods="10" coveredmethods="10"/>
        <line num="1" count="14" type="stmt"/>
        <line num="13" count="14" type="cond" truecount="1" falsecount="0"/>
        <line num="14" count="108" type="cond" truecount="21" falsecount="2"/>
        <line num="16" count="2" type="stmt"/>
        <line num="26" count="1" type="stmt"/>
        <line num="34" count="1" type="stmt"/>
        <line num="42" count="0" type="stmt"/>
        <line num="50" count="1" type="stmt"/>
        <line num="58" count="10" type="stmt"/>
        <line num="63" count="10" type="stmt"/>
        <line num="68" count="15" type="stmt"/>
        <line num="73" count="10" type="stmt"/>
        <line num="78" count="8" type="stmt"/>
        <line num="83" count="3" type="stmt"/>
        <line num="88" count="10" type="stmt"/>
        <line num="93" count="1" type="stmt"/>
        <line num="101" count="3" type="stmt"/>
        <line num="109" count="2" type="stmt"/>
        <line num="117" count="4" type="stmt"/>
        <line num="120" count="4" type="stmt"/>
        <line num="122" count="4" type="stmt"/>
        <line num="128" count="4" type="stmt"/>
        <line num="131" count="4" type="stmt"/>
        <line num="133" count="4" type="stmt"/>
        <line num="139" count="3" type="stmt"/>
        <line num="142" count="3" type="stmt"/>
        <line num="144" count="3" type="stmt"/>
        <line num="150" count="2" type="stmt"/>
        <line num="152" count="2" type="stmt"/>
        <line num="155" count="2" type="stmt"/>
        <line num="157" count="2" type="stmt"/>
        <line num="160" count="2" type="stmt"/>
        <line num="162" count="2" type="stmt"/>
        <line num="165" count="0" type="stmt"/>
        <line num="170" count="14" type="stmt"/>
      </file>
      <file name="store.js" path="/mnt/hkrdata/src/gpmt/gpmt-webapp/src/store.js">
        <metrics statements="5" coveredstatements="4" conditionals="4" coveredconditionals="2" methods="3" coveredmethods="3"/>
        <line num="7" count="13" type="stmt"/>
        <line num="8" count="76" type="cond" truecount="2" falsecount="2"/>
        <line num="9" count="0" type="stmt"/>
        <line num="11" count="76" type="stmt"/>
        <line num="14" count="13" type="stmt"/>
      </file>
      <file name="utils.js" path="/mnt/hkrdata/src/gpmt/gpmt-webapp/src/utils.js">
        <metrics statements="7" coveredstatements="7" conditionals="4" coveredconditionals="4" methods="2" coveredmethods="2"/>
        <line num="2" count="14" type="stmt"/>
        <line num="3" count="2" type="stmt"/>
        <line num="4" count="2" type="stmt"/>
        <line num="7" count="14" type="stmt"/>
        <line num="8" count="98" type="cond" truecount="4" falsecount="0"/>
        <line num="9" count="97" type="stmt"/>
        <line num="11" count="1" type="stmt"/>
      </file>
    </package>
    <package name="src.api">
      <metrics statements="22" coveredstatements="20" conditionals="0" coveredconditionals="0" methods="20" coveredmethods="18"/>
      <file name="http.js" path="/mnt/hkrdata/src/gpmt/gpmt-webapp/src/api/http.js">
        <metrics statements="22" coveredstatements="20" conditionals="0" coveredconditionals="0" methods="20" coveredmethods="18"/>
        <line num="3" count="13" type="stmt"/>
        <line num="8" count="13" type="stmt"/>
        <line num="10" count="14" type="stmt"/>
        <line num="15" count="28" type="stmt"/>
        <line num="16" count="0" type="stmt"/>
        <line num="18" count="1" type="stmt"/>
        <line num="20" count="10" type="stmt"/>
        <line num="21" count="9" type="stmt"/>
        <line num="22" count="13" type="stmt"/>
        <line num="23" count="9" type="stmt"/>
        <line num="24" count="9" type="stmt"/>
        <line num="25" count="3" type="stmt"/>
        <line num="26" count="9" type="stmt"/>
        <line num="28" count="2" type="stmt"/>
        <line num="29" count="3" type="stmt"/>
        <line num="30" count="3" type="stmt"/>
        <line num="31" count="2" type="stmt"/>
        <line num="33" count="1" type="stmt"/>
        <line num="34" count="1" type="stmt"/>
        <line num="35" count="1" type="stmt"/>
        <line num="37" count="0" type="stmt"/>
        <line num="42" count="3" type="stmt"/>
      </file>
    </package>
    <package name="src.components">
      <metrics statements="134" coveredstatements="121" conditionals="55" coveredconditionals="33" methods="55" coveredmethods="45"/>
      <file name="aside.jsx" path="/mnt/hkrdata/src/gpmt/gpmt-webapp/src/components/aside.jsx">
        <metrics statements="17" coveredstatements="17" conditionals="18" coveredconditionals="11" methods="4" coveredmethods="4"/>
        <line num="19" count="8" type="stmt"/>
        <line num="20" count="103" type="stmt"/>
        <line num="21" count="103" type="stmt"/>
        <line num="22" count="103" type="stmt"/>
        <line num="23" count="95" type="stmt"/>
        <line num="25" count="103" type="stmt"/>
        <line num="26" count="103" type="stmt"/>
        <line num="27" count="103" type="stmt"/>
        <line num="28" count="103" type="stmt"/>
        <line num="30" count="103" type="stmt"/>
        <line num="34" count="103" type="stmt"/>
        <line num="35" count="1" type="stmt"/>
        <line num="38" count="103" type="stmt"/>
        <line num="40" count="103" type="stmt"/>
        <line num="48" count="103" type="stmt"/>
        <line num="86" count="63" type="stmt"/>
        <line num="135" count="8" type="stmt"/>
      </file>
      <file name="banner.jsx" path="/mnt/hkrdata/src/gpmt/gpmt-webapp/src/components/banner.jsx">
        <metrics statements="8" coveredstatements="4" conditionals="5" coveredconditionals="4" methods="4" coveredmethods="1"/>
        <line num="5" count="3" type="stmt"/>
        <line num="6" count="0" type="stmt"/>
        <line num="8" count="0" type="stmt"/>
        <line num="46" count="0" type="stmt"/>
        <line num="61" count="3" type="cond" truecount="1" falsecount="0"/>
        <line num="62" count="6" type="stmt"/>
        <line num="64" count="6" type="stmt"/>
        <line num="108" count="0" type="stmt"/>
      </file>
      <file name="dateInput.jsx" path="/mnt/hkrdata/src/gpmt/gpmt-webapp/src/components/dateInput.jsx">
        <metrics statements="6" coveredstatements="6" conditionals="0" coveredconditionals="0" methods="4" coveredmethods="4"/>
        <line num="4" count="2" type="stmt"/>
        <line num="5" count="10" type="stmt"/>
        <line num="14" count="2" type="stmt"/>
        <line num="25" count="3" type="stmt"/>
        <line num="36" count="2" type="stmt"/>
        <line num="45" count="2" type="stmt"/>
      </file>
      <file name="datetimeInput.jsx" path="/mnt/hkrdata/src/gpmt/gpmt-webapp/src/components/datetimeInput.jsx">
        <metrics statements="8" coveredstatements="8" conditionals="0" coveredconditionals="0" methods="6" coveredmethods="6"/>
        <line num="4" count="4" type="stmt"/>
        <line num="5" count="27" type="stmt"/>
        <line num="14" count="2" type="stmt"/>
        <line num="24" count="2" type="stmt"/>
        <line num="34" count="5" type="stmt"/>
        <line num="47" count="5" type="stmt"/>
        <line num="57" count="2" type="stmt"/>
        <line num="65" count="4" type="stmt"/>
      </file>
      <file name="dialog.jsx" path="/mnt/hkrdata/src/gpmt/gpmt-webapp/src/components/dialog.jsx">
        <metrics statements="56" coveredstatements="52" conditionals="14" coveredconditionals="10" methods="18" coveredmethods="16"/>
        <line num="6" count="2" type="stmt"/>
        <line num="16" count="2" type="stmt"/>
        <line num="17" count="0" type="stmt"/>
        <line num="36" count="2" type="stmt"/>
        <line num="41" count="2" type="stmt"/>
        <line num="42" count="7" type="stmt"/>
        <line num="50" count="2" type="stmt"/>
        <line num="55" count="2" type="stmt"/>
        <line num="56" count="12" type="stmt"/>
        <line num="64" count="2" type="stmt"/>
        <line num="69" count="2" type="stmt"/>
        <line num="70" count="10" type="stmt"/>
        <line num="78" count="2" type="stmt"/>
        <line num="83" count="2" type="stmt"/>
        <line num="84" count="9" type="stmt"/>
        <line num="89" count="2" type="stmt"/>
        <line num="93" count="2" type="stmt"/>
        <line num="94" count="11" type="stmt"/>
        <line num="99" count="2" type="stmt"/>
        <line num="104" count="2" type="stmt"/>
        <line num="105" count="20" type="stmt"/>
        <line num="110" count="2" type="stmt"/>
        <line num="115" count="2" type="stmt"/>
        <line num="116" count="69" type="cond" truecount="6" falsecount="2"/>
        <line num="118" count="12" type="stmt"/>
        <line num="120" count="10" type="stmt"/>
        <line num="122" count="9" type="stmt"/>
        <line num="124" count="11" type="stmt"/>
        <line num="126" count="20" type="stmt"/>
        <line num="128" count="0" type="stmt"/>
        <line num="130" count="7" type="stmt"/>
        <line num="132" count="0" type="stmt"/>
        <line num="136" count="2" type="stmt"/>
        <line num="140" count="2" type="stmt"/>
        <line num="141" count="15" type="stmt"/>
        <line num="142" count="49" type="stmt"/>
        <line num="143" count="15" type="stmt"/>
        <line num="144" count="20" type="stmt"/>
        <line num="150" count="15" type="stmt"/>
        <line num="153" count="2" type="stmt"/>
        <line num="154" count="15" type="stmt"/>
        <line num="155" count="12" type="stmt"/>
        <line num="156" count="15" type="stmt"/>
        <line num="157" count="10" type="stmt"/>
        <line num="158" count="15" type="stmt"/>
        <line num="159" count="0" type="stmt"/>
        <line num="160" count="15" type="stmt"/>
        <line num="161" count="7" type="stmt"/>
        <line num="162" count="15" type="stmt"/>
        <line num="163" count="20" type="cond" truecount="2" falsecount="0"/>
        <line num="165" count="15" type="stmt"/>
        <line num="173" count="15" type="stmt"/>
        <line num="174" count="124" type="stmt"/>
        <line num="177" count="15" type="stmt"/>
        <line num="180" count="69" type="stmt"/>
        <line num="186" count="2" type="stmt"/>
      </file>
      <file name="numberInput.jsx" path="/mnt/hkrdata/src/gpmt/gpmt-webapp/src/components/numberInput.jsx">
        <metrics statements="4" coveredstatements="4" conditionals="0" coveredconditionals="0" methods="2" coveredmethods="2"/>
        <line num="4" count="2" type="stmt"/>
        <line num="5" count="10" type="stmt"/>
        <line num="14" count="1" type="stmt"/>
        <line num="20" count="2" type="stmt"/>
      </file>
      <file name="secure.jsx" path="/mnt/hkrdata/src/gpmt/gpmt-webapp/src/components/secure.jsx">
        <metrics statements="3" coveredstatements="3" conditionals="2" coveredconditionals="2" methods="1" coveredmethods="1"/>
        <line num="5" count="8" type="stmt"/>
        <line num="6" count="36" type="stmt"/>
        <line num="7" count="36" type="stmt"/>
      </file>
      <file name="select.jsx" path="/mnt/hkrdata/src/gpmt/gpmt-webapp/src/components/select.jsx">
        <metrics statements="9" coveredstatements="5" conditionals="8" coveredconditionals="0" methods="6" coveredmethods="2"/>
        <line num="6" count="1" type="stmt"/>
        <line num="17" count="4" type="stmt"/>
        <line num="19" count="4" type="stmt"/>
        <line num="20" count="0" type="stmt"/>
        <line num="21" count="0" type="stmt"/>
        <line num="24" count="4" type="stmt"/>
        <line num="46" count="12" type="stmt"/>
        <line num="49" count="0" type="cond" truecount="0" falsecount="2"/>
        <line num="55" count="0" type="stmt"/>
      </file>
      <file name="shell.jsx" path="/mnt/hkrdata/src/gpmt/gpmt-webapp/src/components/shell.jsx">
        <metrics statements="11" coveredstatements="10" conditionals="4" coveredconditionals="2" methods="4" coveredmethods="3"/>
        <line num="13" count="7" type="stmt"/>
        <line num="15" count="37" type="stmt"/>
        <line num="17" count="37" type="stmt"/>
        <line num="21" count="37" type="stmt"/>
        <line num="25" count="37" type="stmt"/>
        <line num="26" count="4" type="stmt"/>
        <line num="27" count="4" type="stmt"/>
        <line num="30" count="37" type="stmt"/>
        <line num="35" count="4" type="stmt"/>
        <line num="37" count="0" type="stmt"/>
        <line num="54" count="7" type="stmt"/>
      </file>
      <file name="textInput.jsx" path="/mnt/hkrdata/src/gpmt/gpmt-webapp/src/components/textInput.jsx">
        <metrics statements="4" coveredstatements="4" conditionals="0" coveredconditionals="0" methods="2" coveredmethods="2"/>
        <line num="4" count="2" type="stmt"/>
        <line num="5" count="15" type="stmt"/>
        <line num="14" count="4" type="stmt"/>
        <line num="20" count="2" type="stmt"/>
      </file>
      <file name="timeInput.jsx" path="/mnt/hkrdata/src/gpmt/gpmt-webapp/src/components/timeInput.jsx">
        <metrics statements="5" coveredstatements="5" conditionals="0" coveredconditionals="0" methods="3" coveredmethods="3"/>
        <line num="4" count="1" type="stmt"/>
        <line num="5" count="5" type="stmt"/>
        <line num="14" count="2" type="stmt"/>
        <line num="24" count="2" type="stmt"/>
        <line num="33" count="1" type="stmt"/>
      </file>
      <file name="toggle.jsx" path="/mnt/hkrdata/src/gpmt/gpmt-webapp/src/components/toggle.jsx">
        <metrics statements="3" coveredstatements="3" conditionals="4" coveredconditionals="4" methods="1" coveredmethods="1"/>
        <line num="5" count="2" type="stmt"/>
        <line num="6" count="17" type="stmt"/>
        <line num="32" count="2" type="stmt"/>
      </file>
    </package>
    <package name="src.pages">
      <metrics statements="46" coveredstatements="24" conditionals="39" coveredconditionals="8" methods="18" coveredmethods="9"/>
      <file name="signin.jsx" path="/mnt/hkrdata/src/gpmt/gpmt-webapp/src/pages/signin.jsx">
        <metrics statements="7" coveredstatements="7" conditionals="6" coveredconditionals="6" methods="3" coveredmethods="3"/>
        <line num="12" count="1" type="stmt"/>
        <line num="13" count="12" type="stmt"/>
        <line num="14" count="12" type="stmt"/>
        <line num="15" count="17" type="cond" truecount="2" falsecount="0"/>
        <line num="17" count="12" type="stmt"/>
        <line num="18" count="2" type="stmt"/>
        <line num="21" count="12" type="stmt"/>
      </file>
      <file name="signup.jsx" path="/mnt/hkrdata/src/gpmt/gpmt-webapp/src/pages/signup.jsx">
        <metrics statements="39" coveredstatements="17" conditionals="33" coveredconditionals="2" methods="15" coveredmethods="6"/>
        <line num="12" count="1" type="stmt"/>
        <line num="18" count="1" type="stmt"/>
        <line num="19" count="8" type="stmt"/>
        <line num="21" count="8" type="stmt"/>
        <line num="22" count="0" type="stmt"/>
        <line num="23" count="0" type="stmt"/>
        <line num="26" count="8" type="stmt"/>
        <line num="48" count="24" type="stmt"/>
        <line num="51" count="0" type="cond" truecount="0" falsecount="2"/>
        <line num="57" count="0" type="stmt"/>
        <line num="87" count="1" type="stmt"/>
        <line num="88" count="0" type="cond" truecount="0" falsecount="6"/>
        <line num="90" count="0" type="cond" truecount="0" falsecount="5"/>
        <line num="92" count="0" type="stmt"/>
        <line num="94" count="0" type="stmt"/>
        <line num="98" count="1" type="stmt"/>
        <line num="99" count="9" type="stmt"/>
        <line num="110" count="8" type="stmt"/>
        <line num="113" count="8" type="stmt"/>
        <line num="125" count="0" type="stmt"/>
        <line num="127" count="0" type="stmt"/>
        <line num="129" count="0" type="stmt"/>
        <line num="144" count="8" type="stmt"/>
        <line num="210" count="3" type="stmt"/>
        <line num="211" count="3" type="stmt"/>
        <line num="212" count="3" type="stmt"/>
        <line num="213" count="3" type="cond" truecount="2" falsecount="0"/>
        <line num="240" count="8" type="stmt"/>
        <line num="299" count="0" type="stmt"/>
        <line num="300" count="0" type="stmt"/>
        <line num="301" count="0" type="cond" truecount="0" falsecount="4"/>
        <line num="302" count="0" type="cond" truecount="0" falsecount="2"/>
        <line num="304" count="0" type="stmt"/>
        <line num="339" count="0" type="stmt"/>
        <line num="340" count="0" type="cond" truecount="0" falsecount="2"/>
        <line num="343" count="0" type="stmt"/>
        <line num="344" count="0" type="cond" truecount="0" falsecount="2"/>
        <line num="388" count="0" type="stmt"/>
        <line num="389" count="0" type="cond" truecount="0" falsecount="2"/>
      </file>
    </package>
    <package name="src.pages.app">
      <metrics statements="67" coveredstatements="43" conditionals="16" coveredconditionals="5" methods="32" coveredmethods="17"/>
      <file name="index.jsx" path="/mnt/hkrdata/src/gpmt/gpmt-webapp/src/pages/app/index.jsx">
        <metrics statements="29" coveredstatements="17" conditionals="8" coveredconditionals="3" methods="12" coveredmethods="4"/>
        <line num="25" count="1" type="stmt"/>
        <line num="26" count="3" type="stmt"/>
        <line num="28" count="3" type="stmt"/>
        <line num="29" count="3" type="stmt"/>
        <line num="30" count="3" type="stmt"/>
        <line num="31" count="3" type="stmt"/>
        <line num="33" count="3" type="stmt"/>
        <line num="34" count="1" type="cond" truecount="1" falsecount="1"/>
        <line num="35" count="0" type="stmt"/>
        <line num="37" count="1" type="stmt"/>
        <line num="38" count="1" type="stmt"/>
        <line num="42" count="3" type="stmt"/>
        <line num="43" count="0" type="stmt"/>
        <line num="44" count="0" type="stmt"/>
        <line num="45" count="0" type="stmt"/>
        <line num="46" count="0" type="stmt"/>
        <line num="47" count="0" type="stmt"/>
        <line num="48" count="0" type="stmt"/>
        <line num="49" count="0" type="stmt"/>
        <line num="52" count="3" type="stmt"/>
        <line num="53" count="3" type="stmt"/>
        <line num="55" count="3" type="stmt"/>
        <line num="56" count="0" type="cond" truecount="0" falsecount="2"/>
        <line num="57" count="0" type="stmt"/>
        <line num="61" count="3" type="stmt"/>
        <line num="68" count="0" type="stmt"/>
        <line num="89" count="0" type="stmt"/>
        <line num="105" count="1" type="stmt"/>
        <line num="118" count="2" type="stmt"/>
      </file>
      <file name="overview.jsx" path="/mnt/hkrdata/src/gpmt/gpmt-webapp/src/pages/app/overview.jsx">
        <metrics statements="23" coveredstatements="16" conditionals="8" coveredconditionals="2" methods="10" coveredmethods="8"/>
        <line num="18" count="1" type="stmt"/>
        <line num="28" count="1" type="stmt"/>
        <line num="29" count="7" type="stmt"/>
        <line num="30" count="7" type="stmt"/>
        <line num="32" count="7" type="stmt"/>
        <line num="33" count="6" type="stmt"/>
        <line num="34" count="7" type="stmt"/>
        <line num="35" count="5" type="stmt"/>
        <line num="36" count="7" type="stmt"/>
        <line num="37" count="3" type="stmt"/>
        <line num="38" count="7" type="stmt"/>
        <line num="39" count="8" type="stmt"/>
        <line num="41" count="14" type="stmt"/>
        <line num="42" count="0" type="cond" truecount="0" falsecount="2"/>
        <line num="43" count="0" type="stmt"/>
        <line num="44" count="0" type="cond" truecount="0" falsecount="2"/>
        <line num="45" count="0" type="stmt"/>
        <line num="46" count="0" type="cond" truecount="0" falsecount="2"/>
        <line num="47" count="0" type="stmt"/>
        <line num="51" count="7" type="stmt"/>
        <line num="112" count="14" type="stmt"/>
        <line num="161" count="0" type="stmt"/>
        <line num="196" count="1" type="stmt"/>
      </file>
      <file name="settings.jsx" path="/mnt/hkrdata/src/gpmt/gpmt-webapp/src/pages/app/settings.jsx">
        <metrics statements="15" coveredstatements="10" conditionals="0" coveredconditionals="0" methods="10" coveredmethods="5"/>
        <line num="22" count="1" type="stmt"/>
        <line num="23" count="4" type="stmt"/>
        <line num="24" count="4" type="stmt"/>
        <line num="26" count="4" type="stmt"/>
        <line num="28" count="4" type="stmt"/>
        <line num="29" count="2" type="stmt"/>
        <line num="35" count="4" type="stmt"/>
        <line num="41" count="1" type="stmt"/>
        <line num="44" count="1" type="stmt"/>
        <line num="47" count="0" type="stmt"/>
        <line num="51" count="0" type="stmt"/>
        <line num="54" count="0" type="stmt"/>
        <line num="57" count="0" type="stmt"/>
        <line num="60" count="0" type="stmt"/>
        <line num="77" count="2" type="stmt"/>
      </file>
    </package>
    <package name="src.pages.app.drinking">
      <metrics statements="20" coveredstatements="20" conditionals="4" coveredconditionals="4" methods="8" coveredmethods="8"/>
      <file name="[id].jsx" path="/mnt/hkrdata/src/gpmt/gpmt-webapp/src/pages/app/drinking/[id].jsx">
        <metrics statements="20" coveredstatements="20" conditionals="4" coveredconditionals="4" methods="8" coveredmethods="8"/>
        <line num="13" count="1" type="stmt"/>
        <line num="14" count="8" type="stmt"/>
        <line num="15" count="8" type="stmt"/>
        <line num="17" count="8" type="stmt"/>
        <line num="18" count="8" type="stmt"/>
        <line num="19" count="6" type="stmt"/>
        <line num="20" count="8" type="cond" truecount="2" falsecount="0"/>
        <line num="23" count="8" type="stmt"/>
        <line num="24" count="1" type="stmt"/>
        <line num="30" count="8" type="stmt"/>
        <line num="31" count="2" type="stmt"/>
        <line num="37" count="8" type="stmt"/>
        <line num="38" count="1" type="stmt"/>
        <line num="39" count="1" type="stmt"/>
        <line num="40" count="1" type="stmt"/>
        <line num="43" count="8" type="stmt"/>
        <line num="60" count="1" type="stmt"/>
        <line num="61" count="1" type="stmt"/>
        <line num="84" count="1" type="stmt"/>
        <line num="85" count="5" type="stmt"/>
      </file>
    </package>
    <package name="src.pages.app.micturition">
      <metrics statements="14" coveredstatements="14" conditionals="2" coveredconditionals="2" methods="5" coveredmethods="5"/>
      <file name="[id].jsx" path="/mnt/hkrdata/src/gpmt/gpmt-webapp/src/pages/app/micturition/[id].jsx">
        <metrics statements="14" coveredstatements="14" conditionals="2" coveredconditionals="2" methods="5" coveredmethods="5"/>
        <line num="16" count="1" type="stmt"/>
        <line num="17" count="6" type="stmt"/>
        <line num="18" count="6" type="stmt"/>
        <line num="19" count="6" type="stmt"/>
        <line num="21" count="6" type="stmt"/>
        <line num="22" count="4" type="stmt"/>
        <line num="24" count="6" type="stmt"/>
        <line num="25" count="2" type="stmt"/>
        <line num="31" count="6" type="stmt"/>
        <line num="32" count="1" type="stmt"/>
        <line num="33" count="1" type="stmt"/>
        <line num="34" count="1" type="stmt"/>
        <line num="37" count="6" type="stmt"/>
        <line num="62" count="4" type="stmt"/>
      </file>
    </package>
    <package name="src.pages.app.stress">
      <metrics statements="17" coveredstatements="17" conditionals="6" coveredconditionals="6" methods="6" coveredmethods="6"/>
      <file name="[id].jsx" path="/mnt/hkrdata/src/gpmt/gpmt-webapp/src/pages/app/stress/[id].jsx">
        <metrics statements="17" coveredstatements="17" conditionals="6" coveredconditionals="6" methods="6" coveredmethods="6"/>
        <line num="16" count="1" type="stmt"/>
        <line num="17" count="8" type="stmt"/>
        <line num="18" count="8" type="stmt"/>
        <line num="19" count="8" type="stmt"/>
        <line num="20" count="8" type="stmt"/>
        <line num="22" count="8" type="stmt"/>
        <line num="23" count="6" type="stmt"/>
        <line num="25" count="8" type="stmt"/>
        <line num="26" count="1" type="stmt"/>
        <line num="32" count="8" type="stmt"/>
        <line num="33" count="2" type="stmt"/>
        <line num="39" count="8" type="stmt"/>
        <line num="40" count="1" type="stmt"/>
        <line num="41" count="1" type="stmt"/>
        <line num="42" count="1" type="stmt"/>
        <line num="45" count="8" type="stmt"/>
        <line num="62" count="1" type="stmt"/>
      </file>
    </package>
    <package name="src.pages.setup">
      <metrics statements="5" coveredstatements="5" conditionals="0" coveredconditionals="0" methods="2" coveredmethods="2"/>
      <file name="about.jsx" path="/mnt/hkrdata/src/gpmt/gpmt-webapp/src/pages/setup/about.jsx">
        <metrics statements="5" coveredstatements="5" conditionals="0" coveredconditionals="0" methods="2" coveredmethods="2"/>
        <line num="6" count="1" type="stmt"/>
        <line num="7" count="2" type="stmt"/>
        <line num="9" count="2" type="stmt"/>
        <line num="10" count="1" type="stmt"/>
        <line num="13" count="2" type="stmt"/>
      </file>
    </package>
    <package name="src.visualisations">
      <metrics statements="176" coveredstatements="149" conditionals="26" coveredconditionals="23" methods="69" coveredmethods="55"/>
      <file name="barChart.jsx" path="/mnt/hkrdata/src/gpmt/gpmt-webapp/src/visualisations/barChart.jsx">
        <metrics statements="25" coveredstatements="1" conditionals="2" coveredconditionals="0" methods="12" coveredmethods="0"/>
        <line num="4" count="8" type="stmt"/>
        <line num="5" count="0" type="stmt"/>
        <line num="9" count="0" type="stmt"/>
        <line num="10" count="0" type="stmt"/>
        <line num="14" count="0" type="stmt"/>
        <line num="15" count="0" type="stmt"/>
        <line num="16" count="0" type="stmt"/>
        <line num="17" count="0" type="stmt"/>
        <line num="19" count="0" type="stmt"/>
        <line num="27" count="0" type="stmt"/>
        <line num="28" count="0" type="stmt"/>
        <line num="30" count="0" type="stmt"/>
        <line num="35" count="0" type="stmt"/>
        <line num="39" count="0" type="stmt"/>
        <line num="43" count="0" type="stmt"/>
        <line num="46" count="0" type="stmt"/>
        <line num="51" count="0" type="stmt"/>
        <line num="52" count="0" type="stmt"/>
        <line num="53" count="0" type="stmt"/>
        <line num="54" count="0" type="stmt"/>
        <line num="57" count="0" type="stmt"/>
        <line num="58" count="0" type="cond" truecount="0" falsecount="2"/>
        <line num="59" count="0" type="stmt"/>
        <line num="60" count="0" type="stmt"/>
        <line num="66" count="0" type="stmt"/>
      </file>
      <file name="clock.jsx" path="/mnt/hkrdata/src/gpmt/gpmt-webapp/src/visualisations/clock.jsx">
        <metrics statements="42" coveredstatements="39" conditionals="8" coveredconditionals="8" methods="11" coveredmethods="10"/>
        <line num="5" count="8" type="stmt"/>
        <line num="6" count="103" type="stmt"/>
        <line num="8" count="103" type="stmt"/>
        <line num="9" count="103" type="stmt"/>
        <line num="10" count="103" type="stmt"/>
        <line num="11" count="103" type="stmt"/>
        <line num="13" count="103" type="stmt"/>
        <line num="15" count="103" type="stmt"/>
        <line num="20" count="103" type="stmt"/>
        <line num="25" count="103" type="stmt"/>
        <line num="33" count="103" type="stmt"/>
        <line num="37" count="103" type="stmt"/>
        <line num="38" count="103" type="stmt"/>
        <line num="39" count="103" type="stmt"/>
        <line num="41" count="103" type="stmt"/>
        <line num="42" count="756" type="stmt"/>
        <line num="43" count="1512" type="cond" truecount="2" falsecount="0"/>
        <line num="45" count="103" type="stmt"/>
        <line num="53" count="756" type="stmt"/>
        <line num="54" count="756" type="stmt"/>
        <line num="56" count="756" type="stmt"/>
        <line num="59" count="756" type="stmt"/>
        <line num="63" count="103" type="stmt"/>
        <line num="66" count="103" type="stmt"/>
        <line num="72" count="103" type="stmt"/>
        <line num="74" count="103" type="stmt"/>
        <line num="75" count="1236" type="stmt"/>
        <line num="87" count="103" type="stmt"/>
        <line num="97" count="103" type="stmt"/>
        <line num="107" count="103" type="stmt"/>
        <line num="108" count="103" type="stmt"/>
        <line num="110" count="103" type="stmt"/>
        <line num="113" count="103" type="stmt"/>
        <line num="114" count="0" type="stmt"/>
        <line num="115" count="0" type="stmt"/>
        <line num="117" count="0" type="stmt"/>
        <line num="121" count="103" type="stmt"/>
        <line num="122" count="103" type="stmt"/>
        <line num="123" count="103" type="cond" truecount="2" falsecount="0"/>
        <line num="124" count="67" type="stmt"/>
        <line num="125" count="67" type="stmt"/>
        <line num="131" count="103" type="stmt"/>
      </file>
      <file name="drinkingChart.jsx" path="/mnt/hkrdata/src/gpmt/gpmt-webapp/src/visualisations/drinkingChart.jsx">
        <metrics statements="29" coveredstatements="29" conditionals="4" coveredconditionals="4" methods="14" coveredmethods="14"/>
        <line num="4" count="8" type="stmt"/>
        <line num="5" count="109" type="stmt"/>
        <line num="7" count="109" type="stmt"/>
        <line num="8" count="109" type="stmt"/>
        <line num="9" count="109" type="stmt"/>
        <line num="10" count="109" type="stmt"/>
        <line num="12" count="109" type="stmt"/>
        <line num="20" count="109" type="stmt"/>
        <line num="22" count="109" type="stmt"/>
        <line num="30" count="109" type="stmt"/>
        <line num="38" count="109" type="stmt"/>
        <line num="44" count="109" type="stmt"/>
        <line num="45" count="75" type="stmt"/>
        <line num="46" count="109" type="stmt"/>
        <line num="49" count="109" type="stmt"/>
        <line num="54" count="109" type="stmt"/>
        <line num="59" count="109" type="stmt"/>
        <line num="62" count="109" type="cond" truecount="2" falsecount="0"/>
        <line num="63" count="75" type="stmt"/>
        <line num="65" count="75" type="stmt"/>
        <line num="68" count="75" type="stmt"/>
        <line num="69" count="75" type="stmt"/>
        <line num="70" count="75" type="stmt"/>
        <line num="71" count="75" type="stmt"/>
        <line num="75" count="109" type="stmt"/>
        <line num="76" count="109" type="cond" truecount="2" falsecount="0"/>
        <line num="77" count="72" type="stmt"/>
        <line num="78" count="72" type="stmt"/>
        <line num="84" count="109" type="stmt"/>
      </file>
      <file name="lineChart.jsx" path="/mnt/hkrdata/src/gpmt/gpmt-webapp/src/visualisations/lineChart.jsx">
        <metrics statements="23" coveredstatements="23" conditionals="4" coveredconditionals="3" methods="7" coveredmethods="7"/>
        <line num="4" count="8" type="stmt"/>
        <line num="5" count="6" type="stmt"/>
        <line num="7" count="6" type="stmt"/>
        <line num="8" count="6" type="cond" truecount="1" falsecount="1"/>
        <line num="10" count="6" type="stmt"/>
        <line num="11" count="6" type="stmt"/>
        <line num="12" count="6" type="stmt"/>
        <line num="14" count="6" type="stmt"/>
        <line num="22" count="6" type="stmt"/>
        <line num="24" count="6" type="stmt"/>
        <line num="32" count="6" type="stmt"/>
        <line num="36" count="6" type="stmt"/>
        <line num="42" count="6" type="stmt"/>
        <line num="47" count="6" type="stmt"/>
        <line num="51" count="6" type="stmt"/>
        <line num="64" count="6" type="stmt"/>
        <line num="70" count="96" type="stmt"/>
        <line num="71" count="96" type="stmt"/>
        <line num="74" count="6" type="stmt"/>
        <line num="75" count="6" type="cond" truecount="2" falsecount="0"/>
        <line num="76" count="5" type="stmt"/>
        <line num="77" count="5" type="stmt"/>
        <line num="83" count="6" type="stmt"/>
      </file>
      <file name="micturitionChart.jsx" path="/mnt/hkrdata/src/gpmt/gpmt-webapp/src/visualisations/micturitionChart.jsx">
        <metrics statements="29" coveredstatements="29" conditionals="4" coveredconditionals="4" methods="12" coveredmethods="11"/>
        <line num="4" count="8" type="stmt"/>
        <line num="5" count="109" type="stmt"/>
        <line num="7" count="109" type="stmt"/>
        <line num="11" count="109" type="stmt"/>
        <line num="12" count="109" type="stmt"/>
        <line num="13" count="109" type="stmt"/>
        <line num="14" count="109" type="stmt"/>
        <line num="16" count="109" type="stmt"/>
        <line num="25" count="109" type="stmt"/>
        <line num="27" count="109" type="stmt"/>
        <line num="35" count="109" type="stmt"/>
        <line num="43" count="109" type="stmt"/>
        <line num="49" count="109" type="stmt"/>
        <line num="50" count="85" type="stmt"/>
        <line num="51" count="109" type="stmt"/>
        <line num="54" count="109" type="stmt"/>
        <line num="59" count="109" type="stmt"/>
        <line num="64" count="109" type="stmt"/>
        <line num="68" count="109" type="cond" truecount="2" falsecount="0"/>
        <line num="69" count="85" type="stmt"/>
        <line num="74" count="85" type="stmt"/>
        <line num="75" count="85" type="stmt"/>
        <line num="76" count="85" type="stmt"/>
        <line num="77" count="85" type="stmt"/>
        <line num="82" count="109" type="stmt"/>
        <line num="83" count="109" type="cond" truecount="2" falsecount="0"/>
        <line num="84" count="72" type="stmt"/>
        <line num="85" count="72" type="stmt"/>
        <line num="91" count="109" type="stmt"/>
      </file>
      <file name="stressChart.jsx" path="/mnt/hkrdata/src/gpmt/gpmt-webapp/src/visualisations/stressChart.jsx">
        <metrics statements="28" coveredstatements="28" conditionals="4" coveredconditionals="4" methods="13" coveredmethods="13"/>
        <line num="4" count="8" type="stmt"/>
        <line num="6" count="103" type="stmt"/>
        <line num="8" count="103" type="stmt"/>
        <line num="9" count="103" type="stmt"/>
        <line num="10" count="103" type="stmt"/>
        <line num="11" count="103" type="stmt"/>
        <line num="13" count="103" type="stmt"/>
        <line num="21" count="103" type="stmt"/>
        <line num="23" count="103" type="stmt"/>
        <line num="31" count="103" type="stmt"/>
        <line num="39" count="103" type="stmt"/>
        <line num="46" count="103" type="stmt"/>
        <line num="47" count="62" type="stmt"/>
        <line num="48" count="103" type="stmt"/>
        <line num="51" count="103" type="stmt"/>
        <line num="56" count="103" type="stmt"/>
        <line num="61" count="103" type="stmt"/>
        <line num="64" count="103" type="cond" truecount="2" falsecount="0"/>
        <line num="65" count="62" type="stmt"/>
        <line num="70" count="62" type="stmt"/>
        <line num="71" count="62" type="stmt"/>
        <line num="72" count="62" type="stmt"/>
        <line num="73" count="62" type="stmt"/>
        <line num="78" count="103" type="stmt"/>
        <line num="79" count="103" type="cond" truecount="2" falsecount="0"/>
        <line num="80" count="67" type="stmt"/>
        <line num="81" count="67" type="stmt"/>
        <line num="87" count="103" type="stmt"/>
      </file>
    </package>
  </project>
</coverage>
