{"/mnt/hkrdata/src/gpmt/gpmt-webapp/src/actions.js": {"path":"/mnt/hkrdata/src/gpmt/gpmt-webapp/src/actions.js","statementMap":{"0":{"start":{"line":3,"column":26},"end":{"line":31,"column":1}},"1":{"start":{"line":12,"column":6},"end":{"line":31,"column":1}},"2":{"start":{"line":13,"column":4},"end":{"line":13,"column":20}},"3":{"start":{"line":14,"column":30},"end":{"line":23,"column":6}},"4":{"start":{"line":26,"column":4},"end":{"line":30,"column":5}},"5":{"start":{"line":27,"column":8},"end":{"line":27,"column":32}},"6":{"start":{"line":29,"column":8},"end":{"line":29,"column":43}},"7":{"start":{"line":33,"column":26},"end":{"line":53,"column":1}},"8":{"start":{"line":36,"column":5},"end":{"line":53,"column":1}},"9":{"start":{"line":37,"column":4},"end":{"line":52,"column":5}},"10":{"start":{"line":38,"column":8},"end":{"line":38,"column":18}},"11":{"start":{"line":39,"column":35},"end":{"line":42,"column":9}},"12":{"start":{"line":44,"column":8},"end":{"line":48,"column":9}},"13":{"start":{"line":45,"column":12},"end":{"line":45,"column":46}},"14":{"start":{"line":46,"column":15},"end":{"line":48,"column":9}},"15":{"start":{"line":47,"column":12},"end":{"line":47,"column":28}},"16":{"start":{"line":51,"column":8},"end":{"line":51,"column":41}},"17":{"start":{"line":55,"column":27},"end":{"line":59,"column":1}},"18":{"start":{"line":55,"column":33},"end":{"line":59,"column":1}},"19":{"start":{"line":56,"column":4},"end":{"line":58,"column":5}},"20":{"start":{"line":57,"column":8},"end":{"line":57,"column":27}},"21":{"start":{"line":61,"column":32},"end":{"line":83,"column":1}},"22":{"start":{"line":61,"column":38},"end":{"line":83,"column":1}},"23":{"start":{"line":62,"column":4},"end":{"line":82,"column":5}},"24":{"start":{"line":63,"column":8},"end":{"line":63,"column":18}},"25":{"start":{"line":64,"column":8},"end":{"line":80,"column":9}},"26":{"start":{"line":65,"column":40},"end":{"line":65,"column":63}},"27":{"start":{"line":67,"column":12},"end":{"line":69,"column":13}},"28":{"start":{"line":68,"column":16},"end":{"line":68,"column":42}},"29":{"start":{"line":71,"column":12},"end":{"line":75,"column":13}},"30":{"start":{"line":77,"column":12},"end":{"line":77,"column":35}},"31":{"start":{"line":79,"column":12},"end":{"line":79,"column":38}},"32":{"start":{"line":85,"column":28},"end":{"line":95,"column":1}},"33":{"start":{"line":85,"column":39},"end":{"line":95,"column":1}},"34":{"start":{"line":86,"column":62},"end":{"line":86,"column":90}},"35":{"start":{"line":87,"column":4},"end":{"line":87,"column":45}},"36":{"start":{"line":88,"column":4},"end":{"line":88,"column":38}},"37":{"start":{"line":89,"column":4},"end":{"line":93,"column":7}},"38":{"start":{"line":89,"column":60},"end":{"line":93,"column":5}},"39":{"start":{"line":94,"column":4},"end":{"line":94,"column":62}},"40":{"start":{"line":97,"column":22},"end":{"line":120,"column":1}},"41":{"start":{"line":98,"column":4},"end":{"line":119,"column":5}},"42":{"start":{"line":99,"column":8},"end":{"line":118,"column":9}},"43":{"start":{"line":100,"column":12},"end":{"line":100,"column":95}},"44":{"start":{"line":101,"column":15},"end":{"line":118,"column":9}},"45":{"start":{"line":102,"column":12},"end":{"line":117,"column":13}},"46":{"start":{"line":104,"column":20},"end":{"line":104,"column":114}},"47":{"start":{"line":105,"column":20},"end":{"line":105,"column":25}},"48":{"start":{"line":107,"column":20},"end":{"line":107,"column":122}},"49":{"start":{"line":108,"column":20},"end":{"line":108,"column":25}},"50":{"start":{"line":110,"column":20},"end":{"line":110,"column":125}},"51":{"start":{"line":111,"column":20},"end":{"line":111,"column":25}},"52":{"start":{"line":113,"column":20},"end":{"line":115,"column":27}},"53":{"start":{"line":114,"column":24},"end":{"line":114,"column":47}},"54":{"start":{"line":116,"column":20},"end":{"line":116,"column":25}},"55":{"start":{"line":126,"column":26},"end":{"line":133,"column":2}},"56":{"start":{"line":126,"column":56},"end":{"line":133,"column":1}},"57":{"start":{"line":135,"column":30},"end":{"line":142,"column":2}},"58":{"start":{"line":135,"column":57},"end":{"line":142,"column":1}},"59":{"start":{"line":144,"column":25},"end":{"line":152,"column":2}},"60":{"start":{"line":144,"column":59},"end":{"line":152,"column":1}},"61":{"start":{"line":154,"column":27},"end":{"line":162,"column":2}},"62":{"start":{"line":154,"column":62},"end":{"line":162,"column":1}},"63":{"start":{"line":164,"column":24},"end":{"line":172,"column":2}},"64":{"start":{"line":164,"column":55},"end":{"line":172,"column":1}},"65":{"start":{"line":178,"column":27},"end":{"line":183,"column":2}},"66":{"start":{"line":178,"column":40},"end":{"line":183,"column":1}},"67":{"start":{"line":185,"column":30},"end":{"line":190,"column":2}},"68":{"start":{"line":185,"column":42},"end":{"line":190,"column":1}},"69":{"start":{"line":192,"column":27},"end":{"line":197,"column":2}},"70":{"start":{"line":192,"column":39},"end":{"line":197,"column":1}},"71":{"start":{"line":199,"column":41},"end":{"line":204,"column":2}},"72":{"start":{"line":199,"column":59},"end":{"line":204,"column":1}},"73":{"start":{"line":206,"column":23},"end":{"line":211,"column":2}},"74":{"start":{"line":206,"column":34},"end":{"line":211,"column":1}},"75":{"start":{"line":213,"column":25},"end":{"line":218,"column":2}},"76":{"start":{"line":213,"column":38},"end":{"line":218,"column":1}},"77":{"start":{"line":220,"column":25},"end":{"line":225,"column":2}},"78":{"start":{"line":220,"column":39},"end":{"line":225,"column":1}},"79":{"start":{"line":227,"column":31},"end":{"line":232,"column":2}},"80":{"start":{"line":227,"column":43},"end":{"line":232,"column":1}},"81":{"start":{"line":238,"column":28},"end":{"line":249,"column":1}},"82":{"start":{"line":238,"column":43},"end":{"line":249,"column":1}},"83":{"start":{"line":239,"column":4},"end":{"line":248,"column":5}},"84":{"start":{"line":240,"column":8},"end":{"line":240,"column":39}},"85":{"start":{"line":241,"column":36},"end":{"line":241,"column":68}},"86":{"start":{"line":242,"column":8},"end":{"line":245,"column":11}},"87":{"start":{"line":242,"column":38},"end":{"line":245,"column":9}},"88":{"start":{"line":246,"column":8},"end":{"line":246,"column":40}},"89":{"start":{"line":247,"column":8},"end":{"line":247,"column":39}},"90":{"start":{"line":251,"column":31},"end":{"line":263,"column":1}},"91":{"start":{"line":251,"column":44},"end":{"line":263,"column":1}},"92":{"start":{"line":252,"column":4},"end":{"line":262,"column":5}},"93":{"start":{"line":253,"column":8},"end":{"line":253,"column":42}},"94":{"start":{"line":254,"column":35},"end":{"line":254,"column":70}},"95":{"start":{"line":255,"column":8},"end":{"line":259,"column":11}},"96":{"start":{"line":255,"column":36},"end":{"line":259,"column":9}},"97":{"start":{"line":260,"column":8},"end":{"line":260,"column":41}},"98":{"start":{"line":261,"column":8},"end":{"line":261,"column":43}},"99":{"start":{"line":265,"column":42},"end":{"line":277,"column":1}},"100":{"start":{"line":265,"column":55},"end":{"line":277,"column":1}},"101":{"start":{"line":266,"column":4},"end":{"line":276,"column":5}},"102":{"start":{"line":267,"column":8},"end":{"line":267,"column":52}},"103":{"start":{"line":268,"column":39},"end":{"line":268,"column":84}},"104":{"start":{"line":269,"column":8},"end":{"line":273,"column":11}},"105":{"start":{"line":269,"column":44},"end":{"line":273,"column":9}},"106":{"start":{"line":274,"column":8},"end":{"line":274,"column":53}},"107":{"start":{"line":275,"column":8},"end":{"line":275,"column":56}},"108":{"start":{"line":279,"column":28},"end":{"line":291,"column":1}},"109":{"start":{"line":279,"column":41},"end":{"line":291,"column":1}},"110":{"start":{"line":280,"column":4},"end":{"line":290,"column":5}},"111":{"start":{"line":281,"column":8},"end":{"line":281,"column":39}},"112":{"start":{"line":282,"column":35},"end":{"line":282,"column":67}},"113":{"start":{"line":283,"column":8},"end":{"line":287,"column":11}},"114":{"start":{"line":283,"column":36},"end":{"line":287,"column":9}},"115":{"start":{"line":288,"column":8},"end":{"line":288,"column":38}},"116":{"start":{"line":289,"column":8},"end":{"line":289,"column":40}},"117":{"start":{"line":293,"column":26},"end":{"line":306,"column":1}},"118":{"start":{"line":293,"column":39},"end":{"line":306,"column":1}},"119":{"start":{"line":294,"column":4},"end":{"line":305,"column":5}},"120":{"start":{"line":295,"column":8},"end":{"line":295,"column":37}},"121":{"start":{"line":296,"column":35},"end":{"line":296,"column":65}},"122":{"start":{"line":297,"column":8},"end":{"line":302,"column":11}},"123":{"start":{"line":297,"column":36},"end":{"line":302,"column":9}},"124":{"start":{"line":303,"column":8},"end":{"line":303,"column":36}},"125":{"start":{"line":304,"column":8},"end":{"line":304,"column":38}},"126":{"start":{"line":308,"column":26},"end":{"line":323,"column":1}},"127":{"start":{"line":308,"column":41},"end":{"line":323,"column":1}},"128":{"start":{"line":309,"column":4},"end":{"line":322,"column":5}},"129":{"start":{"line":310,"column":8},"end":{"line":310,"column":37}},"130":{"start":{"line":311,"column":37},"end":{"line":311,"column":67}},"131":{"start":{"line":313,"column":8},"end":{"line":320,"column":9}},"132":{"start":{"line":314,"column":12},"end":{"line":318,"column":13}},"133":{"start":{"line":314,"column":24},"end":{"line":314,"column":25}},"134":{"start":{"line":315,"column":16},"end":{"line":315,"column":91}},"135":{"start":{"line":316,"column":16},"end":{"line":316,"column":57}},"136":{"start":{"line":317,"column":16},"end":{"line":317,"column":67}},"137":{"start":{"line":319,"column":12},"end":{"line":319,"column":39}},"138":{"start":{"line":321,"column":8},"end":{"line":321,"column":38}},"139":{"start":{"line":329,"column":30},"end":{"line":338,"column":1}},"140":{"start":{"line":329,"column":35},"end":{"line":338,"column":1}},"141":{"start":{"line":330,"column":25},"end":{"line":330,"column":52}},"142":{"start":{"line":332,"column":4},"end":{"line":337,"column":5}},"143":{"start":{"line":333,"column":8},"end":{"line":336,"column":10}},"144":{"start":{"line":340,"column":33},"end":{"line":347,"column":1}},"145":{"start":{"line":340,"column":38},"end":{"line":347,"column":1}},"146":{"start":{"line":341,"column":25},"end":{"line":341,"column":55}},"147":{"start":{"line":343,"column":4},"end":{"line":346,"column":6}},"148":{"start":{"line":349,"column":28},"end":{"line":356,"column":1}},"149":{"start":{"line":349,"column":33},"end":{"line":356,"column":1}},"150":{"start":{"line":350,"column":26},"end":{"line":350,"column":51}},"151":{"start":{"line":352,"column":4},"end":{"line":355,"column":6}},"152":{"start":{"line":358,"column":26},"end":{"line":365,"column":1}},"153":{"start":{"line":358,"column":31},"end":{"line":365,"column":1}},"154":{"start":{"line":359,"column":27},"end":{"line":359,"column":50}},"155":{"start":{"line":361,"column":4},"end":{"line":364,"column":6}},"156":{"start":{"line":371,"column":30},"end":{"line":380,"column":1}},"157":{"start":{"line":371,"column":39},"end":{"line":380,"column":1}},"158":{"start":{"line":372,"column":4},"end":{"line":372,"column":33}},"159":{"start":{"line":374,"column":4},"end":{"line":379,"column":6}},"160":{"start":{"line":382,"column":33},"end":{"line":391,"column":1}},"161":{"start":{"line":382,"column":42},"end":{"line":391,"column":1}},"162":{"start":{"line":383,"column":4},"end":{"line":383,"column":36}},"163":{"start":{"line":385,"column":4},"end":{"line":390,"column":6}},"164":{"start":{"line":393,"column":28},"end":{"line":402,"column":1}},"165":{"start":{"line":393,"column":38},"end":{"line":402,"column":1}},"166":{"start":{"line":394,"column":4},"end":{"line":394,"column":31}},"167":{"start":{"line":396,"column":4},"end":{"line":401,"column":6}}},"fnMap":{"0":{"name":"(anonymous_0)","decl":{"start":{"line":3,"column":26},"end":{"line":3,"column":27}},"loc":{"start":{"line":12,"column":6},"end":{"line":31,"column":1}},"line":12},"1":{"name":"(anonymous_1)","decl":{"start":{"line":12,"column":6},"end":{"line":12,"column":7}},"loc":{"start":{"line":12,"column":45},"end":{"line":31,"column":1}},"line":12},"2":{"name":"(anonymous_2)","decl":{"start":{"line":33,"column":26},"end":{"line":33,"column":27}},"loc":{"start":{"line":36,"column":5},"end":{"line":53,"column":1}},"line":36},"3":{"name":"(anonymous_3)","decl":{"start":{"line":36,"column":5},"end":{"line":36,"column":6}},"loc":{"start":{"line":36,"column":44},"end":{"line":53,"column":1}},"line":36},"4":{"name":"(anonymous_4)","decl":{"start":{"line":55,"column":27},"end":{"line":55,"column":28}},"loc":{"start":{"line":55,"column":33},"end":{"line":59,"column":1}},"line":55},"5":{"name":"(anonymous_5)","decl":{"start":{"line":55,"column":33},"end":{"line":55,"column":34}},"loc":{"start":{"line":55,"column":66},"end":{"line":59,"column":1}},"line":55},"6":{"name":"(anonymous_6)","decl":{"start":{"line":61,"column":32},"end":{"line":61,"column":33}},"loc":{"start":{"line":61,"column":38},"end":{"line":83,"column":1}},"line":61},"7":{"name":"(anonymous_7)","decl":{"start":{"line":61,"column":38},"end":{"line":61,"column":39}},"loc":{"start":{"line":61,"column":77},"end":{"line":83,"column":1}},"line":61},"8":{"name":"(anonymous_8)","decl":{"start":{"line":85,"column":28},"end":{"line":85,"column":29}},"loc":{"start":{"line":85,"column":39},"end":{"line":95,"column":1}},"line":85},"9":{"name":"(anonymous_9)","decl":{"start":{"line":85,"column":39},"end":{"line":85,"column":40}},"loc":{"start":{"line":85,"column":78},"end":{"line":95,"column":1}},"line":85},"10":{"name":"(anonymous_10)","decl":{"start":{"line":89,"column":54},"end":{"line":89,"column":55}},"loc":{"start":{"line":89,"column":60},"end":{"line":93,"column":5}},"line":89},"11":{"name":"(anonymous_11)","decl":{"start":{"line":97,"column":22},"end":{"line":97,"column":23}},"loc":{"start":{"line":97,"column":54},"end":{"line":120,"column":1}},"line":97},"12":{"name":"(anonymous_12)","decl":{"start":{"line":113,"column":31},"end":{"line":113,"column":32}},"loc":{"start":{"line":113,"column":37},"end":{"line":115,"column":21}},"line":113},"13":{"name":"(anonymous_13)","decl":{"start":{"line":126,"column":26},"end":{"line":126,"column":27}},"loc":{"start":{"line":126,"column":56},"end":{"line":133,"column":1}},"line":126},"14":{"name":"(anonymous_14)","decl":{"start":{"line":135,"column":30},"end":{"line":135,"column":31}},"loc":{"start":{"line":135,"column":57},"end":{"line":142,"column":1}},"line":135},"15":{"name":"(anonymous_15)","decl":{"start":{"line":144,"column":25},"end":{"line":144,"column":26}},"loc":{"start":{"line":144,"column":59},"end":{"line":152,"column":1}},"line":144},"16":{"name":"(anonymous_16)","decl":{"start":{"line":154,"column":27},"end":{"line":154,"column":28}},"loc":{"start":{"line":154,"column":62},"end":{"line":162,"column":1}},"line":154},"17":{"name":"(anonymous_17)","decl":{"start":{"line":164,"column":24},"end":{"line":164,"column":25}},"loc":{"start":{"line":164,"column":55},"end":{"line":172,"column":1}},"line":164},"18":{"name":"(anonymous_18)","decl":{"start":{"line":178,"column":27},"end":{"line":178,"column":28}},"loc":{"start":{"line":178,"column":40},"end":{"line":183,"column":1}},"line":178},"19":{"name":"(anonymous_19)","decl":{"start":{"line":185,"column":30},"end":{"line":185,"column":31}},"loc":{"start":{"line":185,"column":42},"end":{"line":190,"column":1}},"line":185},"20":{"name":"(anonymous_20)","decl":{"start":{"line":192,"column":27},"end":{"line":192,"column":28}},"loc":{"start":{"line":192,"column":39},"end":{"line":197,"column":1}},"line":192},"21":{"name":"(anonymous_21)","decl":{"start":{"line":199,"column":41},"end":{"line":199,"column":42}},"loc":{"start":{"line":199,"column":59},"end":{"line":204,"column":1}},"line":199},"22":{"name":"(anonymous_22)","decl":{"start":{"line":206,"column":23},"end":{"line":206,"column":24}},"loc":{"start":{"line":206,"column":34},"end":{"line":211,"column":1}},"line":206},"23":{"name":"(anonymous_23)","decl":{"start":{"line":213,"column":25},"end":{"line":213,"column":26}},"loc":{"start":{"line":213,"column":38},"end":{"line":218,"column":1}},"line":213},"24":{"name":"(anonymous_24)","decl":{"start":{"line":220,"column":25},"end":{"line":220,"column":26}},"loc":{"start":{"line":220,"column":39},"end":{"line":225,"column":1}},"line":220},"25":{"name":"(anonymous_25)","decl":{"start":{"line":227,"column":31},"end":{"line":227,"column":32}},"loc":{"start":{"line":227,"column":43},"end":{"line":232,"column":1}},"line":227},"26":{"name":"(anonymous_26)","decl":{"start":{"line":238,"column":28},"end":{"line":238,"column":29}},"loc":{"start":{"line":238,"column":43},"end":{"line":249,"column":1}},"line":238},"27":{"name":"(anonymous_27)","decl":{"start":{"line":238,"column":43},"end":{"line":238,"column":44}},"loc":{"start":{"line":238,"column":82},"end":{"line":249,"column":1}},"line":238},"28":{"name":"(anonymous_28)","decl":{"start":{"line":242,"column":32},"end":{"line":242,"column":33}},"loc":{"start":{"line":242,"column":38},"end":{"line":245,"column":9}},"line":242},"29":{"name":"(anonymous_29)","decl":{"start":{"line":251,"column":31},"end":{"line":251,"column":32}},"loc":{"start":{"line":251,"column":44},"end":{"line":263,"column":1}},"line":251},"30":{"name":"(anonymous_30)","decl":{"start":{"line":251,"column":44},"end":{"line":251,"column":45}},"loc":{"start":{"line":251,"column":83},"end":{"line":263,"column":1}},"line":251},"31":{"name":"(anonymous_31)","decl":{"start":{"line":255,"column":30},"end":{"line":255,"column":31}},"loc":{"start":{"line":255,"column":36},"end":{"line":259,"column":9}},"line":255},"32":{"name":"(anonymous_32)","decl":{"start":{"line":265,"column":42},"end":{"line":265,"column":43}},"loc":{"start":{"line":265,"column":55},"end":{"line":277,"column":1}},"line":265},"33":{"name":"(anonymous_33)","decl":{"start":{"line":265,"column":55},"end":{"line":265,"column":56}},"loc":{"start":{"line":265,"column":94},"end":{"line":277,"column":1}},"line":265},"34":{"name":"(anonymous_34)","decl":{"start":{"line":269,"column":38},"end":{"line":269,"column":39}},"loc":{"start":{"line":269,"column":44},"end":{"line":273,"column":9}},"line":269},"35":{"name":"(anonymous_35)","decl":{"start":{"line":279,"column":28},"end":{"line":279,"column":29}},"loc":{"start":{"line":279,"column":41},"end":{"line":291,"column":1}},"line":279},"36":{"name":"(anonymous_36)","decl":{"start":{"line":279,"column":41},"end":{"line":279,"column":42}},"loc":{"start":{"line":279,"column":80},"end":{"line":291,"column":1}},"line":279},"37":{"name":"(anonymous_37)","decl":{"start":{"line":283,"column":30},"end":{"line":283,"column":31}},"loc":{"start":{"line":283,"column":36},"end":{"line":287,"column":9}},"line":283},"38":{"name":"(anonymous_38)","decl":{"start":{"line":293,"column":26},"end":{"line":293,"column":27}},"loc":{"start":{"line":293,"column":39},"end":{"line":306,"column":1}},"line":293},"39":{"name":"(anonymous_39)","decl":{"start":{"line":293,"column":39},"end":{"line":293,"column":40}},"loc":{"start":{"line":293,"column":78},"end":{"line":306,"column":1}},"line":293},"40":{"name":"(anonymous_40)","decl":{"start":{"line":297,"column":30},"end":{"line":297,"column":31}},"loc":{"start":{"line":297,"column":36},"end":{"line":302,"column":9}},"line":297},"41":{"name":"(anonymous_41)","decl":{"start":{"line":308,"column":26},"end":{"line":308,"column":27}},"loc":{"start":{"line":308,"column":41},"end":{"line":323,"column":1}},"line":308},"42":{"name":"(anonymous_42)","decl":{"start":{"line":308,"column":41},"end":{"line":308,"column":42}},"loc":{"start":{"line":308,"column":80},"end":{"line":323,"column":1}},"line":308},"43":{"name":"(anonymous_43)","decl":{"start":{"line":329,"column":30},"end":{"line":329,"column":31}},"loc":{"start":{"line":329,"column":35},"end":{"line":338,"column":1}},"line":329},"44":{"name":"(anonymous_44)","decl":{"start":{"line":329,"column":35},"end":{"line":329,"column":36}},"loc":{"start":{"line":329,"column":74},"end":{"line":338,"column":1}},"line":329},"45":{"name":"(anonymous_45)","decl":{"start":{"line":340,"column":33},"end":{"line":340,"column":34}},"loc":{"start":{"line":340,"column":38},"end":{"line":347,"column":1}},"line":340},"46":{"name":"(anonymous_46)","decl":{"start":{"line":340,"column":38},"end":{"line":340,"column":39}},"loc":{"start":{"line":340,"column":77},"end":{"line":347,"column":1}},"line":340},"47":{"name":"(anonymous_47)","decl":{"start":{"line":349,"column":28},"end":{"line":349,"column":29}},"loc":{"start":{"line":349,"column":33},"end":{"line":356,"column":1}},"line":349},"48":{"name":"(anonymous_48)","decl":{"start":{"line":349,"column":33},"end":{"line":349,"column":34}},"loc":{"start":{"line":349,"column":72},"end":{"line":356,"column":1}},"line":349},"49":{"name":"(anonymous_49)","decl":{"start":{"line":358,"column":26},"end":{"line":358,"column":27}},"loc":{"start":{"line":358,"column":31},"end":{"line":365,"column":1}},"line":358},"50":{"name":"(anonymous_50)","decl":{"start":{"line":358,"column":31},"end":{"line":358,"column":32}},"loc":{"start":{"line":358,"column":70},"end":{"line":365,"column":1}},"line":358},"51":{"name":"(anonymous_51)","decl":{"start":{"line":371,"column":30},"end":{"line":371,"column":31}},"loc":{"start":{"line":371,"column":39},"end":{"line":380,"column":1}},"line":371},"52":{"name":"(anonymous_52)","decl":{"start":{"line":371,"column":39},"end":{"line":371,"column":40}},"loc":{"start":{"line":371,"column":78},"end":{"line":380,"column":1}},"line":371},"53":{"name":"(anonymous_53)","decl":{"start":{"line":382,"column":33},"end":{"line":382,"column":34}},"loc":{"start":{"line":382,"column":42},"end":{"line":391,"column":1}},"line":382},"54":{"name":"(anonymous_54)","decl":{"start":{"line":382,"column":42},"end":{"line":382,"column":43}},"loc":{"start":{"line":382,"column":81},"end":{"line":391,"column":1}},"line":382},"55":{"name":"(anonymous_55)","decl":{"start":{"line":393,"column":28},"end":{"line":393,"column":29}},"loc":{"start":{"line":393,"column":38},"end":{"line":402,"column":1}},"line":393},"56":{"name":"(anonymous_56)","decl":{"start":{"line":393,"column":38},"end":{"line":393,"column":39}},"loc":{"start":{"line":393,"column":77},"end":{"line":402,"column":1}},"line":393}},"branchMap":{"0":{"loc":{"start":{"line":26,"column":4},"end":{"line":30,"column":5}},"type":"if","locations":[{"start":{"line":26,"column":4},"end":{"line":30,"column":5}},{"start":{"line":26,"column":4},"end":{"line":30,"column":5}}],"line":26},"1":{"loc":{"start":{"line":44,"column":8},"end":{"line":48,"column":9}},"type":"if","locations":[{"start":{"line":44,"column":8},"end":{"line":48,"column":9}},{"start":{"line":44,"column":8},"end":{"line":48,"column":9}}],"line":44},"2":{"loc":{"start":{"line":46,"column":15},"end":{"line":48,"column":9}},"type":"if","locations":[{"start":{"line":46,"column":15},"end":{"line":48,"column":9}},{"start":{"line":46,"column":15},"end":{"line":48,"column":9}}],"line":46},"3":{"loc":{"start":{"line":56,"column":4},"end":{"line":58,"column":5}},"type":"if","locations":[{"start":{"line":56,"column":4},"end":{"line":58,"column":5}},{"start":{"line":56,"column":4},"end":{"line":58,"column":5}}],"line":56},"4":{"loc":{"start":{"line":62,"column":4},"end":{"line":82,"column":5}},"type":"if","locations":[{"start":{"line":62,"column":4},"end":{"line":82,"column":5}},{"start":{"line":62,"column":4},"end":{"line":82,"column":5}}],"line":62},"5":{"loc":{"start":{"line":67,"column":12},"end":{"line":69,"column":13}},"type":"if","locations":[{"start":{"line":67,"column":12},"end":{"line":69,"column":13}},{"start":{"line":67,"column":12},"end":{"line":69,"column":13}}],"line":67},"6":{"loc":{"start":{"line":99,"column":8},"end":{"line":118,"column":9}},"type":"if","locations":[{"start":{"line":99,"column":8},"end":{"line":118,"column":9}},{"start":{"line":99,"column":8},"end":{"line":118,"column":9}}],"line":99},"7":{"loc":{"start":{"line":101,"column":15},"end":{"line":118,"column":9}},"type":"if","locations":[{"start":{"line":101,"column":15},"end":{"line":118,"column":9}},{"start":{"line":101,"column":15},"end":{"line":118,"column":9}}],"line":101},"8":{"loc":{"start":{"line":102,"column":12},"end":{"line":117,"column":13}},"type":"switch","locations":[{"start":{"line":103,"column":16},"end":{"line":105,"column":25}},{"start":{"line":106,"column":16},"end":{"line":108,"column":25}},{"start":{"line":109,"column":16},"end":{"line":111,"column":25}},{"start":{"line":112,"column":16},"end":{"line":116,"column":25}}],"line":102},"9":{"loc":{"start":{"line":239,"column":4},"end":{"line":248,"column":5}},"type":"if","locations":[{"start":{"line":239,"column":4},"end":{"line":248,"column":5}},{"start":{"line":239,"column":4},"end":{"line":248,"column":5}}],"line":239},"10":{"loc":{"start":{"line":252,"column":4},"end":{"line":262,"column":5}},"type":"if","locations":[{"start":{"line":252,"column":4},"end":{"line":262,"column":5}},{"start":{"line":252,"column":4},"end":{"line":262,"column":5}}],"line":252},"11":{"loc":{"start":{"line":266,"column":4},"end":{"line":276,"column":5}},"type":"if","locations":[{"start":{"line":266,"column":4},"end":{"line":276,"column":5}},{"start":{"line":266,"column":4},"end":{"line":276,"column":5}}],"line":266},"12":{"loc":{"start":{"line":280,"column":4},"end":{"line":290,"column":5}},"type":"if","locations":[{"start":{"line":280,"column":4},"end":{"line":290,"column":5}},{"start":{"line":280,"column":4},"end":{"line":290,"column":5}}],"line":280},"13":{"loc":{"start":{"line":294,"column":4},"end":{"line":305,"column":5}},"type":"if","locations":[{"start":{"line":294,"column":4},"end":{"line":305,"column":5}},{"start":{"line":294,"column":4},"end":{"line":305,"column":5}}],"line":294},"14":{"loc":{"start":{"line":309,"column":4},"end":{"line":322,"column":5}},"type":"if","locations":[{"start":{"line":309,"column":4},"end":{"line":322,"column":5}},{"start":{"line":309,"column":4},"end":{"line":322,"column":5}}],"line":309},"15":{"loc":{"start":{"line":309,"column":7},"end":{"line":309,"column":63}},"type":"binary-expr","locations":[{"start":{"line":309,"column":7},"end":{"line":309,"column":36}},{"start":{"line":309,"column":40},"end":{"line":309,"column":63}}],"line":309},"16":{"loc":{"start":{"line":313,"column":8},"end":{"line":320,"column":9}},"type":"if","locations":[{"start":{"line":313,"column":8},"end":{"line":320,"column":9}},{"start":{"line":313,"column":8},"end":{"line":320,"column":9}}],"line":313},"17":{"loc":{"start":{"line":332,"column":4},"end":{"line":337,"column":5}},"type":"if","locations":[{"start":{"line":332,"column":4},"end":{"line":337,"column":5}},{"start":{"line":332,"column":4},"end":{"line":337,"column":5}}],"line":332}},"s":{"0":13,"1":0,"2":0,"3":0,"4":0,"5":0,"6":0,"7":13,"8":2,"9":2,"10":2,"11":2,"12":1,"13":0,"14":1,"15":1,"16":1,"17":13,"18":1,"19":1,"20":1,"21":13,"22":9,"23":9,"24":9,"25":9,"26":9,"27":7,"28":0,"29":7,"30":7,"31":1,"32":13,"33":1,"34":1,"35":1,"36":1,"37":1,"38":24,"39":1,"40":13,"41":1,"42":1,"43":1,"44":0,"45":0,"46":0,"47":0,"48":0,"49":0,"50":0,"51":0,"52":0,"53":0,"54":0,"55":13,"56":1,"57":13,"58":0,"59":13,"60":0,"61":13,"62":0,"63":13,"64":0,"65":13,"66":9,"67":13,"68":9,"69":13,"70":9,"71":13,"72":15,"73":13,"74":7,"75":13,"76":3,"77":13,"78":9,"79":13,"80":1,"81":13,"82":19,"83":19,"84":10,"85":10,"86":9,"87":18,"88":9,"89":9,"90":13,"91":29,"92":29,"93":9,"94":9,"95":9,"96":9,"97":9,"98":9,"99":13,"100":49,"101":49,"102":15,"103":15,"104":14,"105":336,"106":14,"107":14,"108":13,"109":43,"110":43,"111":9,"112":9,"113":9,"114":9,"115":9,"116":9,"117":13,"118":60,"119":60,"120":9,"121":9,"122":9,"123":9,"124":9,"125":9,"126":13,"127":13,"128":13,"129":3,"130":3,"131":3,"132":3,"133":3,"134":0,"135":0,"136":0,"137":3,"138":3,"139":13,"140":3,"141":3,"142":3,"143":3,"144":13,"145":2,"146":2,"147":2,"148":13,"149":3,"150":3,"151":3,"152":13,"153":2,"154":2,"155":2,"156":13,"157":1,"158":1,"159":1,"160":13,"161":1,"162":1,"163":1,"164":13,"165":1,"166":1,"167":1},"f":{"0":0,"1":0,"2":2,"3":2,"4":1,"5":1,"6":9,"7":9,"8":1,"9":1,"10":24,"11":1,"12":0,"13":1,"14":0,"15":0,"16":0,"17":0,"18":9,"19":9,"20":9,"21":15,"22":7,"23":3,"24":9,"25":1,"26":19,"27":19,"28":18,"29":29,"30":29,"31":9,"32":49,"33":49,"34":336,"35":43,"36":43,"37":9,"38":60,"39":60,"40":9,"41":13,"42":13,"43":3,"44":3,"45":2,"46":2,"47":3,"48":3,"49":2,"50":2,"51":1,"52":1,"53":1,"54":1,"55":1,"56":1},"b":{"0":[0,0],"1":[0,1],"2":[1,0],"3":[1,0],"4":[9,0],"5":[0,7],"6":[1,0],"7":[0,0],"8":[0,0,0,0],"9":[10,9],"10":[9,20],"11":[15,34],"12":[9,34],"13":[9,51],"14":[3,10],"15":[13,13],"16":[3,0],"17":[3,0]},"_coverageSchema":"1a1c01bbd47fc00a2c39e90264f33305004495a9","hash":"b0b04e060fdfd7690fd2405c5783ac2b2e96a3f8"}
,"/mnt/hkrdata/src/gpmt/gpmt-webapp/src/hooks.js": {"path":"/mnt/hkrdata/src/gpmt/gpmt-webapp/src/hooks.js","statementMap":{"0":{"start":{"line":7,"column":19},"end":{"line":7,"column":32}},"1":{"start":{"line":8,"column":19},"end":{"line":8,"column":47}},"2":{"start":{"line":8,"column":36},"end":{"line":8,"column":46}},"3":{"start":{"line":10,"column":4},"end":{"line":14,"column":6}},"4":{"start":{"line":11,"column":8},"end":{"line":13,"column":9}},"5":{"start":{"line":12,"column":12},"end":{"line":12,"column":45}},"6":{"start":{"line":16,"column":4},"end":{"line":16,"column":25}},"7":{"start":{"line":20,"column":19},"end":{"line":20,"column":32}},"8":{"start":{"line":21,"column":19},"end":{"line":21,"column":47}},"9":{"start":{"line":21,"column":36},"end":{"line":21,"column":46}},"10":{"start":{"line":23,"column":4},"end":{"line":27,"column":6}},"11":{"start":{"line":24,"column":8},"end":{"line":26,"column":9}},"12":{"start":{"line":25,"column":12},"end":{"line":25,"column":45}},"13":{"start":{"line":29,"column":4},"end":{"line":29,"column":25}},"14":{"start":{"line":33,"column":19},"end":{"line":33,"column":32}},"15":{"start":{"line":34,"column":22},"end":{"line":34,"column":53}},"16":{"start":{"line":34,"column":39},"end":{"line":34,"column":52}},"17":{"start":{"line":36,"column":4},"end":{"line":40,"column":6}},"18":{"start":{"line":37,"column":8},"end":{"line":39,"column":9}},"19":{"start":{"line":38,"column":12},"end":{"line":38,"column":48}},"20":{"start":{"line":42,"column":4},"end":{"line":42,"column":28}},"21":{"start":{"line":46,"column":19},"end":{"line":46,"column":32}},"22":{"start":{"line":47,"column":22},"end":{"line":47,"column":64}},"23":{"start":{"line":47,"column":39},"end":{"line":47,"column":63}},"24":{"start":{"line":49,"column":4},"end":{"line":53,"column":6}},"25":{"start":{"line":50,"column":8},"end":{"line":52,"column":9}},"26":{"start":{"line":51,"column":12},"end":{"line":51,"column":59}},"27":{"start":{"line":55,"column":4},"end":{"line":55,"column":28}},"28":{"start":{"line":59,"column":19},"end":{"line":59,"column":32}},"29":{"start":{"line":60,"column":17},"end":{"line":60,"column":43}},"30":{"start":{"line":60,"column":34},"end":{"line":60,"column":42}},"31":{"start":{"line":62,"column":4},"end":{"line":66,"column":6}},"32":{"start":{"line":63,"column":8},"end":{"line":65,"column":9}},"33":{"start":{"line":64,"column":12},"end":{"line":64,"column":43}},"34":{"start":{"line":68,"column":4},"end":{"line":68,"column":23}},"35":{"start":{"line":72,"column":19},"end":{"line":72,"column":32}},"36":{"start":{"line":73,"column":17},"end":{"line":73,"column":43}},"37":{"start":{"line":73,"column":34},"end":{"line":73,"column":42}},"38":{"start":{"line":75,"column":4},"end":{"line":79,"column":6}},"39":{"start":{"line":76,"column":8},"end":{"line":78,"column":9}},"40":{"start":{"line":77,"column":12},"end":{"line":77,"column":43}},"41":{"start":{"line":81,"column":4},"end":{"line":81,"column":23}},"42":{"start":{"line":85,"column":19},"end":{"line":85,"column":32}},"43":{"start":{"line":86,"column":15},"end":{"line":86,"column":39}},"44":{"start":{"line":86,"column":32},"end":{"line":86,"column":38}},"45":{"start":{"line":88,"column":4},"end":{"line":92,"column":6}},"46":{"start":{"line":89,"column":8},"end":{"line":91,"column":9}},"47":{"start":{"line":90,"column":12},"end":{"line":90,"column":40}},"48":{"start":{"line":94,"column":4},"end":{"line":94,"column":15}},"49":{"start":{"line":98,"column":18},"end":{"line":98,"column":56}},"50":{"start":{"line":98,"column":35},"end":{"line":98,"column":55}},"51":{"start":{"line":99,"column":4},"end":{"line":99,"column":24}},"52":{"start":{"line":103,"column":4},"end":{"line":128,"column":5}},"53":{"start":{"line":104,"column":32},"end":{"line":104,"column":83}},"54":{"start":{"line":106,"column":8},"end":{"line":110,"column":9}},"55":{"start":{"line":107,"column":12},"end":{"line":109,"column":13}},"56":{"start":{"line":113,"column":26},"end":{"line":113,"column":49}},"57":{"start":{"line":114,"column":8},"end":{"line":116,"column":9}},"58":{"start":{"line":115,"column":12},"end":{"line":115,"column":52}},"59":{"start":{"line":118,"column":8},"end":{"line":120,"column":9}},"60":{"start":{"line":119,"column":12},"end":{"line":119,"column":31}},"61":{"start":{"line":122,"column":8},"end":{"line":127,"column":9}},"62":{"start":{"line":125,"column":16},"end":{"line":125,"column":35}},"63":{"start":{"line":130,"column":4},"end":{"line":132,"column":5}}},"fnMap":{"0":{"name":"useDrinking","decl":{"start":{"line":6,"column":16},"end":{"line":6,"column":27}},"loc":{"start":{"line":6,"column":39},"end":{"line":17,"column":1}},"line":6},"1":{"name":"(anonymous_1)","decl":{"start":{"line":8,"column":31},"end":{"line":8,"column":32}},"loc":{"start":{"line":8,"column":36},"end":{"line":8,"column":46}},"line":8},"2":{"name":"(anonymous_2)","decl":{"start":{"line":10,"column":14},"end":{"line":10,"column":15}},"loc":{"start":{"line":10,"column":20},"end":{"line":14,"column":5}},"line":10},"3":{"name":"useMessages","decl":{"start":{"line":19,"column":16},"end":{"line":19,"column":27}},"loc":{"start":{"line":19,"column":39},"end":{"line":30,"column":1}},"line":19},"4":{"name":"(anonymous_4)","decl":{"start":{"line":21,"column":31},"end":{"line":21,"column":32}},"loc":{"start":{"line":21,"column":36},"end":{"line":21,"column":46}},"line":21},"5":{"name":"(anonymous_5)","decl":{"start":{"line":23,"column":14},"end":{"line":23,"column":15}},"loc":{"start":{"line":23,"column":20},"end":{"line":27,"column":5}},"line":23},"6":{"name":"useMicturition","decl":{"start":{"line":32,"column":16},"end":{"line":32,"column":30}},"loc":{"start":{"line":32,"column":42},"end":{"line":43,"column":1}},"line":32},"7":{"name":"(anonymous_7)","decl":{"start":{"line":34,"column":34},"end":{"line":34,"column":35}},"loc":{"start":{"line":34,"column":39},"end":{"line":34,"column":52}},"line":34},"8":{"name":"(anonymous_8)","decl":{"start":{"line":36,"column":14},"end":{"line":36,"column":15}},"loc":{"start":{"line":36,"column":20},"end":{"line":40,"column":5}},"line":36},"9":{"name":"useMicturitionPredictions","decl":{"start":{"line":45,"column":16},"end":{"line":45,"column":41}},"loc":{"start":{"line":45,"column":53},"end":{"line":56,"column":1}},"line":45},"10":{"name":"(anonymous_10)","decl":{"start":{"line":47,"column":34},"end":{"line":47,"column":35}},"loc":{"start":{"line":47,"column":39},"end":{"line":47,"column":63}},"line":47},"11":{"name":"(anonymous_11)","decl":{"start":{"line":49,"column":14},"end":{"line":49,"column":15}},"loc":{"start":{"line":49,"column":20},"end":{"line":53,"column":5}},"line":49},"12":{"name":"useStress","decl":{"start":{"line":58,"column":16},"end":{"line":58,"column":25}},"loc":{"start":{"line":58,"column":37},"end":{"line":69,"column":1}},"line":58},"13":{"name":"(anonymous_13)","decl":{"start":{"line":60,"column":29},"end":{"line":60,"column":30}},"loc":{"start":{"line":60,"column":34},"end":{"line":60,"column":42}},"line":60},"14":{"name":"(anonymous_14)","decl":{"start":{"line":62,"column":14},"end":{"line":62,"column":15}},"loc":{"start":{"line":62,"column":20},"end":{"line":66,"column":5}},"line":62},"15":{"name":"usePhotos","decl":{"start":{"line":71,"column":16},"end":{"line":71,"column":25}},"loc":{"start":{"line":71,"column":37},"end":{"line":82,"column":1}},"line":71},"16":{"name":"(anonymous_16)","decl":{"start":{"line":73,"column":29},"end":{"line":73,"column":30}},"loc":{"start":{"line":73,"column":34},"end":{"line":73,"column":42}},"line":73},"17":{"name":"(anonymous_17)","decl":{"start":{"line":75,"column":14},"end":{"line":75,"column":15}},"loc":{"start":{"line":75,"column":20},"end":{"line":79,"column":5}},"line":75},"18":{"name":"useUser","decl":{"start":{"line":84,"column":16},"end":{"line":84,"column":23}},"loc":{"start":{"line":84,"column":26},"end":{"line":95,"column":1}},"line":84},"19":{"name":"(anonymous_19)","decl":{"start":{"line":86,"column":27},"end":{"line":86,"column":28}},"loc":{"start":{"line":86,"column":32},"end":{"line":86,"column":38}},"line":86},"20":{"name":"(anonymous_20)","decl":{"start":{"line":88,"column":14},"end":{"line":88,"column":15}},"loc":{"start":{"line":88,"column":20},"end":{"line":92,"column":5}},"line":88},"21":{"name":"useUtterButtons","decl":{"start":{"line":97,"column":16},"end":{"line":97,"column":31}},"loc":{"start":{"line":97,"column":34},"end":{"line":100,"column":1}},"line":97},"22":{"name":"(anonymous_22)","decl":{"start":{"line":98,"column":30},"end":{"line":98,"column":31}},"loc":{"start":{"line":98,"column":35},"end":{"line":98,"column":55}},"line":98},"23":{"name":"useDictation","decl":{"start":{"line":102,"column":16},"end":{"line":102,"column":28}},"loc":{"start":{"line":102,"column":39},"end":{"line":133,"column":1}},"line":102},"24":{"name":"(anonymous_24)","decl":{"start":{"line":114,"column":31},"end":{"line":114,"column":32}},"loc":{"start":{"line":114,"column":40},"end":{"line":116,"column":9}},"line":114},"25":{"name":"(anonymous_25)","decl":{"start":{"line":118,"column":34},"end":{"line":118,"column":35}},"loc":{"start":{"line":118,"column":45},"end":{"line":120,"column":9}},"line":118},"26":{"name":"(anonymous_26)","decl":{"start":{"line":124,"column":19},"end":{"line":124,"column":20}},"loc":{"start":{"line":124,"column":25},"end":{"line":126,"column":13}},"line":124}},"branchMap":{"0":{"loc":{"start":{"line":11,"column":8},"end":{"line":13,"column":9}},"type":"if","locations":[{"start":{"line":11,"column":8},"end":{"line":13,"column":9}},{"start":{"line":11,"column":8},"end":{"line":13,"column":9}}],"line":11},"1":{"loc":{"start":{"line":11,"column":11},"end":{"line":11,"column":61}},"type":"binary-expr","locations":[{"start":{"line":11,"column":11},"end":{"line":11,"column":40}},{"start":{"line":11,"column":44},"end":{"line":11,"column":61}}],"line":11},"2":{"loc":{"start":{"line":16,"column":11},"end":{"line":16,"column":25}},"type":"binary-expr","locations":[{"start":{"line":16,"column":11},"end":{"line":16,"column":19}},{"start":{"line":16,"column":23},"end":{"line":16,"column":25}}],"line":16},"3":{"loc":{"start":{"line":24,"column":8},"end":{"line":26,"column":9}},"type":"if","locations":[{"start":{"line":24,"column":8},"end":{"line":26,"column":9}},{"start":{"line":24,"column":8},"end":{"line":26,"column":9}}],"line":24},"4":{"loc":{"start":{"line":24,"column":11},"end":{"line":24,"column":61}},"type":"binary-expr","locations":[{"start":{"line":24,"column":11},"end":{"line":24,"column":40}},{"start":{"line":24,"column":44},"end":{"line":24,"column":61}}],"line":24},"5":{"loc":{"start":{"line":29,"column":11},"end":{"line":29,"column":25}},"type":"binary-expr","locations":[{"start":{"line":29,"column":11},"end":{"line":29,"column":19}},{"start":{"line":29,"column":23},"end":{"line":29,"column":25}}],"line":29},"6":{"loc":{"start":{"line":37,"column":8},"end":{"line":39,"column":9}},"type":"if","locations":[{"start":{"line":37,"column":8},"end":{"line":39,"column":9}},{"start":{"line":37,"column":8},"end":{"line":39,"column":9}}],"line":37},"7":{"loc":{"start":{"line":37,"column":11},"end":{"line":37,"column":64}},"type":"binary-expr","locations":[{"start":{"line":37,"column":11},"end":{"line":37,"column":40}},{"start":{"line":37,"column":44},"end":{"line":37,"column":64}}],"line":37},"8":{"loc":{"start":{"line":42,"column":11},"end":{"line":42,"column":28}},"type":"binary-expr","locations":[{"start":{"line":42,"column":11},"end":{"line":42,"column":22}},{"start":{"line":42,"column":26},"end":{"line":42,"column":28}}],"line":42},"9":{"loc":{"start":{"line":50,"column":8},"end":{"line":52,"column":9}},"type":"if","locations":[{"start":{"line":50,"column":8},"end":{"line":52,"column":9}},{"start":{"line":50,"column":8},"end":{"line":52,"column":9}}],"line":50},"10":{"loc":{"start":{"line":50,"column":11},"end":{"line":50,"column":64}},"type":"binary-expr","locations":[{"start":{"line":50,"column":11},"end":{"line":50,"column":40}},{"start":{"line":50,"column":44},"end":{"line":50,"column":64}}],"line":50},"11":{"loc":{"start":{"line":55,"column":11},"end":{"line":55,"column":28}},"type":"binary-expr","locations":[{"start":{"line":55,"column":11},"end":{"line":55,"column":22}},{"start":{"line":55,"column":26},"end":{"line":55,"column":28}}],"line":55},"12":{"loc":{"start":{"line":63,"column":8},"end":{"line":65,"column":9}},"type":"if","locations":[{"start":{"line":63,"column":8},"end":{"line":65,"column":9}},{"start":{"line":63,"column":8},"end":{"line":65,"column":9}}],"line":63},"13":{"loc":{"start":{"line":63,"column":11},"end":{"line":63,"column":59}},"type":"binary-expr","locations":[{"start":{"line":63,"column":11},"end":{"line":63,"column":40}},{"start":{"line":63,"column":44},"end":{"line":63,"column":59}}],"line":63},"14":{"loc":{"start":{"line":68,"column":11},"end":{"line":68,"column":23}},"type":"binary-expr","locations":[{"start":{"line":68,"column":11},"end":{"line":68,"column":17}},{"start":{"line":68,"column":21},"end":{"line":68,"column":23}}],"line":68},"15":{"loc":{"start":{"line":76,"column":8},"end":{"line":78,"column":9}},"type":"if","locations":[{"start":{"line":76,"column":8},"end":{"line":78,"column":9}},{"start":{"line":76,"column":8},"end":{"line":78,"column":9}}],"line":76},"16":{"loc":{"start":{"line":76,"column":11},"end":{"line":76,"column":59}},"type":"binary-expr","locations":[{"start":{"line":76,"column":11},"end":{"line":76,"column":40}},{"start":{"line":76,"column":44},"end":{"line":76,"column":59}}],"line":76},"17":{"loc":{"start":{"line":81,"column":11},"end":{"line":81,"column":23}},"type":"binary-expr","locations":[{"start":{"line":81,"column":11},"end":{"line":81,"column":17}},{"start":{"line":81,"column":21},"end":{"line":81,"column":23}}],"line":81},"18":{"loc":{"start":{"line":89,"column":8},"end":{"line":91,"column":9}},"type":"if","locations":[{"start":{"line":89,"column":8},"end":{"line":91,"column":9}},{"start":{"line":89,"column":8},"end":{"line":91,"column":9}}],"line":89},"19":{"loc":{"start":{"line":89,"column":11},"end":{"line":89,"column":57}},"type":"binary-expr","locations":[{"start":{"line":89,"column":11},"end":{"line":89,"column":40}},{"start":{"line":89,"column":44},"end":{"line":89,"column":57}}],"line":89},"20":{"loc":{"start":{"line":99,"column":11},"end":{"line":99,"column":24}},"type":"binary-expr","locations":[{"start":{"line":99,"column":11},"end":{"line":99,"column":18}},{"start":{"line":99,"column":22},"end":{"line":99,"column":24}}],"line":99},"21":{"loc":{"start":{"line":103,"column":4},"end":{"line":128,"column":5}},"type":"if","locations":[{"start":{"line":103,"column":4},"end":{"line":128,"column":5}},{"start":{"line":103,"column":4},"end":{"line":128,"column":5}}],"line":103},"22":{"loc":{"start":{"line":104,"column":32},"end":{"line":104,"column":83}},"type":"binary-expr","locations":[{"start":{"line":104,"column":32},"end":{"line":104,"column":56}},{"start":{"line":104,"column":60},"end":{"line":104,"column":83}}],"line":104},"23":{"loc":{"start":{"line":106,"column":8},"end":{"line":110,"column":9}},"type":"if","locations":[{"start":{"line":106,"column":8},"end":{"line":110,"column":9}},{"start":{"line":106,"column":8},"end":{"line":110,"column":9}}],"line":106}},"s":{"0":142,"1":142,"2":290,"3":142,"4":142,"5":43,"6":142,"7":126,"8":126,"9":254,"10":126,"11":126,"12":19,"13":126,"14":139,"15":139,"16":285,"17":139,"18":139,"19":29,"20":139,"21":118,"22":118,"23":236,"24":118,"25":118,"26":49,"27":118,"28":141,"29":141,"30":290,"31":141,"32":141,"33":60,"34":141,"35":22,"36":22,"37":48,"38":22,"39":22,"40":13,"41":22,"42":40,"43":40,"44":123,"45":40,"46":40,"47":9,"48":40,"49":3,"50":15,"51":3,"52":3,"53":0,"54":0,"55":0,"56":0,"57":0,"58":0,"59":0,"60":0,"61":0,"62":0,"63":3},"f":{"0":142,"1":290,"2":142,"3":126,"4":254,"5":126,"6":139,"7":285,"8":139,"9":118,"10":236,"11":118,"12":141,"13":290,"14":141,"15":22,"16":48,"17":22,"18":40,"19":123,"20":40,"21":3,"22":15,"23":3,"24":0,"25":0,"26":0},"b":{"0":[43,99],"1":[142,142],"2":[142,43],"3":[19,107],"4":[126,126],"5":[126,19],"6":[29,110],"7":[139,139],"8":[139,29],"9":[49,69],"10":[118,118],"11":[118,49],"12":[60,81],"13":[141,141],"14":[141,60],"15":[13,9],"16":[22,22],"17":[22,13],"18":[9,31],"19":[40,40],"20":[3,2],"21":[0,3],"22":[0,0],"23":[0,0]},"_coverageSchema":"1a1c01bbd47fc00a2c39e90264f33305004495a9","hash":"fa9d16bbd6bf2f75fc86959116d7ba3d87a25c1f"}
,"/mnt/hkrdata/src/gpmt/gpmt-webapp/src/reducers.js": {"path":"/mnt/hkrdata/src/gpmt/gpmt-webapp/src/reducers.js","statementMap":{"0":{"start":{"line":1,"column":21},"end":{"line":11,"column":1}},"1":{"start":{"line":13,"column":16},"end":{"line":172,"column":1}},"2":{"start":{"line":14,"column":4},"end":{"line":171,"column":5}},"3":{"start":{"line":16,"column":12},"end":{"line":24,"column":13}},"4":{"start":{"line":26,"column":12},"end":{"line":32,"column":13}},"5":{"start":{"line":34,"column":16},"end":{"line":40,"column":13}},"6":{"start":{"line":42,"column":12},"end":{"line":48,"column":13}},"7":{"start":{"line":50,"column":12},"end":{"line":56,"column":13}},"8":{"start":{"line":58,"column":12},"end":{"line":61,"column":13}},"9":{"start":{"line":63,"column":12},"end":{"line":66,"column":13}},"10":{"start":{"line":68,"column":12},"end":{"line":71,"column":13}},"11":{"start":{"line":73,"column":12},"end":{"line":76,"column":13}},"12":{"start":{"line":78,"column":12},"end":{"line":81,"column":13}},"13":{"start":{"line":83,"column":12},"end":{"line":86,"column":13}},"14":{"start":{"line":88,"column":12},"end":{"line":91,"column":13}},"15":{"start":{"line":93,"column":12},"end":{"line":99,"column":13}},"16":{"start":{"line":101,"column":12},"end":{"line":107,"column":13}},"17":{"start":{"line":109,"column":12},"end":{"line":115,"column":13}},"18":{"start":{"line":117,"column":12},"end":{"line":126,"column":13}},"19":{"start":{"line":120,"column":48},"end":{"line":120,"column":76}},"20":{"start":{"line":122,"column":50},"end":{"line":122,"column":78}},"21":{"start":{"line":128,"column":12},"end":{"line":137,"column":13}},"22":{"start":{"line":131,"column":50},"end":{"line":131,"column":78}},"23":{"start":{"line":133,"column":52},"end":{"line":133,"column":80}},"24":{"start":{"line":139,"column":12},"end":{"line":148,"column":13}},"25":{"start":{"line":142,"column":53},"end":{"line":142,"column":81}},"26":{"start":{"line":144,"column":55},"end":{"line":144,"column":83}},"27":{"start":{"line":150,"column":12},"end":{"line":153,"column":13}},"28":{"start":{"line":152,"column":53},"end":{"line":152,"column":81}},"29":{"start":{"line":155,"column":12},"end":{"line":158,"column":13}},"30":{"start":{"line":157,"column":59},"end":{"line":157,"column":87}},"31":{"start":{"line":160,"column":12},"end":{"line":163,"column":13}},"32":{"start":{"line":162,"column":49},"end":{"line":162,"column":77}},"33":{"start":{"line":165,"column":12},"end":{"line":168,"column":13}},"34":{"start":{"line":170,"column":12},"end":{"line":170,"column":24}}},"fnMap":{"0":{"name":"(anonymous_0)","decl":{"start":{"line":13,"column":16},"end":{"line":13,"column":17}},"loc":{"start":{"line":13,"column":48},"end":{"line":172,"column":1}},"line":13},"1":{"name":"(anonymous_1)","decl":{"start":{"line":120,"column":43},"end":{"line":120,"column":44}},"loc":{"start":{"line":120,"column":48},"end":{"line":120,"column":76}},"line":120},"2":{"name":"(anonymous_2)","decl":{"start":{"line":122,"column":45},"end":{"line":122,"column":46}},"loc":{"start":{"line":122,"column":50},"end":{"line":122,"column":78}},"line":122},"3":{"name":"(anonymous_3)","decl":{"start":{"line":131,"column":45},"end":{"line":131,"column":46}},"loc":{"start":{"line":131,"column":50},"end":{"line":131,"column":78}},"line":131},"4":{"name":"(anonymous_4)","decl":{"start":{"line":133,"column":47},"end":{"line":133,"column":48}},"loc":{"start":{"line":133,"column":52},"end":{"line":133,"column":80}},"line":133},"5":{"name":"(anonymous_5)","decl":{"start":{"line":142,"column":48},"end":{"line":142,"column":49}},"loc":{"start":{"line":142,"column":53},"end":{"line":142,"column":81}},"line":142},"6":{"name":"(anonymous_6)","decl":{"start":{"line":144,"column":50},"end":{"line":144,"column":51}},"loc":{"start":{"line":144,"column":55},"end":{"line":144,"column":83}},"line":144},"7":{"name":"(anonymous_7)","decl":{"start":{"line":152,"column":48},"end":{"line":152,"column":49}},"loc":{"start":{"line":152,"column":53},"end":{"line":152,"column":81}},"line":152},"8":{"name":"(anonymous_8)","decl":{"start":{"line":157,"column":54},"end":{"line":157,"column":55}},"loc":{"start":{"line":157,"column":59},"end":{"line":157,"column":87}},"line":157},"9":{"name":"(anonymous_9)","decl":{"start":{"line":162,"column":44},"end":{"line":162,"column":45}},"loc":{"start":{"line":162,"column":49},"end":{"line":162,"column":77}},"line":162}},"branchMap":{"0":{"loc":{"start":{"line":13,"column":17},"end":{"line":13,"column":35}},"type":"default-arg","locations":[{"start":{"line":13,"column":23},"end":{"line":13,"column":35}}],"line":13},"1":{"loc":{"start":{"line":14,"column":4},"end":{"line":171,"column":5}},"type":"switch","locations":[{"start":{"line":15,"column":8},"end":{"line":24,"column":13}},{"start":{"line":25,"column":8},"end":{"line":32,"column":13}},{"start":{"line":33,"column":8},"end":{"line":40,"column":13}},{"start":{"line":41,"column":8},"end":{"line":48,"column":13}},{"start":{"line":49,"column":8},"end":{"line":56,"column":13}},{"start":{"line":57,"column":8},"end":{"line":61,"column":13}},{"start":{"line":62,"column":8},"end":{"line":66,"column":13}},{"start":{"line":67,"column":8},"end":{"line":71,"column":13}},{"start":{"line":72,"column":8},"end":{"line":76,"column":13}},{"start":{"line":77,"column":8},"end":{"line":81,"column":13}},{"start":{"line":82,"column":8},"end":{"line":86,"column":13}},{"start":{"line":87,"column":8},"end":{"line":91,"column":13}},{"start":{"line":92,"column":8},"end":{"line":99,"column":13}},{"start":{"line":100,"column":8},"end":{"line":107,"column":13}},{"start":{"line":108,"column":8},"end":{"line":115,"column":13}},{"start":{"line":116,"column":8},"end":{"line":126,"column":13}},{"start":{"line":127,"column":8},"end":{"line":137,"column":13}},{"start":{"line":138,"column":8},"end":{"line":148,"column":13}},{"start":{"line":149,"column":8},"end":{"line":153,"column":13}},{"start":{"line":154,"column":8},"end":{"line":158,"column":13}},{"start":{"line":159,"column":8},"end":{"line":163,"column":13}},{"start":{"line":164,"column":8},"end":{"line":168,"column":13}},{"start":{"line":169,"column":8},"end":{"line":170,"column":24}}],"line":14},"2":{"loc":{"start":{"line":19,"column":24},"end":{"line":19,"column":44}},"type":"binary-expr","locations":[{"start":{"line":19,"column":24},"end":{"line":19,"column":38}},{"start":{"line":19,"column":42},"end":{"line":19,"column":44}}],"line":19},"3":{"loc":{"start":{"line":29,"column":24},"end":{"line":29,"column":47}},"type":"binary-expr","locations":[{"start":{"line":29,"column":24},"end":{"line":29,"column":41}},{"start":{"line":29,"column":45},"end":{"line":29,"column":47}}],"line":29},"4":{"loc":{"start":{"line":37,"column":28},"end":{"line":37,"column":48}},"type":"binary-expr","locations":[{"start":{"line":37,"column":28},"end":{"line":37,"column":42}},{"start":{"line":37,"column":46},"end":{"line":37,"column":48}}],"line":37},"5":{"loc":{"start":{"line":45,"column":24},"end":{"line":45,"column":42}},"type":"binary-expr","locations":[{"start":{"line":45,"column":24},"end":{"line":45,"column":36}},{"start":{"line":45,"column":40},"end":{"line":45,"column":42}}],"line":45},"6":{"loc":{"start":{"line":113,"column":28},"end":{"line":113,"column":58}},"type":"binary-expr","locations":[{"start":{"line":113,"column":28},"end":{"line":113,"column":50}},{"start":{"line":113,"column":54},"end":{"line":113,"column":58}}],"line":113}},"s":{"0":14,"1":14,"2":109,"3":2,"4":1,"5":1,"6":0,"7":1,"8":10,"9":10,"10":16,"11":10,"12":8,"13":3,"14":10,"15":1,"16":3,"17":2,"18":4,"19":4,"20":4,"21":4,"22":4,"23":4,"24":3,"25":3,"26":3,"27":2,"28":2,"29":2,"30":2,"31":2,"32":2,"33":0,"34":14},"f":{"0":109,"1":4,"2":4,"3":4,"4":4,"5":3,"6":3,"7":2,"8":2,"9":2},"b":{"0":[13],"1":[2,1,1,0,1,10,10,16,10,8,3,10,1,3,2,4,4,3,2,2,2,0,14],"2":[2,1],"3":[1,1],"4":[1,1],"5":[0,0],"6":[2,1]},"_coverageSchema":"1a1c01bbd47fc00a2c39e90264f33305004495a9","hash":"6614472720e27bb3c02c30e2bfabf1dddffb669f"}
,"/mnt/hkrdata/src/gpmt/gpmt-webapp/src/store.js": {"path":"/mnt/hkrdata/src/gpmt/gpmt-webapp/src/store.js","statementMap":{"0":{"start":{"line":7,"column":15},"end":{"line":12,"column":1}},"1":{"start":{"line":7,"column":24},"end":{"line":12,"column":1}},"2":{"start":{"line":7,"column":32},"end":{"line":12,"column":1}},"3":{"start":{"line":8,"column":4},"end":{"line":10,"column":5}},"4":{"start":{"line":9,"column":8},"end":{"line":9,"column":48}},"5":{"start":{"line":11,"column":4},"end":{"line":11,"column":16}},"6":{"start":{"line":14,"column":14},"end":{"line":17,"column":1}}},"fnMap":{"0":{"name":"(anonymous_0)","decl":{"start":{"line":7,"column":15},"end":{"line":7,"column":16}},"loc":{"start":{"line":7,"column":24},"end":{"line":12,"column":1}},"line":7},"1":{"name":"(anonymous_1)","decl":{"start":{"line":7,"column":24},"end":{"line":7,"column":25}},"loc":{"start":{"line":7,"column":32},"end":{"line":12,"column":1}},"line":7},"2":{"name":"(anonymous_2)","decl":{"start":{"line":7,"column":32},"end":{"line":7,"column":33}},"loc":{"start":{"line":7,"column":42},"end":{"line":12,"column":1}},"line":7}},"branchMap":{"0":{"loc":{"start":{"line":8,"column":4},"end":{"line":10,"column":5}},"type":"if","locations":[{"start":{"line":8,"column":4},"end":{"line":10,"column":5}},{"start":{"line":8,"column":4},"end":{"line":10,"column":5}}],"line":8},"1":{"loc":{"start":{"line":8,"column":10},"end":{"line":8,"column":82}},"type":"binary-expr","locations":[{"start":{"line":8,"column":10},"end":{"line":8,"column":41}},{"start":{"line":8,"column":45},"end":{"line":8,"column":82}}],"line":8}},"s":{"0":13,"1":13,"2":13,"3":77,"4":0,"5":77,"6":13},"f":{"0":13,"1":13,"2":77},"b":{"0":[0,77],"1":[77,0]},"_coverageSchema":"1a1c01bbd47fc00a2c39e90264f33305004495a9","hash":"7b87d7eccf7cced36ab9a69e36ad72c0584e725c"}
,"/mnt/hkrdata/src/gpmt/gpmt-webapp/src/utils.js": {"path":"/mnt/hkrdata/src/gpmt/gpmt-webapp/src/utils.js","statementMap":{"0":{"start":{"line":2,"column":24},"end":{"line":5,"column":1}},"1":{"start":{"line":3,"column":31},"end":{"line":3,"column":46}},"2":{"start":{"line":4,"column":4},"end":{"line":4,"column":57}},"3":{"start":{"line":7,"column":23},"end":{"line":12,"column":1}},"4":{"start":{"line":8,"column":4},"end":{"line":10,"column":5}},"5":{"start":{"line":9,"column":8},"end":{"line":9,"column":21}},"6":{"start":{"line":11,"column":4},"end":{"line":11,"column":51}}},"fnMap":{"0":{"name":"(anonymous_0)","decl":{"start":{"line":2,"column":24},"end":{"line":2,"column":25}},"loc":{"start":{"line":2,"column":32},"end":{"line":5,"column":1}},"line":2},"1":{"name":"(anonymous_1)","decl":{"start":{"line":7,"column":23},"end":{"line":7,"column":24}},"loc":{"start":{"line":7,"column":43},"end":{"line":12,"column":1}},"line":7}},"branchMap":{"0":{"loc":{"start":{"line":8,"column":4},"end":{"line":10,"column":5}},"type":"if","locations":[{"start":{"line":8,"column":4},"end":{"line":10,"column":5}},{"start":{"line":8,"column":4},"end":{"line":10,"column":5}}],"line":8},"1":{"loc":{"start":{"line":8,"column":7},"end":{"line":8,"column":41}},"type":"binary-expr","locations":[{"start":{"line":8,"column":7},"end":{"line":8,"column":14}},{"start":{"line":8,"column":18},"end":{"line":8,"column":41}}],"line":8}},"s":{"0":14,"1":2,"2":2,"3":14,"4":106,"5":105,"6":1},"f":{"0":2,"1":106},"b":{"0":[105,1],"1":[106,94]},"_coverageSchema":"1a1c01bbd47fc00a2c39e90264f33305004495a9","hash":"272d7d217659b7fe18b23a001b9e3629ce44197c"}
,"/mnt/hkrdata/src/gpmt/gpmt-webapp/src/api/http.js": {"path":"/mnt/hkrdata/src/gpmt/gpmt-webapp/src/api/http.js","statementMap":{"0":{"start":{"line":3,"column":13},"end":{"line":6,"column":2}},"1":{"start":{"line":8,"column":12},"end":{"line":44,"column":1}},"2":{"start":{"line":10,"column":8},"end":{"line":13,"column":10}},"3":{"start":{"line":15,"column":37},"end":{"line":15,"column":80}},"4":{"start":{"line":16,"column":26},"end":{"line":16,"column":58}},"5":{"start":{"line":18,"column":26},"end":{"line":18,"column":70}},"6":{"start":{"line":20,"column":23},"end":{"line":20,"column":50}},"7":{"start":{"line":21,"column":26},"end":{"line":21,"column":52}},"8":{"start":{"line":22,"column":36},"end":{"line":22,"column":74}},"9":{"start":{"line":23,"column":23},"end":{"line":23,"column":46}},"10":{"start":{"line":24,"column":21},"end":{"line":24,"column":42}},"11":{"start":{"line":25,"column":21},"end":{"line":25,"column":41}},"12":{"start":{"line":26,"column":23},"end":{"line":26,"column":42}},"13":{"start":{"line":28,"column":33},"end":{"line":28,"column":81}},"14":{"start":{"line":29,"column":30},"end":{"line":29,"column":75}},"15":{"start":{"line":30,"column":28},"end":{"line":30,"column":71}},"16":{"start":{"line":31,"column":26},"end":{"line":31,"column":53}},"17":{"start":{"line":33,"column":30},"end":{"line":33,"column":66}},"18":{"start":{"line":34,"column":27},"end":{"line":34,"column":60}},"19":{"start":{"line":35,"column":25},"end":{"line":35,"column":56}},"20":{"start":{"line":37,"column":29},"end":{"line":41,"column":6}},"21":{"start":{"line":42,"column":28},"end":{"line":42,"column":75}}},"fnMap":{"0":{"name":"(anonymous_0)","decl":{"start":{"line":9,"column":10},"end":{"line":9,"column":11}},"loc":{"start":{"line":9,"column":16},"end":{"line":14,"column":5}},"line":9},"1":{"name":"(anonymous_1)","decl":{"start":{"line":15,"column":16},"end":{"line":15,"column":17}},"loc":{"start":{"line":15,"column":37},"end":{"line":15,"column":80}},"line":15},"2":{"name":"(anonymous_2)","decl":{"start":{"line":16,"column":16},"end":{"line":16,"column":17}},"loc":{"start":{"line":16,"column":26},"end":{"line":16,"column":58}},"line":16},"3":{"name":"(anonymous_3)","decl":{"start":{"line":18,"column":18},"end":{"line":18,"column":19}},"loc":{"start":{"line":18,"column":26},"end":{"line":18,"column":70}},"line":18},"4":{"name":"(anonymous_4)","decl":{"start":{"line":20,"column":17},"end":{"line":20,"column":18}},"loc":{"start":{"line":20,"column":23},"end":{"line":20,"column":50}},"line":20},"5":{"name":"(anonymous_5)","decl":{"start":{"line":21,"column":20},"end":{"line":21,"column":21}},"loc":{"start":{"line":21,"column":26},"end":{"line":21,"column":52}},"line":21},"6":{"name":"(anonymous_6)","decl":{"start":{"line":22,"column":30},"end":{"line":22,"column":31}},"loc":{"start":{"line":22,"column":36},"end":{"line":22,"column":74}},"line":22},"7":{"name":"(anonymous_7)","decl":{"start":{"line":23,"column":17},"end":{"line":23,"column":18}},"loc":{"start":{"line":23,"column":23},"end":{"line":23,"column":46}},"line":23},"8":{"name":"(anonymous_8)","decl":{"start":{"line":24,"column":15},"end":{"line":24,"column":16}},"loc":{"start":{"line":24,"column":21},"end":{"line":24,"column":42}},"line":24},"9":{"name":"(anonymous_9)","decl":{"start":{"line":25,"column":15},"end":{"line":25,"column":16}},"loc":{"start":{"line":25,"column":21},"end":{"line":25,"column":41}},"line":25},"10":{"name":"(anonymous_10)","decl":{"start":{"line":26,"column":17},"end":{"line":26,"column":18}},"loc":{"start":{"line":26,"column":23},"end":{"line":26,"column":42}},"line":26},"11":{"name":"(anonymous_11)","decl":{"start":{"line":28,"column":23},"end":{"line":28,"column":24}},"loc":{"start":{"line":28,"column":33},"end":{"line":28,"column":81}},"line":28},"12":{"name":"(anonymous_12)","decl":{"start":{"line":29,"column":20},"end":{"line":29,"column":21}},"loc":{"start":{"line":29,"column":30},"end":{"line":29,"column":75}},"line":29},"13":{"name":"(anonymous_13)","decl":{"start":{"line":30,"column":18},"end":{"line":30,"column":19}},"loc":{"start":{"line":30,"column":28},"end":{"line":30,"column":71}},"line":30},"14":{"name":"(anonymous_14)","decl":{"start":{"line":31,"column":16},"end":{"line":31,"column":17}},"loc":{"start":{"line":31,"column":26},"end":{"line":31,"column":53}},"line":31},"15":{"name":"(anonymous_15)","decl":{"start":{"line":33,"column":23},"end":{"line":33,"column":24}},"loc":{"start":{"line":33,"column":30},"end":{"line":33,"column":66}},"line":33},"16":{"name":"(anonymous_16)","decl":{"start":{"line":34,"column":20},"end":{"line":34,"column":21}},"loc":{"start":{"line":34,"column":27},"end":{"line":34,"column":60}},"line":34},"17":{"name":"(anonymous_17)","decl":{"start":{"line":35,"column":18},"end":{"line":35,"column":19}},"loc":{"start":{"line":35,"column":25},"end":{"line":35,"column":56}},"line":35},"18":{"name":"(anonymous_18)","decl":{"start":{"line":37,"column":17},"end":{"line":37,"column":18}},"loc":{"start":{"line":37,"column":29},"end":{"line":41,"column":6}},"line":37},"19":{"name":"(anonymous_19)","decl":{"start":{"line":42,"column":19},"end":{"line":42,"column":20}},"loc":{"start":{"line":42,"column":28},"end":{"line":42,"column":75}},"line":42}},"branchMap":{},"s":{"0":13,"1":13,"2":14,"3":28,"4":0,"5":1,"6":10,"7":9,"8":15,"9":9,"10":9,"11":3,"12":9,"13":2,"14":3,"15":3,"16":2,"17":1,"18":1,"19":1,"20":0,"21":3},"f":{"0":14,"1":28,"2":0,"3":1,"4":10,"5":9,"6":15,"7":9,"8":9,"9":3,"10":9,"11":2,"12":3,"13":3,"14":2,"15":1,"16":1,"17":1,"18":0,"19":3},"b":{},"_coverageSchema":"1a1c01bbd47fc00a2c39e90264f33305004495a9","hash":"19e7a4baeaf6127829b933d28c02f6b90c7ab2bb"}
,"/mnt/hkrdata/src/gpmt/gpmt-webapp/src/components/aside.jsx": {"path":"/mnt/hkrdata/src/gpmt/gpmt-webapp/src/components/aside.jsx","statementMap":{"0":{"start":{"line":19,"column":14},"end":{"line":133,"column":1}},"1":{"start":{"line":20,"column":20},"end":{"line":20,"column":30}},"2":{"start":{"line":21,"column":19},"end":{"line":21,"column":32}},"3":{"start":{"line":22,"column":19},"end":{"line":23,"column":50}},"4":{"start":{"line":23,"column":24},"end":{"line":23,"column":49}},"5":{"start":{"line":25,"column":22},"end":{"line":25,"column":47}},"6":{"start":{"line":26,"column":19},"end":{"line":26,"column":41}},"7":{"start":{"line":27,"column":21},"end":{"line":27,"column":57}},"8":{"start":{"line":28,"column":17},"end":{"line":28,"column":37}},"9":{"start":{"line":30,"column":21},"end":{"line":32,"column":6}},"10":{"start":{"line":34,"column":20},"end":{"line":36,"column":5}},"11":{"start":{"line":35,"column":8},"end":{"line":35,"column":31}},"12":{"start":{"line":38,"column":34},"end":{"line":38,"column":54}},"13":{"start":{"line":40,"column":16},"end":{"line":42,"column":6}},"14":{"start":{"line":48,"column":4},"end":{"line":132,"column":5}},"15":{"start":{"line":86,"column":64},"end":{"line":86,"column":105}},"16":{"start":{"line":135,"column":0},"end":{"line":137,"column":1}}},"fnMap":{"0":{"name":"(anonymous_0)","decl":{"start":{"line":19,"column":14},"end":{"line":19,"column":15}},"loc":{"start":{"line":19,"column":32},"end":{"line":133,"column":1}},"line":19},"1":{"name":"(anonymous_1)","decl":{"start":{"line":23,"column":14},"end":{"line":23,"column":15}},"loc":{"start":{"line":23,"column":24},"end":{"line":23,"column":49}},"line":23},"2":{"name":"(anonymous_2)","decl":{"start":{"line":34,"column":20},"end":{"line":34,"column":21}},"loc":{"start":{"line":34,"column":26},"end":{"line":36,"column":5}},"line":34},"3":{"name":"(anonymous_3)","decl":{"start":{"line":86,"column":59},"end":{"line":86,"column":60}},"loc":{"start":{"line":86,"column":64},"end":{"line":86,"column":105}},"line":86}},"branchMap":{"0":{"loc":{"start":{"line":41,"column":13},"end":{"line":41,"column":49}},"type":"cond-expr","locations":[{"start":{"line":41,"column":25},"end":{"line":41,"column":44}},{"start":{"line":41,"column":48},"end":{"line":41,"column":49}}],"line":41},"1":{"loc":{"start":{"line":41,"column":25},"end":{"line":41,"column":44}},"type":"cond-expr","locations":[{"start":{"line":41,"column":36},"end":{"line":41,"column":38}},{"start":{"line":41,"column":41},"end":{"line":41,"column":44}}],"line":41},"2":{"loc":{"start":{"line":51,"column":26},"end":{"line":51,"column":81}},"type":"cond-expr","locations":[{"start":{"line":51,"column":49},"end":{"line":51,"column":76}},{"start":{"line":51,"column":79},"end":{"line":51,"column":81}}],"line":51},"3":{"loc":{"start":{"line":51,"column":26},"end":{"line":51,"column":46}},"type":"binary-expr","locations":[{"start":{"line":51,"column":26},"end":{"line":51,"column":34}},{"start":{"line":51,"column":38},"end":{"line":51,"column":46}}],"line":51},"4":{"loc":{"start":{"line":76,"column":54},"end":{"line":76,"column":93}},"type":"binary-expr","locations":[{"start":{"line":76,"column":54},"end":{"line":76,"column":84}},{"start":{"line":76,"column":88},"end":{"line":76,"column":93}}],"line":76},"5":{"loc":{"start":{"line":85,"column":32},"end":{"line":87,"column":38}},"type":"cond-expr","locations":[{"start":{"line":86,"column":32},"end":{"line":86,"column":124}},{"start":{"line":87,"column":34},"end":{"line":87,"column":38}}],"line":85},"6":{"loc":{"start":{"line":110,"column":52},"end":{"line":110,"column":69}},"type":"binary-expr","locations":[{"start":{"line":110,"column":52},"end":{"line":110,"column":63}},{"start":{"line":110,"column":67},"end":{"line":110,"column":69}}],"line":110},"7":{"loc":{"start":{"line":118,"column":49},"end":{"line":118,"column":63}},"type":"binary-expr","locations":[{"start":{"line":118,"column":49},"end":{"line":118,"column":57}},{"start":{"line":118,"column":61},"end":{"line":118,"column":63}}],"line":118},"8":{"loc":{"start":{"line":126,"column":47},"end":{"line":126,"column":59}},"type":"binary-expr","locations":[{"start":{"line":126,"column":47},"end":{"line":126,"column":53}},{"start":{"line":126,"column":57},"end":{"line":126,"column":59}}],"line":126}},"s":{"0":8,"1":111,"2":111,"3":111,"4":103,"5":111,"6":111,"7":111,"8":111,"9":111,"10":111,"11":1,"12":111,"13":111,"14":111,"15":65,"16":8},"f":{"0":111,"1":103,"2":1,"3":65},"b":{"0":[0,111],"1":[0,0],"2":[0,111],"3":[111,7],"4":[111,19],"5":[65,46],"6":[111,0],"7":[111,0],"8":[111,0]},"_coverageSchema":"1a1c01bbd47fc00a2c39e90264f33305004495a9","hash":"bccd8ad212f7b93fec99378f9b5a8c26e9fb3480"}
,"/mnt/hkrdata/src/gpmt/gpmt-webapp/src/components/banner.jsx": {"path":"/mnt/hkrdata/src/gpmt/gpmt-webapp/src/components/banner.jsx","statementMap":{"0":{"start":{"line":5,"column":26},"end":{"line":59,"column":1}},"1":{"start":{"line":6,"column":30},"end":{"line":6,"column":44}},"2":{"start":{"line":8,"column":4},"end":{"line":58,"column":5}},"3":{"start":{"line":46,"column":47},"end":{"line":46,"column":63}},"4":{"start":{"line":61,"column":27},"end":{"line":122,"column":1}},"5":{"start":{"line":62,"column":30},"end":{"line":62,"column":44}},"6":{"start":{"line":64,"column":4},"end":{"line":121,"column":5}},"7":{"start":{"line":108,"column":51},"end":{"line":108,"column":67}}},"fnMap":{"0":{"name":"(anonymous_0)","decl":{"start":{"line":5,"column":26},"end":{"line":5,"column":27}},"loc":{"start":{"line":5,"column":32},"end":{"line":59,"column":1}},"line":5},"1":{"name":"(anonymous_1)","decl":{"start":{"line":46,"column":41},"end":{"line":46,"column":42}},"loc":{"start":{"line":46,"column":47},"end":{"line":46,"column":63}},"line":46},"2":{"name":"(anonymous_2)","decl":{"start":{"line":61,"column":27},"end":{"line":61,"column":28}},"loc":{"start":{"line":61,"column":87},"end":{"line":122,"column":1}},"line":61},"3":{"name":"(anonymous_3)","decl":{"start":{"line":108,"column":45},"end":{"line":108,"column":46}},"loc":{"start":{"line":108,"column":51},"end":{"line":108,"column":67}},"line":108}},"branchMap":{"0":{"loc":{"start":{"line":61,"column":65},"end":{"line":61,"column":81}},"type":"default-arg","locations":[{"start":{"line":61,"column":77},"end":{"line":61,"column":81}}],"line":61},"1":{"loc":{"start":{"line":94,"column":28},"end":{"line":99,"column":34}},"type":"binary-expr","locations":[{"start":{"line":94,"column":28},"end":{"line":94,"column":39}},{"start":{"line":95,"column":28},"end":{"line":99,"column":34}}],"line":94},"2":{"loc":{"start":{"line":102,"column":28},"end":{"line":115,"column":34}},"type":"binary-expr","locations":[{"start":{"line":102,"column":28},"end":{"line":102,"column":39}},{"start":{"line":103,"column":28},"end":{"line":115,"column":34}}],"line":102}},"s":{"0":3,"1":0,"2":0,"3":0,"4":3,"5":6,"6":6,"7":0},"f":{"0":0,"1":0,"2":6,"3":0},"b":{"0":[6],"1":[6,0],"2":[6,6]},"_coverageSchema":"1a1c01bbd47fc00a2c39e90264f33305004495a9","hash":"5317aa957beed7332959f4f892533a5ba04d9ec2"}
,"/mnt/hkrdata/src/gpmt/gpmt-webapp/src/components/dateInput.jsx": {"path":"/mnt/hkrdata/src/gpmt/gpmt-webapp/src/components/dateInput.jsx","statementMap":{"0":{"start":{"line":4,"column":18},"end":{"line":43,"column":1}},"1":{"start":{"line":5,"column":4},"end":{"line":42,"column":7}},"2":{"start":{"line":14,"column":36},"end":{"line":14,"column":66}},"3":{"start":{"line":14,"column":66},"end":{"line":14,"column":81}},"4":{"start":{"line":25,"column":36},"end":{"line":25,"column":71}},"5":{"start":{"line":25,"column":71},"end":{"line":25,"column":86}},"6":{"start":{"line":36,"column":36},"end":{"line":36,"column":70}},"7":{"start":{"line":36,"column":70},"end":{"line":36,"column":85}},"8":{"start":{"line":45,"column":0},"end":{"line":49,"column":1}}},"fnMap":{"0":{"name":"(anonymous_0)","decl":{"start":{"line":4,"column":18},"end":{"line":4,"column":19}},"loc":{"start":{"line":5,"column":4},"end":{"line":42,"column":7}},"line":5},"1":{"name":"(anonymous_1)","decl":{"start":{"line":14,"column":30},"end":{"line":14,"column":31}},"loc":{"start":{"line":14,"column":35},"end":{"line":14,"column":82}},"line":14},"2":{"name":"(anonymous_2)","decl":{"start":{"line":25,"column":30},"end":{"line":25,"column":31}},"loc":{"start":{"line":25,"column":35},"end":{"line":25,"column":87}},"line":25},"3":{"name":"(anonymous_3)","decl":{"start":{"line":36,"column":30},"end":{"line":36,"column":31}},"loc":{"start":{"line":36,"column":35},"end":{"line":36,"column":86}},"line":36}},"branchMap":{},"s":{"0":2,"1":10,"2":2,"3":2,"4":3,"5":3,"6":2,"7":2,"8":2},"f":{"0":10,"1":2,"2":3,"3":2},"b":{},"_coverageSchema":"1a1c01bbd47fc00a2c39e90264f33305004495a9","hash":"de36753187205d24e0c4cfca0473786745d8818b"}
,"/mnt/hkrdata/src/gpmt/gpmt-webapp/src/components/datetimeInput.jsx": {"path":"/mnt/hkrdata/src/gpmt/gpmt-webapp/src/components/datetimeInput.jsx","statementMap":{"0":{"start":{"line":4,"column":22},"end":{"line":63,"column":1}},"1":{"start":{"line":5,"column":4},"end":{"line":62,"column":7}},"2":{"start":{"line":14,"column":36},"end":{"line":14,"column":66}},"3":{"start":{"line":14,"column":66},"end":{"line":14,"column":81}},"4":{"start":{"line":24,"column":36},"end":{"line":24,"column":71}},"5":{"start":{"line":24,"column":71},"end":{"line":24,"column":86}},"6":{"start":{"line":34,"column":36},"end":{"line":34,"column":70}},"7":{"start":{"line":34,"column":70},"end":{"line":34,"column":85}},"8":{"start":{"line":47,"column":36},"end":{"line":47,"column":67}},"9":{"start":{"line":47,"column":67},"end":{"line":47,"column":82}},"10":{"start":{"line":57,"column":36},"end":{"line":57,"column":69}},"11":{"start":{"line":57,"column":69},"end":{"line":57,"column":84}},"12":{"start":{"line":65,"column":0},"end":{"line":69,"column":1}}},"fnMap":{"0":{"name":"(anonymous_0)","decl":{"start":{"line":4,"column":22},"end":{"line":4,"column":23}},"loc":{"start":{"line":5,"column":4},"end":{"line":62,"column":7}},"line":5},"1":{"name":"(anonymous_1)","decl":{"start":{"line":14,"column":30},"end":{"line":14,"column":31}},"loc":{"start":{"line":14,"column":35},"end":{"line":14,"column":82}},"line":14},"2":{"name":"(anonymous_2)","decl":{"start":{"line":24,"column":30},"end":{"line":24,"column":31}},"loc":{"start":{"line":24,"column":35},"end":{"line":24,"column":87}},"line":24},"3":{"name":"(anonymous_3)","decl":{"start":{"line":34,"column":30},"end":{"line":34,"column":31}},"loc":{"start":{"line":34,"column":35},"end":{"line":34,"column":86}},"line":34},"4":{"name":"(anonymous_4)","decl":{"start":{"line":47,"column":30},"end":{"line":47,"column":31}},"loc":{"start":{"line":47,"column":35},"end":{"line":47,"column":83}},"line":47},"5":{"name":"(anonymous_5)","decl":{"start":{"line":57,"column":30},"end":{"line":57,"column":31}},"loc":{"start":{"line":57,"column":35},"end":{"line":57,"column":85}},"line":57}},"branchMap":{},"s":{"0":4,"1":28,"2":2,"3":2,"4":2,"5":2,"6":5,"7":5,"8":5,"9":5,"10":2,"11":2,"12":4},"f":{"0":28,"1":2,"2":2,"3":5,"4":5,"5":2},"b":{},"_coverageSchema":"1a1c01bbd47fc00a2c39e90264f33305004495a9","hash":"cf72e949e938e7c604b5f433c8c4ddbc0cc9ccaf"}
,"/mnt/hkrdata/src/gpmt/gpmt-webapp/src/components/dialog.jsx": {"path":"/mnt/hkrdata/src/gpmt/gpmt-webapp/src/components/dialog.jsx","statementMap":{"0":{"start":{"line":6,"column":16},"end":{"line":14,"column":1}},"1":{"start":{"line":16,"column":19},"end":{"line":34,"column":1}},"2":{"start":{"line":17,"column":4},"end":{"line":33,"column":10}},"3":{"start":{"line":36,"column":0},"end":{"line":39,"column":1}},"4":{"start":{"line":41,"column":20},"end":{"line":48,"column":1}},"5":{"start":{"line":42,"column":4},"end":{"line":47,"column":11}},"6":{"start":{"line":50,"column":0},"end":{"line":53,"column":1}},"7":{"start":{"line":55,"column":25},"end":{"line":62,"column":1}},"8":{"start":{"line":56,"column":4},"end":{"line":61,"column":11}},"9":{"start":{"line":64,"column":0},"end":{"line":67,"column":1}},"10":{"start":{"line":69,"column":22},"end":{"line":76,"column":1}},"11":{"start":{"line":70,"column":4},"end":{"line":75,"column":11}},"12":{"start":{"line":78,"column":0},"end":{"line":81,"column":1}},"13":{"start":{"line":83,"column":19},"end":{"line":87,"column":1}},"14":{"start":{"line":84,"column":4},"end":{"line":86,"column":10}},"15":{"start":{"line":89,"column":0},"end":{"line":91,"column":1}},"16":{"start":{"line":93,"column":20},"end":{"line":97,"column":1}},"17":{"start":{"line":94,"column":4},"end":{"line":96,"column":10}},"18":{"start":{"line":99,"column":0},"end":{"line":101,"column":1}},"19":{"start":{"line":104,"column":19},"end":{"line":108,"column":1}},"20":{"start":{"line":105,"column":4},"end":{"line":107,"column":9}},"21":{"start":{"line":110,"column":0},"end":{"line":112,"column":1}},"22":{"start":{"line":115,"column":20},"end":{"line":134,"column":1}},"23":{"start":{"line":116,"column":4},"end":{"line":133,"column":5}},"24":{"start":{"line":118,"column":12},"end":{"line":118,"column":72}},"25":{"start":{"line":120,"column":12},"end":{"line":120,"column":72}},"26":{"start":{"line":122,"column":12},"end":{"line":122,"column":51}},"27":{"start":{"line":124,"column":12},"end":{"line":124,"column":52}},"28":{"start":{"line":126,"column":12},"end":{"line":126,"column":50}},"29":{"start":{"line":128,"column":12},"end":{"line":128,"column":67}},"30":{"start":{"line":130,"column":12},"end":{"line":130,"column":69}},"31":{"start":{"line":132,"column":12},"end":{"line":132,"column":39}},"32":{"start":{"line":136,"column":0},"end":{"line":138,"column":1}},"33":{"start":{"line":140,"column":22},"end":{"line":151,"column":1}},"34":{"start":{"line":141,"column":17},"end":{"line":141,"column":36}},"35":{"start":{"line":142,"column":15},"end":{"line":142,"column":78}},"36":{"start":{"line":142,"column":40},"end":{"line":142,"column":76}},"37":{"start":{"line":143,"column":4},"end":{"line":149,"column":5}},"38":{"start":{"line":144,"column":8},"end":{"line":148,"column":10}},"39":{"start":{"line":150,"column":4},"end":{"line":150,"column":17}},"40":{"start":{"line":153,"column":15},"end":{"line":184,"column":1}},"41":{"start":{"line":154,"column":29},"end":{"line":155,"column":49}},"42":{"start":{"line":155,"column":19},"end":{"line":155,"column":47}},"43":{"start":{"line":156,"column":26},"end":{"line":157,"column":46}},"44":{"start":{"line":157,"column":19},"end":{"line":157,"column":44}},"45":{"start":{"line":158,"column":17},"end":{"line":159,"column":44}},"46":{"start":{"line":159,"column":19},"end":{"line":159,"column":42}},"47":{"start":{"line":160,"column":24},"end":{"line":161,"column":44}},"48":{"start":{"line":161,"column":19},"end":{"line":161,"column":42}},"49":{"start":{"line":162,"column":19},"end":{"line":163,"column":88}},"50":{"start":{"line":163,"column":19},"end":{"line":163,"column":86}},"51":{"start":{"line":165,"column":17},"end":{"line":171,"column":5}},"52":{"start":{"line":173,"column":4},"end":{"line":174,"column":50}},"53":{"start":{"line":174,"column":24},"end":{"line":174,"column":49}},"54":{"start":{"line":177,"column":4},"end":{"line":183,"column":5}},"55":{"start":{"line":180,"column":16},"end":{"line":180,"column":49}},"56":{"start":{"line":186,"column":0},"end":{"line":188,"column":1}}},"fnMap":{"0":{"name":"(anonymous_0)","decl":{"start":{"line":16,"column":19},"end":{"line":16,"column":20}},"loc":{"start":{"line":17,"column":4},"end":{"line":33,"column":10}},"line":17},"1":{"name":"(anonymous_1)","decl":{"start":{"line":41,"column":20},"end":{"line":41,"column":21}},"loc":{"start":{"line":42,"column":4},"end":{"line":47,"column":11}},"line":42},"2":{"name":"(anonymous_2)","decl":{"start":{"line":55,"column":25},"end":{"line":55,"column":26}},"loc":{"start":{"line":56,"column":4},"end":{"line":61,"column":11}},"line":56},"3":{"name":"(anonymous_3)","decl":{"start":{"line":69,"column":22},"end":{"line":69,"column":23}},"loc":{"start":{"line":70,"column":4},"end":{"line":75,"column":11}},"line":70},"4":{"name":"(anonymous_4)","decl":{"start":{"line":83,"column":19},"end":{"line":83,"column":20}},"loc":{"start":{"line":84,"column":4},"end":{"line":86,"column":10}},"line":84},"5":{"name":"(anonymous_5)","decl":{"start":{"line":93,"column":20},"end":{"line":93,"column":21}},"loc":{"start":{"line":94,"column":4},"end":{"line":96,"column":10}},"line":94},"6":{"name":"(anonymous_6)","decl":{"start":{"line":104,"column":19},"end":{"line":104,"column":20}},"loc":{"start":{"line":105,"column":4},"end":{"line":107,"column":9}},"line":105},"7":{"name":"(anonymous_7)","decl":{"start":{"line":115,"column":20},"end":{"line":115,"column":21}},"loc":{"start":{"line":115,"column":33},"end":{"line":134,"column":1}},"line":115},"8":{"name":"(anonymous_8)","decl":{"start":{"line":140,"column":22},"end":{"line":140,"column":23}},"loc":{"start":{"line":140,"column":33},"end":{"line":151,"column":1}},"line":140},"9":{"name":"(anonymous_9)","decl":{"start":{"line":142,"column":35},"end":{"line":142,"column":36}},"loc":{"start":{"line":142,"column":40},"end":{"line":142,"column":76}},"line":142},"10":{"name":"(anonymous_10)","decl":{"start":{"line":153,"column":15},"end":{"line":153,"column":16}},"loc":{"start":{"line":153,"column":32},"end":{"line":184,"column":1}},"line":153},"11":{"name":"(anonymous_11)","decl":{"start":{"line":155,"column":13},"end":{"line":155,"column":14}},"loc":{"start":{"line":155,"column":19},"end":{"line":155,"column":47}},"line":155
[...]
nd":{"line":9,"column":76}},"5":{"start":{"line":10,"column":21},"end":{"line":10,"column":78}},"6":{"start":{"line":12,"column":18},"end":{"line":18,"column":72}},"7":{"start":{"line":20,"column":18},"end":{"line":20,"column":28}},"8":{"start":{"line":22,"column":16},"end":{"line":28,"column":24}},"9":{"start":{"line":30,"column":8},"end":{"line":42,"column":39}},"10":{"start":{"line":38,"column":16},"end":{"line":40,"column":33}},"11":{"start":{"line":44,"column":22},"end":{"line":47,"column":14}},"12":{"start":{"line":45,"column":24},"end":{"line":45,"column":30}},"13":{"start":{"line":46,"column":30},"end":{"line":46,"column":59}},"14":{"start":{"line":49,"column":16},"end":{"line":52,"column":19}},"15":{"start":{"line":54,"column":8},"end":{"line":56,"column":39}},"16":{"start":{"line":59,"column":8},"end":{"line":60,"column":38}},"17":{"start":{"line":62,"column":8},"end":{"line":73,"column":9}},"18":{"start":{"line":63,"column":12},"end":{"line":72,"column":50}},"19":{"start":{"line":65,"column":30},"end":{"line":65,"column":31}},"20":{"start":{"line":68,"column":32},"end":{"line":68,"column":58}},"21":{"start":{"line":69,"column":32},"end":{"line":69,"column":77}},"22":{"start":{"line":69,"column":53},"end":{"line":69,"column":65}},"23":{"start":{"line":70,"column":37},"end":{"line":70,"column":91}},"24":{"start":{"line":70,"column":67},"end":{"line":70,"column":79}},"25":{"start":{"line":71,"column":36},"end":{"line":71,"column":94}},"26":{"start":{"line":75,"column":8},"end":{"line":81,"column":9}},"27":{"start":{"line":76,"column":12},"end":{"line":80,"column":13}},"28":{"start":{"line":77,"column":16},"end":{"line":79,"column":18}},"29":{"start":{"line":78,"column":20},"end":{"line":78,"column":34}},"30":{"start":{"line":84,"column":4},"end":{"line":86,"column":5}}},"fnMap":{"0":{"name":"(anonymous_0)","decl":{"start":{"line":4,"column":22},"end":{"line":4,"column":23}},"loc":{"start":{"line":4,"column":34},"end":{"line":87,"column":1}},"line":4},"1":{"name":"(anonymous_1)","decl":{"start":{"line":7,"column":14},"end":{"line":7,"column":15}},"loc":{"start":{"line":7,"column":20},"end":{"line":82,"column":5}},"line":7},"2":{"name":"(anonymous_2)","decl":{"start":{"line":37,"column":18},"end":{"line":37,"column":19}},"loc":{"start":{"line":38,"column":16},"end":{"line":40,"column":33}},"line":38},"3":{"name":"(anonymous_3)","decl":{"start":{"line":45,"column":19},"end":{"line":45,"column":20}},"loc":{"start":{"line":45,"column":24},"end":{"line":45,"column":30}},"line":45},"4":{"name":"(anonymous_4)","decl":{"start":{"line":46,"column":24},"end":{"line":46,"column":25}},"loc":{"start":{"line":46,"column":30},"end":{"line":46,"column":59}},"line":46},"5":{"name":"(anonymous_5)","decl":{"start":{"line":65,"column":25},"end":{"line":65,"column":26}},"loc":{"start":{"line":65,"column":30},"end":{"line":65,"column":31}},"line":65},"6":{"name":"(anonymous_6)","decl":{"start":{"line":68,"column":27},"end":{"line":68,"column":28}},"loc":{"start":{"line":68,"column":32},"end":{"line":68,"column":58}},"line":68},"7":{"name":"(anonymous_7)","decl":{"start":{"line":69,"column":27},"end":{"line":69,"column":28}},"loc":{"start":{"line":69,"column":32},"end":{"line":69,"column":77}},"line":69},"8":{"name":"(anonymous_8)","decl":{"start":{"line":69,"column":43},"end":{"line":69,"column":44}},"loc":{"start":{"line":69,"column":53},"end":{"line":69,"column":65}},"line":69},"9":{"name":"(anonymous_9)","decl":{"start":{"line":70,"column":32},"end":{"line":70,"column":33}},"loc":{"start":{"line":70,"column":37},"end":{"line":70,"column":91}},"line":70},"10":{"name":"(anonymous_10)","decl":{"start":{"line":70,"column":57},"end":{"line":70,"column":58}},"loc":{"start":{"line":70,"column":67},"end":{"line":70,"column":79}},"line":70},"11":{"name":"(anonymous_11)","decl":{"start":{"line":71,"column":31},"end":{"line":71,"column":32}},"loc":{"start":{"line":71,"column":36},"end":{"line":71,"column":94}},"line":71},"12":{"name":"(anonymous_12)","decl":{"start":{"line":75,"column":15},"end":{"line":75,"column":16}},"loc":{"start":{"line":75,"column":21},"end":{"line":81,"column":9}},"line":75},"13":{"name":"(anonymous_13)","decl":{"start":{"line":77,"column":49},"end":{"line":77,"column":50}},"loc":{"start":{"line":77,"column":58},"end":{"line":79,"column":17}},"line":77}},"branchMap":{"0":{"loc":{"start":{"line":62,"column":8},"end":{"line":73,"column":9}},"type":"if","locations":[{"start":{"line":62,"column":8},"end":{"line":73,"column":9}},{"start":{"line":62,"column":8},"end":{"line":73,"column":9}}],"line":62},"1":{"loc":{"start":{"line":76,"column":12},"end":{"line":80,"column":13}},"type":"if","locations":[{"start":{"line":76,"column":12},"end":{"line":80,"column":13}},{"start":{"line":76,"column":12},"end":{"line":80,"column":13}}],"line":76}},"s":{"0":8,"1":117,"2":117,"3":117,"4":117,"5":117,"6":117,"7":117,"8":117,"9":117,"10":117,"11":117,"12":79,"13":117,"14":117,"15":117,"16":117,"17":117,"18":79,"19":79,"20":79,"21":79,"22":79,"23":79,"24":79,"25":79,"26":117,"27":117,"28":80,"29":80,"30":117},"f":{"0":117,"1":117,"2":117,"3":79,"4":117,"5":79,"6":79,"7":79,"8":79,"9":79,"10":79,"11":79,"12":117,"13":80},"b":{"0":[79,38],"1":[80,37]},"_coverageSchema":"1a1c01bbd47fc00a2c39e90264f33305004495a9","hash":"a4b70b23c6915bc53c422d716884c98a38842dfa"}
,"/mnt/hkrdata/src/gpmt/gpmt-webapp/src/visualisations/lineChart.jsx": {"path":"/mnt/hkrdata/src/gpmt/gpmt-webapp/src/visualisations/lineChart.jsx","statementMap":{"0":{"start":{"line":4,"column":18},"end":{"line":86,"column":1}},"1":{"start":{"line":5,"column":18},"end":{"line":5,"column":30}},"2":{"start":{"line":7,"column":4},"end":{"line":81,"column":6}},"3":{"start":{"line":8,"column":8},"end":{"line":8,"column":25}},"4":{"start":{"line":10,"column":21},"end":{"line":10,"column":63}},"5":{"start":{"line":11,"column":20},"end":{"line":11,"column":76}},"6":{"start":{"line":12,"column":21},"end":{"line":12,"column":78}},"7":{"start":{"line":14,"column":18},"end":{"line":20,"column":72}},"8":{"start":{"line":22,"column":18},"end":{"line":22,"column":28}},"9":{"start":{"line":24,"column":16},"end":{"line":30,"column":24}},"10":{"start":{"line":32,"column":8},"end":{"line":40,"column":39}},"11":{"start":{"line":36,"column":16},"end":{"line":38,"column":33}},"12":{"start":{"line":42,"column":16},"end":{"line":45,"column":19}},"13":{"start":{"line":47,"column":8},"end":{"line":49,"column":39}},"14":{"start":{"line":51,"column":8},"end":{"line":52,"column":38}},"15":{"start":{"line":64,"column":8},"end":{"line":72,"column":42}},"16":{"start":{"line":70,"column":24},"end":{"line":70,"column":33}},"17":{"start":{"line":71,"column":24},"end":{"line":71,"column":39}},"18":{"start":{"line":74,"column":8},"end":{"line":80,"column":9}},"19":{"start":{"line":75,"column":12},"end":{"line":79,"column":13}},"20":{"start":{"line":76,"column":16},"end":{"line":78,"column":18}},"21":{"start":{"line":77,"column":20},"end":{"line":77,"column":34}},"22":{"start":{"line":83,"column":4},"end":{"line":85,"column":5}}},"fnMap":{"0":{"name":"(anonymous_0)","decl":{"start":{"line":4,"column":18},"end":{"line":4,"column":19}},"loc":{"start":{"line":4,"column":46},"end":{"line":86,"column":1}},"line":4},"1":{"name":"(anonymous_1)","decl":{"start":{"line":7,"column":14},"end":{"line":7,"column":15}},"loc":{"start":{"line":7,"column":20},"end":{"line":81,"column":5}},"line":7},"2":{"name":"(anonymous_2)","decl":{"start":{"line":35,"column":18},"end":{"line":35,"column":19}},"loc":{"start":{"line":36,"column":16},"end":{"line":38,"column":33}},"line":36},"3":{"name":"(anonymous_3)","decl":{"start":{"line":70,"column":19},"end":{"line":70,"column":20}},"loc":{"start":{"line":70,"column":24},"end":{"line":70,"column":33}},"line":70},"4":{"name":"(anonymous_4)","decl":{"start":{"line":71,"column":19},"end":{"line":71,"column":20}},"loc":{"start":{"line":71,"column":24},"end":{"line":71,"column":39}},"line":71},"5":{"name":"(anonymous_5)","decl":{"start":{"line":74,"column":15},"end":{"line":74,"column":16}},"loc":{"start":{"line":74,"column":21},"end":{"line":80,"column":9}},"line":74},"6":{"name":"(anonymous_6)","decl":{"start":{"line":76,"column":49},"end":{"line":76,"column":50}},"loc":{"start":{"line":76,"column":58},"end":{"line":78,"column":17}},"line":76}},"branchMap":{"0":{"loc":{"start":{"line":8,"column":15},"end":{"line":8,"column":25}},"type":"binary-expr","locations":[{"start":{"line":8,"column":15},"end":{"line":8,"column":19}},{"start":{"line":8,"column":23},"end":{"line":8,"column":25}}],"line":8},"1":{"loc":{"start":{"line":75,"column":12},"end":{"line":79,"column":13}},"type":"if","locations":[{"start":{"line":75,"column":12},"end":{"line":79,"column":13}},{"start":{"line":75,"column":12},"end":{"line":79,"column":13}}],"line":75}},"s":{"0":8,"1":6,"2":6,"3":6,"4":6,"5":6,"6":6,"7":6,"8":6,"9":6,"10":6,"11":6,"12":6,"13":6,"14":6,"15":6,"16":96,"17":96,"18":6,"19":6,"20":5,"21":5,"22":6},"f":{"0":6,"1":6,"2":6,"3":96,"4":96,"5":6,"6":5},"b":{"0":[6,0],"1":[5,1]},"_coverageSchema":"1a1c01bbd47fc00a2c39e90264f33305004495a9","hash":"d003de9bf84563625c1d090509055af8c12ebe81"}
,"/mnt/hkrdata/src/gpmt/gpmt-webapp/src/visualisations/micturitionChart.jsx": {"path":"/mnt/hkrdata/src/gpmt/gpmt-webapp/src/visualisations/micturitionChart.jsx","statementMap":{"0":{"start":{"line":4,"column":25},"end":{"line":94,"column":1}},"1":{"start":{"line":5,"column":18},"end":{"line":5,"column":30}},"2":{"start":{"line":7,"column":19},"end":{"line":9,"column":5}},"3":{"start":{"line":11,"column":4},"end":{"line":89,"column":6}},"4":{"start":{"line":12,"column":21},"end":{"line":12,"column":63}},"5":{"start":{"line":13,"column":20},"end":{"line":13,"column":76}},"6":{"start":{"line":14,"column":21},"end":{"line":14,"column":78}},"7":{"start":{"line":16,"column":18},"end":{"line":22,"column":72}},"8":{"start":{"line":25,"column":18},"end":{"line":25,"column":28}},"9":{"start":{"line":27,"column":16},"end":{"line":33,"column":24}},"10":{"start":{"line":35,"column":8},"end":{"line":47,"column":39}},"11":{"start":{"line":43,"column":16},"end":{"line":45,"column":33}},"12":{"start":{"line":49,"column":22},"end":{"line":52,"column":14}},"13":{"start":{"line":50,"column":24},"end":{"line":50,"column":30}},"14":{"start":{"line":51,"column":30},"end":{"line":51,"column":59}},"15":{"start":{"line":54,"column":16},"end":{"line":57,"column":19}},"16":{"start":{"line":59,"column":8},"end":{"line":61,"column":39}},"17":{"start":{"line":64,"column":8},"end":{"line":65,"column":38}},"18":{"start":{"line":68,"column":8},"end":{"line":80,"column":9}},"19":{"start":{"line":69,"column":12},"end":{"line":78,"column":50}},"20":{"start":{"line":74,"column":32},"end":{"line":74,"column":58}},"21":{"start":{"line":75,"column":32},"end":{"line":75,"column":43}},"22":{"start":{"line":76,"column":37},"end":{"line":76,"column":57}},"23":{"start":{"line":77,"column":36},"end":{"line":77,"column":94}},"24":{"start":{"line":82,"column":8},"end":{"line":88,"column":9}},"25":{"start":{"line":83,"column":12},"end":{"line":87,"column":13}},"26":{"start":{"line":84,"column":16},"end":{"line":86,"column":18}},"27":{"start":{"line":85,"column":20},"end":{"line":85,"column":34}},"28":{"start":{"line":91,"column":4},"end":{"line":93,"column":5}}},"fnMap":{"0":{"name":"(anonymous_0)","decl":{"start":{"line":4,"column":25},"end":{"line":4,"column":26}},"loc":{"start":{"line":4,"column":53},"end":{"line":94,"column":1}},"line":4},"1":{"name":"(anonymous_1)","decl":{"start":{"line":7,"column":19},"end":{"line":7,"column":20}},"loc":{"start":{"line":7,"column":25},"end":{"line":9,"column":5}},"line":7},"2":{"name":"(anonymous_2)","decl":{"start":{"line":11,"column":14},"end":{"line":11,"column":15}},"loc":{"start":{"line":11,"column":20},"end":{"line":89,"column":5}},"line":11},"3":{"name":"(anonymous_3)","decl":{"start":{"line":42,"column":18},"end":{"line":42,"column":19}},"loc":{"start":{"line":43,"column":16},"end":{"line":45,"column":33}},"line":43},"4":{"name":"(anonymous_4)","decl":{"start":{"line":50,"column":19},"end":{"line":50,"column":20}},"loc":{"start":{"line":50,"column":24},"end":{"line":50,"column":30}},"line":50},"5":{"name":"(anonymous_5)","decl":{"start":{"line":51,"column":24},"end":{"line":51,"column":25}},"loc":{"start":{"line":51,"column":30},"end":{"line":51,"column":59}},"line":51},"6":{"name":"(anonymous_6)","decl":{"start":{"line":74,"column":27},"end":{"line":74,"column":28}},"loc":{"start":{"line":74,"column":32},"end":{"line":74,"column":58}},"line":74},"7":{"name":"(anonymous_7)","decl":{"start":{"line":75,"column":27},"end":{"line":75,"column":28}},"loc":{"start":{"line":75,"column":32},"end":{"line":75,"column":43}},"line":75},"8":{"name":"(anonymous_8)","decl":{"start":{"line":76,"column":32},"end":{"line":76,"column":33}},"loc":{"start":{"line":76,"column":37},"end":{"line":76,"column":57}},"line":76},"9":{"name":"(anonymous_9)","decl":{"start":{"line":77,"column":31},"end":{"line":77,"column":32}},"loc":{"start":{"line":77,"column":36},"end":{"line":77,"column":94}},"line":77},"10":{"name":"(anonymous_10)","decl":{"start":{"line":82,"column":15},"end":{"line":82,"column":16}},"loc":{"start":{"line":82,"column":21},"end":{"line":88,"column":9}},"line":82},"11":{"name":"(anonymous_11)","decl":{"start":{"line":84,"column":49},"end":{"line":84,"column":50}},"loc":{"start":{"line":84,"column":58},"end":{"line":86,"column":17}},"line":84}},"branchMap":{"0":{"loc":{"start":{"line":68,"column":8},"end":{"line":80,"column":9}},"type":"if","locations":[{"start":{"line":68,"column":8},"end":{"line":80,"column":9}},{"start":{"line":68,"column":8},"end":{"line":80,"column":9}}],"line":68},"1":{"loc":{"start":{"line":83,"column":12},"end":{"line":87,"column":13}},"type":"if","locations":[{"start":{"line":83,"column":12},"end":{"line":87,"column":13}},{"start":{"line":83,"column":12},"end":{"line":87,"column":13}}],"line":83}},"s":{"0":8,"1":117,"2":117,"3":117,"4":117,"5":117,"6":117,"7":117,"8":117,"9":117,"10":117,"11":117,"12":117,"13":91,"14":117,"15":117,"16":117,"17":117,"18":117,"19":91,"20":91,"21":91,"22":91,"23":91,"24":117,"25":117,"26":80,"27":80,"28":117},"f":{"0":117,"1":0,"2":117,"3":117,"4":91,"5":117,"6":91,"7":91,"8":91,"9":91,"10":117,"11":80},"b":{"0":[91,26],"1":[80,37]},"_coverageSchema":"1a1c01bbd47fc00a2c39e90264f33305004495a9","hash":"e20bfb65b6ba82d0e34f7a333153e31a8355fe6f"}
,"/mnt/hkrdata/src/gpmt/gpmt-webapp/src/visualisations/stressChart.jsx": {"path":"/mnt/hkrdata/src/gpmt/gpmt-webapp/src/visualisations/stressChart.jsx","statementMap":{"0":{"start":{"line":4,"column":20},"end":{"line":90,"column":1}},"1":{"start":{"line":6,"column":18},"end":{"line":6,"column":30}},"2":{"start":{"line":8,"column":4},"end":{"line":85,"column":6}},"3":{"start":{"line":9,"column":21},"end":{"line":9,"column":63}},"4":{"start":{"line":10,"column":20},"end":{"line":10,"column":76}},"5":{"start":{"line":11,"column":21},"end":{"line":11,"column":78}},"6":{"start":{"line":13,"column":18},"end":{"line":19,"column":72}},"7":{"start":{"line":21,"column":18},"end":{"line":21,"column":28}},"8":{"start":{"line":23,"column":16},"end":{"line":29,"column":24}},"9":{"start":{"line":31,"column":8},"end":{"line":43,"column":39}},"10":{"start":{"line":39,"column":16},"end":{"line":41,"column":33}},"11":{"start":{"line":46,"column":22},"end":{"line":49,"column":14}},"12":{"start":{"line":47,"column":24},"end":{"line":47,"column":30}},"13":{"start":{"line":48,"column":30},"end":{"line":48,"column":59}},"14":{"start":{"line":51,"column":16},"end":{"line":54,"column":19}},"15":{"start":{"line":56,"column":8},"end":{"line":58,"column":39}},"16":{"start":{"line":61,"column":8},"end":{"line":62,"column":38}},"17":{"start":{"line":64,"column":8},"end":{"line":76,"column":9}},"18":{"start":{"line":65,"column":12},"end":{"line":74,"column":50}},"19":{"start":{"line":70,"column":32},"end":{"line":70,"column":58}},"20":{"start":{"line":71,"column":32},"end":{"line":71,"column":80}},"21":{"start":{"line":71,"column":53},"end":{"line":71,"column":64}},"22":{"start":{"line":72,"column":37},"end":{"line":72,"column":94}},"23":{"start":{"line":72,"column":67},"end":{"line":72,"column":78}},"24":{"start":{"line":73,"column":36},"end":{"line":73,"column":94}},"25":{"start":{"line":78,"column":8},"end":{"line":84,"column":9}},"26":{"start":{"line":79,"column":12},"end":{"line":83,"column":13}},"27":{"start":{"line":80,"column":16},"end":{"line":82,"column":18}},"28":{"start":{"line":81,"column":20},"end":{"line":81,"column":34}},"29":{"start":{"line":87,"column":4},"end":{"line":89,"column":5}}},"fnMap":{"0":{"name":"(anonymous_0)","decl":{"start":{"line":4,"column":20},"end":{"line":4,"column":21}},"loc":{"start":{"line":4,"column":32},"end":{"line":90,"column":1}},"line":4},"1":{"name":"(anonymous_1)","decl":{"start":{"line":8,"column":14},"end":{"line":8,"column":15}},"loc":{"start":{"line":8,"column":20},"end":{"line":85,"column":5}},"line":8},"2":{"name":"(anonymous_2)","decl":{"start":{"line":38,"column":18},"end":{"line":38,"column":19}},"loc":{"start":{"line":39,"column":16},"end":{"line":41,"column":33}},"line":39},"3":{"name":"(anonymous_3)","decl":{"start":{"line":47,"column":19},"end":{"line":47,"column":20}},"loc":{"start":{"line":47,"column":24},"end":{"line":47,"column":30}},"line":47},"4":{"name":"(anonymous_4)","decl":{"start":{"line":48,"column":24},"end":{"line":48,"column":25}},"loc":{"start":{"line":48,"column":30},"end":{"line":48,"column":59}},"line":48},"5":{"name":"(anonymous_5)","decl":{"start":{"line":70,"column":27},"end":{"line":70,"column":28}},"loc":{"start":{"line":70,"column":32},"end":{"line":70,"column":58}},"line":70},"6":{"name":"(anonymous_6)","decl":{"start":{"line":71,"column":27},"end":{"line":71,"column":28}},"loc":{"start":{"line":71,"column":32},"end":{"line":71,"column":80}},"line":71},"7":{"name":"(anonymous_7)","decl":{"start":{"line":71,"column":43},"end":{"line":71,"column":44}},"loc":{"start":{"line":71,"column":53},"end":{"line":71,"column":64}},"line":71},"8":{"name":"(anonymous_8)","decl":{"start":{"line":72,"column":32},"end":{"line":72,"column":33}},"loc":{"start":{"line":72,"column":37},"end":{"line":72,"column":94}},"line":72},"9":{"name":"(anonymous_9)","decl":{"start":{"line":72,"column":57},"end":{"line":72,"column":58}},"loc":{"start":{"line":72,"column":67},"end":{"line":72,"column":78}},"line":72},"10":{"name":"(anonymous_10)","decl":{"start":{"line":73,"column":31},"end":{"line":73,"column":32}},"loc":{"start":{"line":73,"column":36},"end":{"line":73,"column":94}},"line":73},"11":{"name":"(anonymous_11)","decl":{"start":{"line":78,"column":15},"end":{"line":78,"column":16}},"loc":{"start":{"line":78,"column":21},"end":{"line":84,"column":9}},"line":78},"12":{"name":"(anonymous_12)","decl":{"start":{"line":80,"column":49},"end":{"line":80,"column":50}},"loc":{"start":{"line":80,"column":58},"end":{"line":82,"column":17}},"line":80}},"branchMap":{"0":{"loc":{"start":{"line":64,"column":8},"end":{"line":76,"column":9}},"type":"if","locations":[{"start":{"line":64,"column":8},"end":{"line":76,"column":9}},{"start":{"line":64,"column":8},"end":{"line":76,"column":9}}],"line":64},"1":{"loc":{"start":{"line":79,"column":12},"end":{"line":83,"column":13}},"type":"if","locations":[{"start":{"line":79,"column":12},"end":{"line":83,"column":13}},{"start":{"line":79,"column":12},"end":{"line":83,"column":13}}],"line":79}},"s":{"0":8,"1":111,"2":111,"3":111,"4":111,"5":111,"6":111,"7":111,"8":111,"9":111,"10":111,"11":111,"12":62,"13":111,"14":111,"15":111,"16":111,"17":111,"18":62,"19":62,"20":62,"21":62,"22":62,"23":62,"24":62,"25":111,"26":111,"27":75,"28":75,"29":111},"f":{"0":111,"1":111,"2":111,"3":62,"4":111,"5":62,"6":62,"7":62,"8":62,"9":62,"10":62,"11":111,"12":75},"b":{"0":[62,49],"1":[75,36]},"_coverageSchema":"1a1c01bbd47fc00a2c39e90264f33305004495a9","hash":"c73b7ec4c44b23549c9e388261348c1e993861c5"}
}
