{"/mnt/hkrdata/src/gpmt/gpmt-webapp/src/actions.js": {"path":"/mnt/hkrdata/src/gpmt/gpmt-webapp/src/actions.js","statementMap":{"0":{"start":{"line":3,"column":26},"end":{"line":31,"column":1}},"1":{"start":{"line":12,"column":6},"end":{"line":31,"column":1}},"2":{"start":{"line":13,"column":4},"end":{"line":13,"column":20}},"3":{"start":{"line":14,"column":25},"end":{"line":23,"column":6}},"4":{"start":{"line":26,"column":4},"end":{"line":30,"column":5}},"5":{"start":{"line":27,"column":8},"end":{"line":27,"column":32}},"6":{"start":{"line":29,"column":8},"end":{"line":29,"column":43}},"7":{"start":{"line":33,"column":26},"end":{"line":53,"column":1}},"8":{"start":{"line":36,"column":5},"end":{"line":53,"column":1}},"9":{"start":{"line":37,"column":4},"end":{"line":52,"column":5}},"10":{"start":{"line":38,"column":8},"end":{"line":38,"column":18}},"11":{"start":{"line":39,"column":35},"end":{"line":42,"column":9}},"12":{"start":{"line":44,"column":8},"end":{"line":48,"column":9}},"13":{"start":{"line":45,"column":12},"end":{"line":45,"column":46}},"14":{"start":{"line":46,"column":15},"end":{"line":48,"column":9}},"15":{"start":{"line":47,"column":12},"end":{"line":47,"column":28}},"16":{"start":{"line":51,"column":8},"end":{"line":51,"column":41}},"17":{"start":{"line":55,"column":27},"end":{"line":59,"column":1}},"18":{"start":{"line":55,"column":33},"end":{"line":59,"column":1}},"19":{"start":{"line":56,"column":4},"end":{"line":58,"column":5}},"20":{"start":{"line":57,"column":8},"end":{"line":57,"column":27}},"21":{"start":{"line":61,"column":32},"end":{"line":83,"column":1}},"22":{"start":{"line":61,"column":38},"end":{"line":83,"column":1}},"23":{"start":{"line":62,"column":4},"end":{"line":82,"column":5}},"24":{"start":{"line":63,"column":8},"end":{"line":63,"column":18}},"25":{"start":{"line":64,"column":8},"end":{"line":80,"column":9}},"26":{"start":{"line":65,"column":35},"end":{"line":65,"column":58}},"27":{"start":{"line":67,"column":12},"end":{"line":69,"column":13}},"28":{"start":{"line":68,"column":16},"end":{"line":68,"column":42}},"29":{"start":{"line":71,"column":12},"end":{"line":75,"column":13}},"30":{"start":{"line":77,"column":12},"end":{"line":77,"column":35}},"31":{"start":{"line":79,"column":12},"end":{"line":79,"column":38}},"32":{"start":{"line":85,"column":28},"end":{"line":97,"column":1}},"33":{"start":{"line":85,"column":39},"end":{"line":97,"column":1}},"34":{"start":{"line":86,"column":84},"end":{"line":86,"column":112}},"35":{"start":{"line":87,"column":4},"end":{"line":87,"column":45}},"36":{"start":{"line":88,"column":4},"end":{"line":88,"column":38}},"37":{"start":{"line":89,"column":4},"end":{"line":93,"column":7}},"38":{"start":{"line":89,"column":60},"end":{"line":93,"column":5}},"39":{"start":{"line":94,"column":4},"end":{"line":94,"column":62}},"40":{"start":{"line":95,"column":15},"end":{"line":95,"column":30}},"41":{"start":{"line":96,"column":4},"end":{"line":96,"column":56}},"42":{"start":{"line":99,"column":22},"end":{"line":122,"column":1}},"43":{"start":{"line":100,"column":4},"end":{"line":121,"column":5}},"44":{"start":{"line":101,"column":8},"end":{"line":120,"column":9}},"45":{"start":{"line":102,"column":12},"end":{"line":102,"column":95}},"46":{"start":{"line":103,"column":15},"end":{"line":120,"column":9}},"47":{"start":{"line":104,"column":12},"end":{"line":119,"column":13}},"48":{"start":{"line":106,"column":20},"end":{"line":106,"column":114}},"49":{"start":{"line":107,"column":20},"end":{"line":107,"column":25}},"50":{"start":{"line":109,"column":20},"end":{"line":109,"column":122}},"51":{"start":{"line":110,"column":20},"end":{"line":110,"column":25}},"52":{"start":{"line":112,"column":20},"end":{"line":112,"column":125}},"53":{"start":{"line":113,"column":20},"end":{"line":113,"column":25}},"54":{"start":{"line":115,"column":20},"end":{"line":117,"column":27}},"55":{"start":{"line":116,"column":24},"end":{"line":116,"column":47}},"56":{"start":{"line":118,"column":20},"end":{"line":118,"column":25}},"57":{"start":{"line":128,"column":26},"end":{"line":135,"column":2}},"58":{"start":{"line":128,"column":56},"end":{"line":135,"column":1}},"59":{"start":{"line":137,"column":30},"end":{"line":144,"column":2}},"60":{"start":{"line":137,"column":57},"end":{"line":144,"column":1}},"61":{"start":{"line":146,"column":25},"end":{"line":154,"column":2}},"62":{"start":{"line":146,"column":59},"end":{"line":154,"column":1}},"63":{"start":{"line":156,"column":27},"end":{"line":164,"column":2}},"64":{"start":{"line":156,"column":62},"end":{"line":164,"column":1}},"65":{"start":{"line":166,"column":24},"end":{"line":174,"column":2}},"66":{"start":{"line":166,"column":55},"end":{"line":174,"column":1}},"67":{"start":{"line":180,"column":27},"end":{"line":185,"column":2}},"68":{"start":{"line":180,"column":40},"end":{"line":185,"column":1}},"69":{"start":{"line":187,"column":30},"end":{"line":192,"column":2}},"70":{"start":{"line":187,"column":42},"end":{"line":192,"column":1}},"71":{"start":{"line":194,"column":27},"end":{"line":199,"column":2}},"72":{"start":{"line":194,"column":39},"end":{"line":199,"column":1}},"73":{"start":{"line":201,"column":41},"end":{"line":206,"column":2}},"74":{"start":{"line":201,"column":59},"end":{"line":206,"column":1}},"75":{"start":{"line":208,"column":23},"end":{"line":213,"column":2}},"76":{"start":{"line":208,"column":34},"end":{"line":213,"column":1}},"77":{"start":{"line":215,"column":25},"end":{"line":220,"column":2}},"78":{"start":{"line":215,"column":38},"end":{"line":220,"column":1}},"79":{"start":{"line":222,"column":25},"end":{"line":227,"column":2}},"80":{"start":{"line":222,"column":39},"end":{"line":227,"column":1}},"81":{"start":{"line":229,"column":31},"end":{"line":234,"column":2}},"82":{"start":{"line":229,"column":43},"end":{"line":234,"column":1}},"83":{"start":{"line":240,"column":28},"end":{"line":251,"column":1}},"84":{"start":{"line":240,"column":43},"end":{"line":251,"column":1}},"85":{"start":{"line":241,"column":4},"end":{"line":250,"column":5}},"86":{"start":{"line":242,"column":8},"end":{"line":242,"column":39}},"87":{"start":{"line":243,"column":36},"end":{"line":243,"column":68}},"88":{"start":{"line":244,"column":8},"end":{"line":247,"column":11}},"89":{"start":{"line":244,"column":38},"end":{"line":247,"column":9}},"90":{"start":{"line":248,"column":8},"end":{"line":248,"column":40}},"91":{"start":{"line":249,"column":8},"end":{"line":249,"column":39}},"92":{"start":{"line":253,"column":31},"end":{"line":265,"column":1}},"93":{"start":{"line":253,"column":44},"end":{"line":265,"column":1}},"94":{"start":{"line":254,"column":4},"end":{"line":264,"column":5}},"95":{"start":{"line":255,"column":8},"end":{"line":255,"column":42}},"96":{"start":{"line":256,"column":35},"end":{"line":256,"column":70}},"97":{"start":{"line":257,"column":8},"end":{"line":261,"column":11}},"98":{"start":{"line":257,"column":36},"end":{"line":261,"column":9}},"99":{"start":{"line":262,"column":8},"end":{"line":262,"column":41}},"100":{"start":{"line":263,"column":8},"end":{"line":263,"column":43}},"101":{"start":{"line":267,"column":42},"end":{"line":279,"column":1}},"102":{"start":{"line":267,"column":55},"end":{"line":279,"column":1}},"103":{"start":{"line":268,"column":4},"end":{"line":278,"column":5}},"104":{"start":{"line":269,"column":8},"end":{"line":269,"column":52}},"105":{"start":{"line":270,"column":39},"end":{"line":270,"column":84}},"106":{"start":{"line":271,"column":8},"end":{"line":275,"column":11}},"107":{"start":{"line":271,"column":44},"end":{"line":275,"column":9}},"108":{"start":{"line":276,"column":8},"end":{"line":276,"column":53}},"109":{"start":{"line":277,"column":8},"end":{"line":277,"column":56}},"110":{"start":{"line":281,"column":28},"end":{"line":293,"column":1}},"111":{"start":{"line":281,"column":41},"end":{"line":293,"column":1}},"112":{"start":{"line":282,"column":4},"end":{"line":292,"column":5}},"113":{"start":{"line":283,"column":8},"end":{"line":283,"column":39}},"114":{"start":{"line":284,"column":35},"end":{"line":284,"column":67}},"115":{"start":{"line":285,"column":8},"end":{"line":289,"column":11}},"116":{"start":{"line":285,"column":36},"end":{"line":289,"column":9}},"117":{"start":{"line":290,"column":8},"end":{"line":290,"column":38}},"118":{"start":{"line":291,"column":8},"end":{"line":291,"column":40}},"119":{"start":{"line":295,"column":26},"end":{"line":308,"column":1}},"120":{"start":{"line":295,"column":39},"end":{"line":308,"column":1}},"121":{"start":{"line":296,"column":4},"end":{"line":307,"column":5}},"122":{"start":{"line":297,"column":8},"end":{"line":297,"column":37}},"123":{"start":{"line":298,"column":35},"end":{"line":298,"column":65}},"124":{"start":{"line":299,"column":8},"end":{"line":304,"column":11}},"125":{"start":{"line":299,"column":36},"end":{"line":304,"column":9}},"126":{"start":{"line":305,"column":8},"end":{"line":305,"column":36}},"127":{"start":{"line":306,"column":8},"end":{"line":306,"column":38}},"128":{"start":{"line":310,"column":26},"end":{"line":325,"column":1}},"129":{"start":{"line":310,"column":41},"end":{"line":325,"column":1}},"130":{"start":{"line":311,"column":4},"end":{"line":324,"column":5}},"131":{"start":{"line":312,"column":8},"end":{"line":312,"column":37}},"132":{"start":{"line":313,"column":37},"end":{"line":313,"column":67}},"133":{"start":{"line":315,"column":8},"end":{"line":322,"column":9}},"134":{"start":{"line":316,"column":12},"end":{"line":320,"column":13}},"135":{"start":{"line":316,"column":24},"end":{"line":316,"column":25}},"136":{"start":{"line":317,"column":16},"end":{"line":317,"column":91}},"137":{"start":{"line":318,"column":16},"end":{"line":318,"column":57}},"138":{"start":{"line":319,"column":16},"end":{"line":319,"column":67}},"139":{"start":{"line":321,"column":12},"end":{"line":321,"column":39}},"140":{"start":{"line":323,"column":8},"end":{"line":323,"column":38}},"141":{"start":{"line":331,"column":30},"end":{"line":340,"column":1}},"142":{"start":{"line":331,"column":35},"end":{"line":340,"column":1}},"143":{"start":{"line":332,"column":25},"end":{"line":332,"column":52}},"144":{"start":{"line":334,"column":4},"end":{"line":339,"column":5}},"145":{"start":{"line":335,"column":8},"end":{"line":338,"column":10}},"146":{"start":{"line":342,"column":33},"end":{"line":351,"column":1}},"147":{"start":{"line":342,"column":38},"end":{"line":351,"column":1}},"148":{"start":{"line":343,"column":26},"end":{"line":343,"column":56}},"149":{"start":{"line":345,"column":4},"end":{"line":350,"column":5}},"150":{"start":{"line":346,"column":8},"end":{"line":349,"column":10}},"151":{"start":{"line":353,"column":28},"end":{"line":362,"column":1}},"152":{"start":{"line":353,"column":33},"end":{"line":362,"column":1}},"153":{"start":{"line":354,"column":26},"end":{"line":354,"column":51}},"154":{"start":{"line":356,"column":4},"end":{"line":361,"column":5}},"155":{"start":{"line":357,"column":8},"end":{"line":360,"column":10}},"156":{"start":{"line":364,"column":26},"end":{"line":373,"column":1}},"157":{"start":{"line":364,"column":31},"end":{"line":373,"column":1}},"158":{"start":{"line":365,"column":25},"end":{"line":365,"column":48}},"159":{"start":{"line":367,"column":4},"end":{"line":372,"column":5}},"160":{"start":{"line":368,"column":8},"end":{"line":371,"column":10}},"161":{"start":{"line":379,"column":30},"end":{"line":388,"column":1}},"162":{"start":{"line":379,"column":39},"end":{"line":388,"column":1}},"163":{"start":{"line":380,"column":4},"end":{"line":380,"column":33}},"164":{"start":{"line":382,"column":4},"end":{"line":387,"column":6}},"165":{"start":{"line":390,"column":33},"end":{"line":399,"column":1}},"166":{"start":{"line":390,"column":42},"end":{"line":399,"column":1}},"167":{"start":{"line":391,"column":4},"end":{"line":391,"column":36}},"168":{"start":{"line":393,"column":4},"end":{"line":398,"column":6}},"169":{"start":{"line":401,"column":28},"end":{"line":410,"column":1}},"170":{"start":{"line":401,"column":38},"end":{"line":410,"column":1}},"171":{"start":{"line":402,"column":4},"end":{"line":402,"column":31}},"172":{"start":{"line":404,"column":4},"end":{"line":409,"column":6}}},"fnMap":{"0":{"name":"(anonymous_0)","decl":{"start":{"line":3,"column":26},"end":{"line":3,"column":27}},"loc":{"start":{"line":12,"column":6},"end":{"line":31,"column":1}},"line":12},"1":{"name":"(anonymous_1)","decl":{"start":{"line":12,"column":6},"end":{"line":12,"column":7}},"loc":{"start":{"line":12,"column":45},"end":{"line":31,"column":1}},"line":12},"2":{"name":"(anonymous_2)","decl":{"start":{"line":33,"column":26},"end":{"line":33,"column":27}},"loc":{"start":{"line":36,"column":5},"end":{"line":53,"column":1}},"line":36},"3":{"name":"(anonymous_3)","decl":{"start":{"line":36,"column":5},"end":{"line":36,"column":6}},"loc":{"start":{"line":36,"column":44},"end":{"line":53,"column":1}},"line":36},"4":{"name":"(anonymous_4)","decl":{"start":{"line":55,"column":27},"end":{"line":55,"column":28}},"loc":{"start":{"line":55,"column":33},"end":{"line":59,"column":1}},"line":55},"5":{"name":"(anonymous_5)","decl":{"start":{"line":55,"column":33},"end":{"line":55,"column":34}},"loc":{"start":{"line":55,"column":57},"end":{"line":59,"column":1}},"line":55},"6":{"name":"(anonymous_6)","decl":{"start":{"line":61,"column":32},"end":{"line":61,"column":33}},"loc":{"start":{"line":61,"column":38},"end":{"line":83,"column":1}},"line":61},"7":{"name":"(anonymous_7)","decl":{"start":{"line":61,"column":38},"end":{"line":61,"column":39}},"loc":{"start":{"line":61,"column":77},"end":{"line":83,"column":1}},"line":61},"8":{"name":"(anonymous_8)","decl":{"start":{"line":85,"column":28},"end":{"line":85,"column":29}},"loc":{"start":{"line":85,"column":39},"end":{"line":97,"column":1}},"line":85},"9":{"name":"(anonymous_9)","decl":{"start":{"line":85,"column":39},"end":{"line":85,"column":40}},"loc":{"start":{"line":85,"column":78},"end":{"line":97,"column":1}},"line":85},"10":{"name":"(anonymous_10)","decl":{"start":{"line":89,"column":54},"end":{"line":89,"column":55}},"loc":{"start":{"line":89,"column":60},"end":{"line":93,"column":5}},"line":89},"11":{"name":"(anonymous_11)","decl":{"start":{"line":99,"column":22},"end":{"line":99,"column":23}},"loc":{"start":{"line":99,"column":44},"end":{"line":122,"column":1}},"line":99},"12":{"name":"(anonymous_12)","decl":{"start":{"line":115,"column":31},"end":{"line":115,"column":32}},"loc":{"start":{"line":115,"column":37},"end":{"line":117,"column":21}},"line":115},"13":{"name":"(anonymous_13)","decl":{"start":{"line":128,"column":26},"end":{"line":128,"column":27}},"loc":{"start":{"line":128,"column":56},"end":{"line":135,"column":1}},"line":128},"14":{"name":"(anonymous_14)","decl":{"start":{"line":137,"column":30},"end":{"line":137,"column":31}},"loc":{"start":{"line":137,"column":57},"end":{"line":144,"column":1}},"line":137},"15":{"name":"(anonymous_15)","decl":{"start":{"line":146,"column":25},"end":{"line":146,"column":26}},"loc":{"start":{"line":146,"column":59},"end":{"line":154,"column":1}},"line":146},"16":{"name":"(anonymous_16)","decl":{"start":{"line":156,"column":27},"end":{"line":156,"column":28}},"loc":{"start":{"line":156,"column":62},"end":{"line":164,"column":1}},"line":156},"17":{"name":"(anonymous_17)","decl":{"start":{"line":166,"column":24},"end":{"line":166,"column":25}},"loc":{"start":{"line":166,"column":55},"end":{"line":174,"column":1}},"line":166},"18":{"name":"(anonymous_18)","decl":{"start":{"line":180,"column":27},"end":{"line":180,"column":28}},"loc":{"start":{"line":180,"column":40},"end":{"line":185,"column":1}},"line":180},"19":{"name":"(anonymous_19)","decl":{"start":{"line":187,"column":30},"end":{"line":187,"column":31}},"loc":{"start":{"line":187,"column":42},"end":{"line":192,"column":1}},"line":187},"20":{"name":"(anonymous_20)","decl":{"start":{"line":194,"column":27},"end":{"line":194,"column":28}},"loc":{"start":{"line":194,"column":39},"end":{"line":199,"column":1}},"line":194},"21":{"name":"(anonymous_21)","decl":{"start":{"line":201,"column":41},"end":{"line":201,"column":42}},"loc":{"start":{"line":201,"column":59},"end":{"line":206,"column":1}},"line":201},"22":{"name":"(anonymous_22)","decl":{"start":{"line":208,"column":23},"end":{"line":208,"column":24}},"loc":{"start":{"line":208,"column":34},"end":{"line":213,"column":1}},"line":208},"23":{"name":"(anonymous_23)","decl":{"start":{"line":215,"column":25},"end":{"line":215,"column":26}},"loc":{"start":{"line":215,"column":38},"end":{"line":220,"column":1}},"line":215},"24":{"name":"(anonymous_24)","decl":{"start":{"line":222,"column":25},"end":{"line":222,"column":26}},"loc":{"start":{"line":222,"column":39},"end":{"line":227,"column":1}},"line":222},"25":{"name":"(anonymous_25)","decl":{"start":{"line":229,"column":31},"end":{"line":229,"column":32}},"loc":{"start":{"line":229,"column":43},"end":{"line":234,"column":1}},"line":229},"26":{"name":"(anonymous_26)","decl":{"start":{"line":240,"column":28},"end":{"line":240,"column":29}},"loc":{"start":{"line":240,"column":43},"end":{"line":251,"column":1}},"line":240},"27":{"name":"(anonymous_27)","decl":{"start":{"line":240,"column":43},"end":{"line":240,"column":44}},"loc":{"start":{"line":240,"column":82},"end":{"line":251,"column":1}},"line":240},"28":{"name":"(anonymous_28)","decl":{"start":{"line":244,"column":32},"end":{"line":244,"column":33}},"loc":{"start":{"line":244,"column":38},"end":{"line":247,"column":9}},"line":244},"29":{"name":"(anonymous_29)","decl":{"start":{"line":253,"column":31},"end":{"line":253,"column":32}},"loc":{"start":{"line":253,"column":44},"end":{"line":265,"column":1}},"line":253},"30":{"name":"(anonymous_30)","decl":{"start":{"line":253,"column":44},"end":{"line":253,"column":45}},"loc":{"start":{"line":253,"column":83},"end":{"line":265,"column":1}},"line":253},"31":{"name":"(anonymous_31)","decl":{"start":{"line":257,"column":30},"end":{"line":257,"column":31}},"loc":{"start":{"line":257,"column":36},"end":{"line":261,"column":9}},"line":257},"32":{"name":"(anonymous_32)","decl":{"start":{"line":267,"column":42},"end":{"line":267,"column":43}},"loc":{"start":{"line":267,"column":55},"end":{"line":279,"column":1}},"line":267},"33":{"name":"(anonymous_33)","decl":{"start":{"line":267,"column":55},"end":{"line":267,"column":56}},"loc":{"start":{"line":267,"column":94},"end":{"line":279,"column":1}},"line":267},"34":{"name":"(anonymous_34)","decl":{"start":{"line":271,"column":38},"end":{"line":271,"column":39}},"loc":{"start":{"line":271,"column":44},"end":{"line":275,"column":9}},"line":271},"35":{"name":"(anonymous_35)","decl":{"start":{"line":281,"column":28},"end":{"line":281,"column":29}},"loc":{"start":{"line":281,"column":41},"end":{"line":293,"column":1}},"line":281},"36":{"name":"(anonymous_36)","decl":{"start":{"line":281,"column":41},"end":{"line":281,"column":42}},"loc":{"start":{"line":281,"column":80},"end":{"line":293,"column":1}},"line":281},"37":{"name":"(anonymous_37)","decl":{"start":{"line":285,"column":30},"end":{"line":285,"column":31}},"loc":{"start":{"line":285,"column":36},"end":{"line":289,"column":9}},"line":285},"38":{"name":"(anonymous_38)","decl":{"start":{"line":295,"column":26},"end":{"line":295,"column":27}},"loc":{"start":{"line":295,"column":39},"end":{"line":308,"column":1}},"line":295},"39":{"name":"(anonymous_39)","decl":{"start":{"line":295,"column":39},"end":{"line":295,"column":40}},"loc":{"start":{"line":295,"column":78},"end":{"line":308,"column":1}},"line":295},"40":{"name":"(anonymous_40)","decl":{"start":{"line":299,"column":30},"end":{"line":299,"column":31}},"loc":{"start":{"line":299,"column":36},"end":{"line":304,"column":9}},"line":299},"41":{"name":"(anonymous_41)","decl":{"start":{"line":310,"column":26},"end":{"line":310,"column":27}},"loc":{"start":{"line":310,"column":41},"end":{"line":325,"column":1}},"line":310},"42":{"name":"(anonymous_42)","decl":{"start":{"line":310,"column":41},"end":{"line":310,"column":42}},"loc":{"start":{"line":310,"column":80},"end":{"line":325,"column":1}},"line":310},"43":{"name":"(anonymous_43)","decl":{"start":{"line":331,"column":30},"end":{"line":331,"column":31}},"loc":{"start":{"line":331,"column":35},"end":{"line":340,"column":1}},"line":331},"44":{"name":"(anonymous_44)","decl":{"start":{"line":331,"column":35},"end":{"line":331,"column":36}},"loc":{"start":{"line":331,"column":74},"end":{"line":340,"column":1}},"line":331},"45":{"name":"(anonymous_45)","decl":{"start":{"line":342,"column":33},"end":{"line":342,"column":34}},"loc":{"start":{"line":342,"column":38},"end":{"line":351,"column":1}},"line":342},"46":{"name":"(anonymous_46)","decl":{"start":{"line":342,"column":38},"end":{"line":342,"column":39}},"loc":{"start":{"line":342,"column":77},"end":{"line":351,"column":1}},"line":342},"47":{"name":"(anonymous_47)","decl":{"start":{"line":353,"column":28},"end":{"line":353,"column":29}},"loc":{"start":{"line":353,"column":33},"end":{"line":362,"column":1}},"line":353},"48":{"name":"(anonymous_48)","decl":{"start":{"line":353,"column":33},"end":{"line":353,"column":34}},"loc":{"start":{"line":353,"column":72},"end":{"line":362,"column":1}},"line":353},"49":{"name":"(anonymous_49)","decl":{"start":{"line":364,"column":26},"end":{"line":364,"column":27}},"loc":{"start":{"line":364,"column":31},"end":{"line":373,"column":1}},"line":364},"50":{"name":"(anonymous_50)","decl":{"start":{"line":364,"column":31},"end":{"line":364,"column":32}},"loc":{"start":{"line":364,"column":70},"end":{"line":373,"column":1}},"line":364},"51":{"name":"(anonymous_51)","decl":{"start":{"line":379,"column":30},"end":{"line":379,"column":31}},"loc":{"start":{"line":379,"column":39},"end":{"line":388,"column":1}},"line":379},"52":{"name":"(anonymous_52)","decl":{"start":{"line":379,"column":39},"end":{"line":379,"column":40}},"loc":{"start":{"line":379,"column":78},"end":{"line":388,"column":1}},"line":379},"53":{"name":"(anonymous_53)","decl":{"start":{"line":390,"column":33},"end":{"line":390,"column":34}},"loc":{"start":{"line":390,"column":42},"end":{"line":399,"column":1}},"line":390},"54":{"name":"(anonymous_54)","decl":{"start":{"line":390,"column":42},"end":{"line":390,"column":43}},"loc":{"start":{"line":390,"column":81},"end":{"line":399,"column":1}},"line":390},"55":{"name":"(anonymous_55)","decl":{"start":{"line":401,"column":28},"end":{"line":401,"column":29}},"loc":{"start":{"line":401,"column":38},"end":{"line":410,"column":1}},"line":401},"56":{"name":"(anonymous_56)","decl":{"start":{"line":401,"column":38},"end":{"line":401,"column":39}},"loc":{"start":{"line":401,"column":77},"end":{"line":410,"column":1}},"line":401}},"branchMap":{"0":{"loc":{"start":{"line":26,"column":4},"end":{"line":30,"column":5}},"type":"if","locations":[{"start":{"line":26,"column":4},"end":{"line":30,"column":5}},{"start":{"line":26,"column":4},"end":{"line":30,"column":5}}],"line":26},"1":{"loc":{"start":{"line":44,"column":8},"end":{"line":48,"column":9}},"type":"if","locations":[{"start":{"line":44,"column":8},"end":{"line":48,"column":9}},{"start":{"line":44,"column":8},"end":{"line":48,"column":9}}],"line":44},"2":{"loc":{"start":{"line":46,"column":15},"end":{"line":48,"column":9}},"type":"if","locations":[{"start":{"line":46,"column":15},"end":{"line":48,"column":9}},{"start":{"line":46,"column":15},"end":{"line":48,"column":9}}],"line":46},"3":{"loc":{"start":{"line":56,"column":4},"end":{"line":58,"column":5}},"type":"if","locations":[{"start":{"line":56,"column":4},"end":{"line":58,"column":5}},{"start":{"line":56,"column":4},"end":{"line":58,"column":5}}],"line":56},"4":{"loc":{"start":{"line":62,"column":4},"end":{"line":82,"column":5}},"type":"if","locations":[{"start":{"line":62,"column":4},"end":{"line":82,"column":5}},{"start":{"line":62,"column":4},"end":{"line":82,"column":5}}],"line":62},"5":{"loc":{"start":{"line":67,"column":12},"end":{"line":69,"column":13}},"type":"if","locations":[{"start":{"line":67,"column":12},"end":{"line":69,"column":13}},{"start":{"line":67,"column":12},"end":{"line":69,"column":13}}],"line":67},"6":{"loc":{"start":{"line":101,"column":8},"end":{"line":120,"column":9}},"type":"if","locations":[{"start":{"line":101,"column":8},"end":{"line":120,"column":9}},{"start":{"line":101,"column":8},"end":{"line":120,"column":9}}],"line":101},"7":{"loc":{"start":{"line":103,"column":15},"end":{"line":120,"column":9}},"type":"if","locations":[{"start":{"line":103,"column":15},"end":{"line":120,"column":9}},{"start":{"line":103,"column":15},"end":{"line":120,"column":9}}],"line":103},"8":{"loc":{"start":{"line":104,"column":12},"end":{"line":119,"column":13}},"type":"switch","locations":[{"start":{"line":105,"column":16},"end":{"line":107,"column":25}},{"start":{"line":108,"column":16},"end":{"line":110,"column":25}},{"start":{"line":111,"column":16},"end":{"line":113,"column":25}},{"start":{"line":114,"column":16},"end":{"line":118,"column":25}}],"line":104},"9":{"loc":{"start":{"line":241,"column":4},"end":{"line":250,"column":5}},"type":"if","locations":[{"start":{"line":241,"column":4},"end":{"line":250,"column":5}},{"start":{"line":241,"column":4},"end":{"line":250,"column":5}}],"line":241},"10":{"loc":{"start":{"line":254,"column":4},"end":{"line":264,"column":5}},"type":"if","locations":[{"start":{"line":254,"column":4},"end":{"line":264,"column":5}},{"start":{"line":254,"column":4},"end":{"line":264,"column":5}}],"line":254},"11":{"loc":{"start":{"line":268,"column":4},"end":{"line":278,"column":5}},"type":"if","locations":[{"start":{"line":268,"column":4},"end":{"line":278,"column":5}},{"start":{"line":268,"column":4},"end":{"line":278,"column":5}}],"line":268},"12":{"loc":{"start":{"line":282,"column":4},"end":{"line":292,"column":5}},"type":"if","locations":[{"start":{"line":282,"column":4},"end":{"line":292,"column":5}},{"start":{"line":282,"column":4},"end":{"line":292,"column":5}}],"line":282},"13":{"loc":{"start":{"line":296,"column":4},"end":{"line":307,"column":5}},"type":"if","locations":[{"start":{"line":296,"column":4},"end":{"line":307,"column":5}},{"start":{"line":296,"column":4},"end":{"line":307,"column":5}}],"line":296},"14":{"loc":{"start":{"line":311,"column":4},"end":{"line":324,"column":5}},"type":"if","locations":[{"start":{"line":311,"column":4},"end":{"line":324,"column":5}},{"start":{"line":311,"column":4},"end":{"line":324,"column":5}}],"line":311},"15":{"loc":{"start":{"line":311,"column":7},"end":{"line":311,"column":63}},"type":"binary-expr","locations":[{"start":{"line":311,"column":7},"end":{"line":311,"column":36}},{"start":{"line":311,"column":40},"end":{"line":311,"column":63}}],"line":311},"16":{"loc":{"start":{"line":315,"column":8},"end":{"line":322,"column":9}},"type":"if","locations":[{"start":{"line":315,"column":8},"end":{"line":322,"column":9}},{"start":{"line":315,"column":8},"end":{"line":322,"column":9}}],"line":315},"17":{"loc":{"start":{"line":334,"column":4},"end":{"line":339,"column":5}},"type":"if","locations":[{"start":{"line":334,"column":4},"end":{"line":339,"column":5}},{"start":{"line":334,"column":4},"end":{"line":339,"column":5}}],"line":334},"18":{"loc":{"start":{"line":345,"column":4},"end":{"line":350,"column":5}},"type":"if","locations":[{"start":{"line":345,"column":4},"end":{"line":350,"column":5}},{"start":{"line":345,"column":4},"end":{"line":350,"column":5}}],"line":345},"19":{"loc":{"start":{"line":356,"column":4},"end":{"line":361,"column":5}},"type":"if","locations":[{"start":{"line":356,"column":4},"end":{"line":361,"column":5}},{"start":{"line":356,"column":4},"end":{"line":361,"column":5}}],"line":356},"20":{"loc":{"start":{"line":367,"column":4},"end":{"line":372,"column":5}},"type":"if","locations":[{"start":{"line":367,"column":4},"end":{"line":372,"column":5}},{"start":{"line":367,"column":4},"end":{"line":372,"column":5}}],"line":367}},"s":{"0":13,"1":0,"2":0,"3":0,"4":0,"5":0,"6":0,"7":13,"8":2,"9":2,"10":2,"11":2,"12":1,"13":0,"14":1,"15":1,"16":1,"17":13,"18":1,"19":1,"20":1,"21":13,"22":9,"23":9,"24":9,"25":9,"26":9,"27":7,"28":0,"29":7,"30":7,"31":1,"32":13,"33":1,"34":1,"35":1,"36":1,"37":1,"38":24,"39":1,"40":1,"41":1,"42":13,"43":1,"44":1,"45":1,"46":0,"47":0,"48":0,"49":0,"50":0,"51":0,"52":0,"53":0,"54":0,"55":0,"56":0,"57":13,"58":1,"59":13,"60":0,"61":13,"62":0,"63":13,"64":0,"65":13,"66":0,"67":13,"68":9,"69":13,"70":9,"71":13,"72":9,"73":13,"74":15,"75":13,"76":8,"77":13,"78":3,"79":13,"80":9,"81":13,"82":1,"83":13,"84":19,"85":19,"86":10,"87":10,"88":9,"89":18,"90":9,"91":9,"92":13,"93":29,"94":29,"95":9,"96":9,"97":9,"98":9,"99":9,"100":9,"101":13,"102":49,"103":49,"104":14,"105":14,"106":14,"107":336,"108":14,"109":14,"110":13,"111":43,"112":43,"113":9,"114":9,"115":9,"116":9,"117":9,"118":9,"119":13,"120":60,"121":60,"122":9,"123":9,"124":9,"125":9,"126":9,"127":9,"128":13,"129":13,"130":13,"131":3,"132":3,"133":3,"134":3,"135":3,"136":0,"137":0,"138":0,"139":3,"140":3,"141":13,"142":3,"143":3,"144":3,"145":3,"146":13,"147":2,"148":2,"149":2,"150":2,"151":13,"152":3,"153":3,"154":3,"155":3,"156":13,"157":2,"158":2,"159":0,"160":0,"161":13,"162":1,"163":1,"164":1,"165":13,"166":1,"167":1,"168":1,"169":13,"170":1,"171":1,"172":1},"f":{"0":0,"1":0,"2":2,"3":2,"4":1,"5":1,"6":9,"7":9,"8":1,"9":1,"10":24,"11":1,"12":0,"13":1,"14":0,"15":0,"16":0,"17":0,"18":9,"19":9,"20":9,"21":15,"22":8,"23":3,"24":9,"25":1,"26":19,"27":19,"28":18,"29":29,"30":29,"31":9,"32":49,"33":49,"34":336,"35":43,"36":43,"37":9,"38":60,"39":60,"40":9,"41":13,"42":13,"43":3,"44":3,"45":2,"46":2,"47":3,"48":3,"49":2,"50":2,"51":1,"52":1,"53":1,"54":1,"55":1,"56":1},"b":{"0":[0,0],"1":[0,1],"2":[1,0],"3":[1,0],"4":[9,0],"5":[0,7],"6":[1,0],"7":[0,0],"8":[0,0,0,0],"9":[10,9],"10":[9,20],"11":[14,35],"12":[9,34],"13":[9,51],"14":[3,10],"15":[13,13],"16":[3,0],"17":[3,0],"18":[2,0],"19":[3,0],"20":[0,0]},"_coverageSchema":"1a1c01bbd47fc00a2c39e90264f33305004495a9","hash":"92887bccdbf1c929b1c114fe229bb3235f1c4927"}
,"/mnt/hkrdata/src/gpmt/gpmt-webapp/src/hooks.js": {"path":"/mnt/hkrdata/src/gpmt/gpmt-webapp/src/hooks.js","statementMap":{"0":{"start":{"line":7,"column":19},"end":{"line":7,"column":32}},"1":{"start":{"line":8,"column":19},"end":{"line":8,"column":47}},"2":{"start":{"line":8,"column":36},"end":{"line":8,"column":46}},"3":{"start":{"line":10,"column":4},"end":{"line":14,"column":6}},"4":{"start":{"line":11,"column":8},"end":{"line":13,"column":9}},"5":{"start":{"line":12,"column":12},"end":{"line":12,"column":45}},"6":{"start":{"line":16,"column":4},"end":{"line":16,"column":25}},"7":{"start":{"line":20,"column":19},"end":{"line":20,"column":32}},"8":{"start":{"line":21,"column":19},"end":{"line":21,"column":47}},"9":{"start":{"line":21,"column":36},"end":{"line":21,"column":46}},"10":{"start":{"line":23,"column":4},"end":{"line":27,"column":6}},"11":{"start":{"line":24,"column":8},"end":{"line":26,"column":9}},"12":{"start":{"line":25,"column":12},"end":{"line":25,"column":45}},"13":{"start":{"line":29,"column":4},"end":{"line":29,"column":25}},"14":{"start":{"line":33,"column":19},"end":{"line":33,"column":32}},"15":{"start":{"line":34,"column":22},"end":{"line":34,"column":53}},"16":{"start":{"line":34,"column":39},"end":{"line":34,"column":52}},"17":{"start":{"line":36,"column":4},"end":{"line":40,"column":6}},"18":{"start":{"line":37,"column":8},"end":{"line":39,"column":9}},"19":{"start":{"line":38,"column":12},"end":{"line":38,"column":48}},"20":{"start":{"line":42,"column":4},"end":{"line":42,"column":28}},"21":{"start":{"line":46,"column":19},"end":{"line":46,"column":32}},"22":{"start":{"line":47,"column":22},"end":{"line":47,"column":64}},"23":{"start":{"line":47,"column":39},"end":{"line":47,"column":63}},"24":{"start":{"line":49,"column":4},"end":{"line":53,"column":6}},"25":{"start":{"line":50,"column":8},"end":{"line":52,"column":9}},"26":{"start":{"line":51,"column":12},"end":{"line":51,"column":59}},"27":{"start":{"line":55,"column":4},"end":{"line":55,"column":28}},"28":{"start":{"line":59,"column":19},"end":{"line":59,"column":32}},"29":{"start":{"line":60,"column":17},"end":{"line":60,"column":43}},"30":{"start":{"line":60,"column":34},"end":{"line":60,"column":42}},"31":{"start":{"line":62,"column":4},"end":{"line":66,"column":6}},"32":{"start":{"line":63,"column":8},"end":{"line":65,"column":9}},"33":{"start":{"line":64,"column":12},"end":{"line":64,"column":43}},"34":{"start":{"line":68,"column":4},"end":{"line":68,"column":23}},"35":{"start":{"line":72,"column":19},"end":{"line":72,"column":32}},"36":{"start":{"line":73,"column":17},"end":{"line":73,"column":43}},"37":{"start":{"line":73,"column":34},"end":{"line":73,"column":42}},"38":{"start":{"line":75,"column":4},"end":{"line":79,"column":6}},"39":{"start":{"line":76,"column":8},"end":{"line":78,"column":9}},"40":{"start":{"line":77,"column":12},"end":{"line":77,"column":43}},"41":{"start":{"line":81,"column":4},"end":{"line":81,"column":23}},"42":{"start":{"line":85,"column":19},"end":{"line":85,"column":32}},"43":{"start":{"line":86,"column":15},"end":{"line":86,"column":39}},"44":{"start":{"line":86,"column":32},"end":{"line":86,"column":38}},"45":{"start":{"line":88,"column":4},"end":{"line":92,"column":6}},"46":{"start":{"line":89,"column":8},"end":{"line":91,"column":9}},"47":{"start":{"line":90,"column":12},"end":{"line":90,"column":40}},"48":{"start":{"line":94,"column":4},"end":{"line":94,"column":15}},"49":{"start":{"line":98,"column":18},"end":{"line":98,"column":56}},"50":{"start":{"line":98,"column":35},"end":{"line":98,"column":55}},"51":{"start":{"line":99,"column":4},"end":{"line":99,"column":24}},"52":{"start":{"line":103,"column":18},"end":{"line":103,"column":25}},"53":{"start":{"line":104,"column":4},"end":{"line":107,"column":6}},"54":{"start":{"line":105,"column":8},"end":{"line":106,"column":42}},"55":{"start":{"line":106,"column":25},"end":{"line":106,"column":41}},"56":{"start":{"line":108,"column":4},"end":{"line":108,"column":18}},"57":{"start":{"line":112,"column":4},"end":{"line":137,"column":5}},"58":{"start":{"line":113,"column":32},"end":{"line":113,"column":83}},"59":{"start":{"line":115,"column":8},"end":{"line":119,"column":9}},"60":{"start":{"line":116,"column":12},"end":{"line":118,"column":13}},"61":{"start":{"line":122,"column":26},"end":{"line":122,"column":49}},"62":{"start":{"line":123,"column":8},"end":{"line":125,"column":9}},"63":{"start":{"line":124,"column":12},"end":{"line":124,"column":52}},"64":{"start":{"line":127,"column":8},"end":{"line":129,"column":9}},"65":{"start":{"line":128,"column":12},"end":{"line":128,"column":31}},"66":{"start":{"line":131,"column":8},"end":{"line":136,"column":9}},"67":{"start":{"line":134,"column":16},"end":{"line":134,"column":35}},"68":{"start":{"line":139,"column":4},"end":{"line":141,"column":5}}},"fnMap":{"0":{"name":"useDrinking","decl":{"start":{"line":6,"column":16},"end":{"line":6,"column":27}},"loc":{"start":{"line":6,"column":39},"end":{"line":17,"column":1}},"line":6},"1":{"name":"(anonymous_1)","decl":{"start":{"line":8,"column":31},"end":{"line":8,"column":32}},"loc":{"start":{"line":8,"column":36},"end":{"line":8,"column":46}},"line":8},"2":{"name":"(anonymous_2)","decl":{"start":{"line":10,"column":14},"end":{"line":10,"column":15}},"loc":{"start":{"line":10,"column":20},"end":{"line":14,"column":5}},"line":10},"3":{"name":"useMessages","decl":{"start":{"line":19,"column":16},"end":{"line":19,"column":27}},"loc":{"start":{"line":19,"column":39},"end":{"line":30,"column":1}},"line":19},"4":{"name":"(anonymous_4)","decl":{"start":{"line":21,"column":31},"end":{"line":21,"column":32}},"loc":{"start":{"line":21,"column":36},"end":{"line":21,"column":46}},"line":21},"5":{"name":"(anonymous_5)","decl":{"start":{"line":23,"column":14},"end":{"line":23,"column":15}},"loc":{"start":{"line":23,"column":20},"end":{"line":27,"column":5}},"line":23},"6":{"name":"useMicturition","decl":{"start":{"line":32,"column":16},"end":{"line":32,"column":30}},"loc":{"start":{"line":32,"column":42},"end":{"line":43,"column":1}},"line":32},"7":{"name":"(anonymous_7)","decl":{"start":{"line":34,"column":34},"end":{"line":34,"column":35}},"loc":{"start":{"line":34,"column":39},"end":{"line":34,"column":52}},"line":34},"8":{"name":"(anonymous_8)","decl":{"start":{"line":36,"column":14},"end":{"line":36,"column":15}},"loc":{"start":{"line":36,"column":20},"end":{"line":40,"column":5}},"line":36},"9":{"name":"useMicturitionPredictions","decl":{"start":{"line":45,"column":16},"end":{"line":45,"column":41}},"loc":{"start":{"line":45,"column":53},"end":{"line":56,"column":1}},"line":45},"10":{"name":"(anonymous_10)","decl":{"start":{"line":47,"column":34},"end":{"line":47,"column":35}},"loc":{"start":{"line":47,"column":39},"end":{"line":47,"column":63}},"line":47},"11":{"name":"(anonymous_11)","decl":{"start":{"line":49,"column":14},"end":{"line":49,"column":15}},"loc":{"start":{"line":49,"column":20},"end":{"line":53,"column":5}},"line":49},"12":{"name":"useStress","decl":{"start":{"line":58,"column":16},"end":{"line":58,"column":25}},"loc":{"start":{"line":58,"column":37},"end":{"line":69,"column":1}},"line":58},"13":{"name":"(anonymous_13)","decl":{"start":{"line":60,"column":29},"end":{"line":60,"column":30}},"loc":{"start":{"line":60,"column":34},"end":{"line":60,"column":42}},"line":60},"14":{"name":"(anonymous_14)","decl":{"start":{"line":62,"column":14},"end":{"line":62,"column":15}},"loc":{"start":{"line":62,"column":20},"end":{"line":66,"column":5}},"line":62},"15":{"name":"usePhotos","decl":{"start":{"line":71,"column":16},"end":{"line":71,"column":25}},"loc":{"start":{"line":71,"column":37},"end":{"line":82,"column":1}},"line":71},"16":{"name":"(anonymous_16)","decl":{"start":{"line":73,"column":29},"end":{"line":73,"column":30}},"loc":{"start":{"line":73,"column":34},"end":{"line":73,"column":42}},"line":73},"17":{"name":"(anonymous_17)","decl":{"start":{"line":75,"column":14},"end":{"line":75,"column":15}},"loc":{"start":{"line":75,"column":20},"end":{"line":79,"column":5}},"line":75},"18":{"name":"useUser","decl":{"start":{"line":84,"column":16},"end":{"line":84,"column":23}},"loc":{"start":{"line":84,"column":26},"end":{"line":95,"column":1}},"line":84},"19":{"name":"(anonymous_19)","decl":{"start":{"line":86,"column":27},"end":{"line":86,"column":28}},"loc":{"start":{"line":86,"column":32},"end":{"line":86,"column":38}},"line":86},"20":{"name":"(anonymous_20)","decl":{"start":{"line":88,"column":14},"end":{"line":88,"column":15}},"loc":{"start":{"line":88,"column":20},"end":{"line":92,"column":5}},"line":88},"21":{"name":"useUtterButtons","decl":{"start":{"line":97,"column":16},"end":{"line":97,"column":31}},"loc":{"start":{"line":97,"column":34},"end":{"line":100,"column":1}},"line":97},"22":{"name":"(anonymous_22)","decl":{"start":{"line":98,"column":30},"end":{"line":98,"column":31}},"loc":{"start":{"line":98,"column":35},"end":{"line":98,"column":55}},"line":98},"23":{"name":"useApiVersion","decl":{"start":{"line":102,"column":16},"end":{"line":102,"column":29}},"loc":{"start":{"line":102,"column":32},"end":{"line":109,"column":1}},"line":102},"24":{"name":"(anonymous_24)","decl":{"start":{"line":104,"column":14},"end":{"line":104,"column":15}},"loc":{"start":{"line":104,"column":26},"end":{"line":107,"column":5}},"line":104},"25":{"name":"(anonymous_25)","decl":{"start":{"line":106,"column":18},"end":{"line":106,"column":19}},"loc":{"start":{"line":106,"column":25},"end":{"line":106,"column":41}},"line":106},"26":{"name":"useDictation","decl":{"start":{"line":111,"column":16},"end":{"line":111,"column":28}},"loc":{"start":{"line":111,"column":39},"end":{"line":142,"column":1}},"line":111},"27":{"name":"(anonymous_27)","decl":{"start":{"line":123,"column":31},"end":{"line":123,"column":32}},"loc":{"start":{"line":123,"column":40},"end":{"line":125,"column":9}},"line":123},"28":{"name":"(anonymous_28)","decl":{"start":{"line":127,"column":34},"end":{"line":127,"column":35}},"loc":{"start":{"line":127,"column":45},"end":{"line":129,"column":9}},"line":127},"29":{"name":"(anonymous_29)","decl":{"start":{"line":133,"column":19},"end":{"line":133,"column":20}},"loc":{"start":{"line":133,"column":25},"end":{"line":135,"column":13}},"line":133}},"branchMap":{"0":{"loc":{"start":{"line":11,"column":8},"end":{"line":13,"column":9}},"type":"if","locations":[{"start":{"line":11,"column":8},"end":{"line":13,"column":9}},{"start":{"line":11,"column":8},"end":{"line":13,"column":9}}],"line":11},"1":{"loc":{"start":{"line":11,"column":11},"end":{"line":11,"column":61}},"type":"binary-expr","locations":[{"start":{"line":11,"column":11},"end":{"line":11,"column":40}},{"start":{"line":11,"column":44},"end":{"line":11,"column":61}}],"line":11},"2":{"loc":{"start":{"line":16,"column":11},"end":{"line":16,"column":25}},"type":"binary-expr","locations":[{"start":{"line":16,"column":11},"end":{"line":16,"column":19}},{"start":{"line":16,"column":23},"end":{"line":16,"column":25}}],"line":16},"3":{"loc":{"start":{"line":24,"column":8},"end":{"line":26,"column":9}},"type":"if","locations":[{"start":{"line":24,"column":8},"end":{"line":26,"column":9}},{"start":{"line":24,"column":8},"end":{"line":26,"column":9}}],"line":24},"4":{"loc":{"start":{"line":24,"column":11},"end":{"line":24,"column":61}},"type":"binary-expr","locations":[{"start":{"line":24,"column":11},"end":{"line":24,"column":40}},{"start":{"line":24,"column":44},"end":{"line":24,"column":61}}],"line":24},"5":{"loc":{"start":{"line":29,"column":11},"end":{"line":29,"column":25}},"type":"binary-expr","locations":[{"start":{"line":29,"column":11},"end":{"line":29,"column":19}},{"start":{"line":29,"column":23},"end":{"line":29,"column":25}}],"line":29},"6":{"loc":{"start":{"line":37,"column":8},"end":{"line":39,"column":9}},"type":"if","locations":[{"start":{"line":37,"column":8},"end":{"line":39,"column":9}},{"start":{"line":37,"column":8},"end":{"line":39,"column":9}}],"line":37},"7":{"loc":{"start":{"line":37,"column":11},"end":{"line":37,"column":64}},"type":"binary-expr","locations":[{"start":{"line":37,"column":11},"end":{"line":37,"column":40}},{"start":{"line":37,"column":44},"end":{"line":37,"column":64}}],"line":37},"8":{"loc":{"start":{"line":42,"column":11},"end":{"line":42,"column":28}},"type":"binary-expr","locations":[{"start":{"line":42,"column":11},"end":{"line":42,"column":22}},{"start":{"line":42,"column":26},"end":{"line":42,"column":28}}],"line":42},"9":{"loc":{"start":{"line":50,"column":8},"end":{"line":52,"column":9}},"type":"if","locations":[{"start":{"line":50,"column":8},"end":{"line":52,"column":9}},{"start":{"line":50,"column":8},"end":{"line":52,"column":9}}],"line":50},"10":{"loc":{"start":{"line":50,"column":11},"end":{"line":50,"column":64}},"type":"binary-expr","locations":[{"start":{"line":50,"column":11},"end":{"line":50,"column":40}},{"start":{"line":50,"column":44},"end":{"line":50,"column":64}}],"line":50},"11":{"loc":{"start":{"line":55,"column":11},"end":{"line":55,"column":28}},"type":"binary-expr","locations":[{"start":{"line":55,"column":11},"end":{"line":55,"column":22}},{"start":{"line":55,"column":26},"end":{"line":55,"column":28}}],"line":55},"12":{"loc":{"start":{"line":63,"column":8},"end":{"line":65,"column":9}},"type":"if","locations":[{"start":{"line":63,"column":8},"end":{"line":65,"column":9}},{"start":{"line":63,"column":8},"end":{"line":65,"column":9}}],"line":63},"13":{"loc":{"start":{"line":63,"column":11},"end":{"line":63,"column":59}},"type":"binary-expr","locations":[{"start":{"line":63,"column":11},"end":{"line":63,"column":40}},{"start":{"line":63,"column":44},"end":{"line":63,"column":59}}],"line":63},"14":{"loc":{"start":{"line":68,"column":11},"end":{"line":68,"column":23}},"type":"binary-expr","locations":[{"start":{"line":68,"column":11},"end":{"line":68,"column":17}},{"start":{"line":68,"column":21},"end":{"line":68,"column":23}}],"line":68},"15":{"loc":{"start":{"line":76,"column":8},"end":{"line":78,"column":9}},"type":"if","locations":[{"start":{"line":76,"column":8},"end":{"line":78,"column":9}},{"start":{"line":76,"column":8},"end":{"line":78,"column":9}}],"line":76},"16":{"loc":{"start":{"line":76,"column":11},"end":{"line":76,"column":59}},"type":"binary-expr","locations":[{"start":{"line":76,"column":11},"end":{"line":76,"column":40}},{"start":{"line":76,"column":44},"end":{"line":76,"column":59}}],"line":76},"17":{"loc":{"start":{"line":81,"column":11},"end":{"line":81,"column":23}},"type":"binary-expr","locations":[{"start":{"line":81,"column":11},"end":{"line":81,"column":17}},{"start":{"line":81,"column":21},"end":{"line":81,"column":23}}],"line":81},"18":{"loc":{"start":{"line":89,"column":8},"end":{"line":91,"column":9}},"type":"if","locations":[{"start":{"line":89,"column":8},"end":{"line":91,"column":9}},{"start":{"line":89,"column":8},"end":{"line":91,"column":9}}],"line":89},"19":{"loc":{"start":{"line":89,"column":11},"end":{"line":89,"column":57}},"type":"binary-expr","locations":[{"start":{"line":89,"column":11},"end":{"line":89,"column":40}},{"start":{"line":89,"column":44},"end":{"line":89,"column":57}}],"line":89},"20":{"loc":{"start":{"line":99,"column":11},"end":{"line":99,"column":24}},"type":"binary-expr","locations":[{"start":{"line":99,"column":11},"end":{"line":99,"column":18}},{"start":{"line":99,"column":22},"end":{"line":99,"column":24}}],"line":99},"21":{"loc":{"start":{"line":112,"column":4},"end":{"line":137,"column":5}},"type":"if","locations":[{"start":{"line":112,"column":4},"end":{"line":137,"column":5}},{"start":{"line":112,"column":4},"end":{"line":137,"column":5}}],"line":112},"22":{"loc":{"start":{"line":113,"column":32},"end":{"line":113,"column":83}},"type":"binary-expr","locations":[{"start":{"line":113,"column":32},"end":{"line":113,"column":56}},{"start":{"line":113,"column":60},"end":{"line":113,"column":83}}],"line":113},"23":{"loc":{"start":{"line":115,"column":8},"end":{"line":119,"column":9}},"type":"if","locations":[{"start":{"line":115,"column":8},"end":{"line":119,"column":9}},{"start":{"line":115,"column":8},"end":{"line":119,"column":9}}],"line":115}},"s":{"0":141,"1":141,"2":290,"3":141,"4":141,"5":43,"6":141,"7":125,"8":125,"9":254,"10":125,"11":125,"12":19,"13":125,"14":138,"15":138,"16":285,"17":138,"18":138,"19":29,"20":138,"21":117,"22":117,"23":235,"24":117,"25":117,"26":49,"27":117,"28":140,"29":140,"30":290,"31":140,"32":140,"33":60,"34":140,"35":22,"36":22,"37":49,"38":22,"39":22,"40":13,"41":22,"42":44,"43":44,"44":134,"45":44,"46":44,"47":9,"48":44,"49":3,"50":16,"51":3,"52":2,"53":2,"54":2,"55":0,"56":2,"57":3,"58":0,"59":0,"60":0,"61":0,"62":0,"63":0,"64":0,"65":0,"66":0,"67":0,"68":3},"f":{"0":141,"1":290,"2":141,"3":125,"4":254,"5":125,"6":138,"7":285,"8":138,"9":117,"10":235,"11":117,"12":140,"13":290,"14":140,"15":22,"16":49,"17":22,"18":44,"19":134,"20":44,"21":3,"22":16,"23":2,"24":2,"25":0,"26":3,"27":0,"28":0,"29":0},"b":{"0":[43,98],"1":[141,141],"2":[141,43],"3":[19,106],"4":[125,125],"5":[125,19],"6":[29,109],"7":[138,138],"8":[138,29],"9":[49,68],"10":[117,117],"11":[117,49],"12":[60,80],"13":[140,140],"14":[140,60],"15":[13,9],"16":[22,22],"17":[22,13],"18":[9,35],"19":[44,44],"20":[3,2],"21":[0,3],"22":[0,0],"23":[0,0]},"_coverageSchema":"1a1c01bbd47fc00a2c39e90264f33305004495a9","hash":"989b9ec1fc2022a3b1f6a9fefdb095dec83d28c2"}
,"/mnt/hkrdata/src/gpmt/gpmt-webapp/src/reducers.js": {"path":"/mnt/hkrdata/src/gpmt/gpmt-webapp/src/reducers.js","statementMap":{"0":{"start":{"line":1,"column":21},"end":{"line":11,"column":1}},"1":{"start":{"line":13,"column":16},"end":{"line":172,"column":1}},"2":{"start":{"line":14,"column":4},"end":{"line":171,"column":5}},"3":{"start":{"line":16,"column":12},"end":{"line":24,"column":13}},"4":{"start":{"line":26,"column":12},"end":{"line":32,"column":13}},"5":{"start":{"line":34,"column":16},"end":{"line":40,"column":13}},"6":{"start":{"line":42,"column":12},"end":{"line":48,"column":13}},"7":{"start":{"line":50,"column":12},"end":{"line":56,"column":13}},"8":{"start":{"line":58,"column":12},"end":{"line":61,"column":13}},"9":{"start":{"line":63,"column":12},"end":{"line":66,"column":13}},"10":{"start":{"line":68,"column":12},"end":{"line":71,"column":13}},"11":{"start":{"line":73,"column":12},"end":{"line":76,"column":13}},"12":{"start":{"line":78,"column":12},"end":{"line":81,"column":13}},"13":{"start":{"line":83,"column":12},"end":{"line":86,"column":13}},"14":{"start":{"line":88,"column":12},"end":{"line":91,"column":13}},"15":{"start":{"line":93,"column":12},"end":{"line":99,"column":13}},"16":{"start":{"line":101,"column":12},"end":{"line":107,"column":13}},"17":{"start":{"line":109,"column":12},"end":{"line":115,"column":13}},"18":{"start":{"line":117,"column":12},"end":{"line":126,"column":13}},"19":{"start":{"line":120,"column":48},"end":{"line":120,"column":76}},"20":{"start":{"line":122,"column":50},"end":{"line":122,"column":78}},"21":{"start":{"line":128,"column":12},"end":{"line":137,"column":13}},"22":{"start":{"line":131,"column":50},"end":{"line":131,"column":78}},"23":{"start":{"line":133,"column":52},"end":{"line":133,"column":80}},"24":{"start":{"line":139,"column":12},"end":{"line":148,"column":13}},"25":{"start":{"line":142,"column":53},"end":{"line":142,"column":81}},"26":{"start":{"line":144,"column":55},"end":{"line":144,"column":83}},"27":{"start":{"line":150,"column":12},"end":{"line":153,"column":13}},"28":{"start":{"line":152,"column":53},"end":{"line":152,"column":81}},"29":{"start":{"line":155,"column":12},"end":{"line":158,"column":13}},"30":{"start":{"line":157,"column":59},"end":{"line":157,"column":87}},"31":{"start":{"line":160,"column":12},"end":{"line":163,"column":13}},"32":{"start":{"line":162,"column":49},"end":{"line":162,"column":77}},"33":{"start":{"line":165,"column":12},"end":{"line":168,"column":13}},"34":{"start":{"line":170,"column":12},"end":{"line":170,"column":24}}},"fnMap":{"0":{"name":"(anonymous_0)","decl":{"start":{"line":13,"column":16},"end":{"line":13,"column":17}},"loc":{"start":{"line":13,"column":48},"end":{"line":172,"column":1}},"line":13},"1":{"name":"(anonymous_1)","decl":{"start":{"line":120,"column":43},"end":{"line":120,"column":44}},"loc":{"start":{"line":120,"column":48},"end":{"line":120,"column":76}},"line":120},"2":{"name":"(anonymous_2)","decl":{"start":{"line":122,"column":45},"end":{"line":122,"column":46}},"loc":{"start":{"line":122,"column":50},"end":{"line":122,"column":78}},"line":122},"3":{"name":"(anonymous_3)","decl":{"start":{"line":131,"column":45},"end":{"line":131,"column":46}},"loc":{"start":{"line":131,"column":50},"end":{"line":131,"column":78}},"line":131},"4":{"name":"(anonymous_4)","decl":{"start":{"line":133,"column":47},"end":{"line":133,"column":48}},"loc":{"start":{"line":133,"column":52},"end":{"line":133,"column":80}},"line":133},"5":{"name":"(anonymous_5)","decl":{"start":{"line":142,"column":48},"end":{"line":142,"column":49}},"loc":{"start":{"line":142,"column":53},"end":{"line":142,"column":81}},"line":142},"6":{"name":"(anonymous_6)","decl":{"start":{"line":144,"column":50},"end":{"line":144,"column":51}},"loc":{"start":{"line":144,"column":55},"end":{"line":144,"column":83}},"line":144},"7":{"name":"(anonymous_7)","decl":{"start":{"line":152,"column":48},"end":{"line":152,"column":49}},"loc":{"start":{"line":152,"column":53},"end":{"line":152,"column":81}},"line":152},"8":{"name":"(anonymous_8)","decl":{"start":{"line":157,"column":54},"end":{"line":157,"column":55}},"loc":{"start":{"line":157,"column":59},"end":{"line":157,"column":87}},"line":157},"9":{"name":"(anonymous_9)","decl":{"start":{"line":162,"column":44},"end":{"line":162,"column":45}},"loc":{"start":{"line":162,"column":49},"end":{"line":162,"column":77}},"line":162}},"branchMap":{"0":{"loc":{"start":{"line":13,"column":17},"end":{"line":13,"column":35}},"type":"default-arg","locations":[{"start":{"line":13,"column":23},"end":{"line":13,"column":35}}],"line":13},"1":{"loc":{"start":{"line":14,"column":4},"end":{"line":171,"column":5}},"type":"switch","locations":[{"start":{"line":15,"column":8},"end":{"line":24,"column":13}},{"start":{"line":25,"column":8},"end":{"line":32,"column":13}},{"start":{"line":33,"column":8},"end":{"line":40,"column":13}},{"start":{"line":41,"column":8},"end":{"line":48,"column":13}},{"start":{"line":49,"column":8},"end":{"line":56,"column":13}},{"start":{"line":57,"column":8},"end":{"line":61,"column":13}},{"start":{"line":62,"column":8},"end":{"line":66,"column":13}},{"start":{"line":67,"column":8},"end":{"line":71,"column":13}},{"start":{"line":72,"column":8},"end":{"line":76,"column":13}},{"start":{"line":77,"column":8},"end":{"line":81,"column":13}},{"start":{"line":82,"column":8},"end":{"line":86,"column":13}},{"start":{"line":87,"column":8},"end":{"line":91,"column":13}},{"start":{"line":92,"column":8},"end":{"line":99,"column":13}},{"start":{"line":100,"column":8},"end":{"line":107,"column":13}},{"start":{"line":108,"column":8},"end":{"line":115,"column":13}},{"start":{"line":116,"column":8},"end":{"line":126,"column":13}},{"start":{"line":127,"column":8},"end":{"line":137,"column":13}},{"start":{"line":138,"column":8},"end":{"line":148,"column":13}},{"start":{"line":149,"column":8},"end":{"line":153,"column":13}},{"start":{"line":154,"column":8},"end":{"line":158,"column":13}},{"start":{"line":159,"column":8},"end":{"line":163,"column":13}},{"start":{"line":164,"column":8},"end":{"line":168,"column":13}},{"start":{"line":169,"column":8},"end":{"line":170,"column":24}}],"line":14},"2":{"loc":{"start":{"line":19,"column":24},"end":{"line":19,"column":44}},"type":"binary-expr","locations":[{"start":{"line":19,"column":24},"end":{"line":19,"column":38}},{"start":{"line":19,"column":42},"end":{"line":19,"column":44}}],"line":19},"3":{"loc":{"start":{"line":29,"column":24},"end":{"line":29,"column":47}},"type":"binary-expr","locations":[{"start":{"line":29,"column":24},"end":{"line":29,"column":41}},{"start":{"line":29,"column":45},"end":{"line":29,"column":47}}],"line":29},"4":{"loc":{"start":{"line":37,"column":28},"end":{"line":37,"column":48}},"type":"binary-expr","locations":[{"start":{"line":37,"column":28},"end":{"line":37,"column":42}},{"start":{"line":37,"column":46},"end":{"line":37,"column":48}}],"line":37},"5":{"loc":{"start":{"line":45,"column":24},"end":{"line":45,"column":42}},"type":"binary-expr","locations":[{"start":{"line":45,"column":24},"end":{"line":45,"column":36}},{"start":{"line":45,"column":40},"end":{"line":45,"column":42}}],"line":45},"6":{"loc":{"start":{"line":113,"column":28},"end":{"line":113,"column":58}},"type":"binary-expr","locations":[{"start":{"line":113,"column":28},"end":{"line":113,"column":50}},{"start":{"line":113,"column":54},"end":{"line":113,"column":58}}],"line":113}},"s":{"0":14,"1":14,"2":108,"3":2,"4":1,"5":1,"6":0,"7":1,"8":10,"9":10,"10":16,"11":10,"12":9,"13":3,"14":10,"15":1,"16":1,"17":2,"18":4,"19":4,"20":4,"21":4,"22":4,"23":4,"24":3,"25":3,"26":3,"27":2,"28":2,"29":2,"30":2,"31":2,"32":2,"33":0,"34":14},"f":{"0":108,"1":4,"2":4,"3":4,"4":4,"5":3,"6":3,"7":2,"8":2,"9":2},"b":{"0":[13],"1":[2,1,1,0,1,10,10,16,10,9,3,10,1,1,2,4,4,3,2,2,2,0,14],"2":[2,1],"3":[1,1],"4":[1,1],"5":[0,0],"6":[2,1]},"_coverageSchema":"1a1c01bbd47fc00a2c39e90264f33305004495a9","hash":"6614472720e27bb3c02c30e2bfabf1dddffb669f"}
,"/mnt/hkrdata/src/gpmt/gpmt-webapp/src/store.js": {"path":"/mnt/hkrdata/src/gpmt/gpmt-webapp/src/store.js","statementMap":{"0":{"start":{"line":7,"column":15},"end":{"line":12,"column":1}},"1":{"start":{"line":7,"column":24},"end":{"line":12,"column":1}},"2":{"start":{"line":7,"column":32},"end":{"line":12,"column":1}},"3":{"start":{"line":8,"column":4},"end":{"line":10,"column":5}},"4":{"start":{"line":9,"column":8},"end":{"line":9,"column":48}},"5":{"start":{"line":11,"column":4},"end":{"line":11,"column":16}},"6":{"start":{"line":14,"column":14},"end":{"line":17,"column":1}}},"fnMap":{"0":{"name":"(anonymous_0)","decl":{"start":{"line":7,"column":15},"end":{"line":7,"column":16}},"loc":{"start":{"line":7,"column":24},"end":{"line":12,"column":1}},"line":7},"1":{"name":"(anonymous_1)","decl":{"start":{"line":7,"column":24},"end":{"line":7,"column":25}},"loc":{"start":{"line":7,"column":32},"end":{"line":12,"column":1}},"line":7},"2":{"name":"(anonymous_2)","decl":{"start":{"line":7,"column":32},"end":{"line":7,"column":33}},"loc":{"start":{"line":7,"column":42},"end":{"line":12,"column":1}},"line":7}},"branchMap":{"0":{"loc":{"start":{"line":8,"column":4},"end":{"line":10,"column":5}},"type":"if","locations":[{"start":{"line":8,"column":4},"end":{"line":10,"column":5}},{"start":{"line":8,"column":4},"end":{"line":10,"column":5}}],"line":8},"1":{"loc":{"start":{"line":8,"column":10},"end":{"line":8,"column":82}},"type":"binary-expr","locations":[{"start":{"line":8,"column":10},"end":{"line":8,"column":41}},{"start":{"line":8,"column":45},"end":{"line":8,"column":82}}],"line":8}},"s":{"0":13,"1":13,"2":13,"3":76,"4":0,"5":76,"6":13},"f":{"0":13,"1":13,"2":76},"b":{"0":[0,76],"1":[76,0]},"_coverageSchema":"1a1c01bbd47fc00a2c39e90264f33305004495a9","hash":"7b87d7eccf7cced36ab9a69e36ad72c0584e725c"}
,"/mnt/hkrdata/src/gpmt/gpmt-webapp/src/utils.js": {"path":"/mnt/hkrdata/src/gpmt/gpmt-webapp/src/utils.js","statementMap":{"0":{"start":{"line":2,"column":24},"end":{"line":5,"column":1}},"1":{"start":{"line":3,"column":31},"end":{"line":3,"column":46}},"2":{"start":{"line":4,"column":4},"end":{"line":4,"column":57}},"3":{"start":{"line":7,"column":23},"end":{"line":12,"column":1}},"4":{"start":{"line":8,"column":4},"end":{"line":10,"column":5}},"5":{"start":{"line":9,"column":8},"end":{"line":9,"column":21}},"6":{"start":{"line":11,"column":4},"end":{"line":11,"column":51}}},"fnMap":{"0":{"name":"(anonymous_0)","decl":{"start":{"line":2,"column":24},"end":{"line":2,"column":25}},"loc":{"start":{"line":2,"column":32},"end":{"line":5,"column":1}},"line":2},"1":{"name":"(anonymous_1)","decl":{"start":{"line":7,"column":23},"end":{"line":7,"column":24}},"loc":{"start":{"line":7,"column":43},"end":{"line":12,"column":1}},"line":7}},"branchMap":{"0":{"loc":{"start":{"line":8,"column":4},"end":{"line":10,"column":5}},"type":"if","locations":[{"start":{"line":8,"column":4},"end":{"line":10,"column":5}},{"start":{"line":8,"column":4},"end":{"line":10,"column":5}}],"line":8},"1":{"loc":{"start":{"line":8,"column":7},"end":{"line":8,"column":41}},"type":"binary-expr","locations":[{"start":{"line":8,"column":7},"end":{"line":8,"column":14}},{"start":{"line":8,"column":18},"end":{"line":8,"column":41}}],"line":8}},"s":{"0":14,"1":2,"2":2,"3":14,"4":105,"5":104,"6":1},"f":{"0":2,"1":105},"b":{"0":[104,1],"1":[105,93]},"_coverageSchema":"1a1c01bbd47fc00a2c39e90264f33305004495a9","hash":"272d7d217659b7fe18b23a001b9e3629ce44197c"}
,"/mnt/hkrdata/src/gpmt/gpmt-webapp/src/api/http.js": {"path":"/mnt/hkrdata/src/gpmt/gpmt-webapp/src/api/http.js","statementMap":{"0":{"start":{"line":3,"column":13},"end":{"line":6,"column":2}},"1":{"start":{"line":8,"column":12},"end":{"line":45,"column":1}},"2":{"start":{"line":10,"column":8},"end":{"line":13,"column":10}},"3":{"start":{"line":15,"column":16},"end":{"line":15,"column":31}},"4":{"start":{"line":16,"column":37},"end":{"line":16,"column":80}},"5":{"start":{"line":17,"column":26},"end":{"line":17,"column":58}},"6":{"start":{"line":19,"column":26},"end":{"line":19,"column":70}},"7":{"start":{"line":21,"column":23},"end":{"line":21,"column":50}},"8":{"start":{"line":22,"column":26},"end":{"line":22,"column":52}},"9":{"start":{"line":23,"column":36},"end":{"line":23,"column":74}},"10":{"start":{"line":24,"column":23},"end":{"line":24,"column":46}},"11":{"start":{"line":25,"column":21},"end":{"line":25,"column":42}},"12":{"start":{"line":26,"column":21},"end":{"line":26,"column":41}},"13":{"start":{"line":27,"column":23},"end":{"line":27,"column":42}},"14":{"start":{"line":29,"column":33},"end":{"line":29,"column":81}},"15":{"start":{"line":30,"column":30},"end":{"line":30,"column":75}},"16":{"start":{"line":31,"column":28},"end":{"line":31,"column":71}},"17":{"start":{"line":32,"column":26},"end":{"line":32,"column":53}},"18":{"start":{"line":34,"column":30},"end":{"line":34,"column":66}},"19":{"start":{"line":35,"column":27},"end":{"line":35,"column":60}},"20":{"start":{"line":36,"column":25},"end":{"line":36,"column":56}},"21":{"start":{"line":38,"column":29},"end":{"line":42,"column":6}},"22":{"start":{"line":43,"column":28},"end":{"line":43,"column":75}}},"fnMap":{"0":{"name":"(anonymous_0)","decl":{"start":{"line":9,"column":10},"end":{"line":9,"column":11}},"loc":{"start":{"line":9,"column":16},"end":{"line":14,"column":5}},"line":9},"1":{"name":"(anonymous_1)","decl":{"start":{"line":15,"column":10},"end":{"line":15,"column":11}},"loc":{"start":{"line":15,"column":16},"end":{"line":15,"column":31}},"line":15},"2":{"name":"(anonymous_2)","decl":{"start":{"line":16,"column":16},"end":{"line":16,"column":17}},"loc":{"start":{"line":16,"column":37},"end":{"line":16,"column":80}},"line":16},"3":{"name":"(anonymous_3)","decl":{"start":{"line":17,"column":16},"end":{"line":17,"column":17}},"loc":{"start":{"line":17,"column":26},"end":{"line":17,"column":58}},"line":17},"4":{"name":"(anonymous_4)","decl":{"start":{"line":19,"column":18},"end":{"line":19,"column":19}},"loc":{"start":{"line":19,"column":26},"end":{"line":19,"column":70}},"line":19},"5":{"name":"(anonymous_5)","decl":{"start":{"line":21,"column":17},"end":{"line":21,"column":18}},"loc":{"start":{"line":21,"column":23},"end":{"line":21,"column":50}},"line":21},"6":{"name":"(anonymous_6)","decl":{"start":{"line":22,"column":20},"end":{"line":22,"column":21}},"loc":{"start":{"line":22,"column":26},"end":{"line":22,"column":52}},"line":22},"7":{"name":"(anonymous_7)","decl":{"start":{"line":23,"column":30},"end":{"line":23,"column":31}},"loc":{"start":{"line":23,"column":36},"end":{"line":23,"column":74}},"line":23},"8":{"name":"(anonymous_8)","decl":{"start":{"line":24,"column":17},"end":{"line":24,"column":18}},"loc":{"start":{"line":24,"column":23},"end":{"line":24,"column":46}},"line":24},"9":{"name":"(anonymous_9)","decl":{"start":{"line":25,"column":15},"end":{"line":25,"column":16}},"loc":{"start":{"line":25,"column":21},"end":{"line":25,"column":42}},"line":25},"10":{"name":"(anonymous_10)","decl":{"start":{"line":26,"column":15},"end":{"line":26,"column":16}},"loc":{"start":{"line":26,"column":21},"end":{"line":26,"column":41}},"line":26},"11":{"name":"(anonymous_11)","decl":{"start":{"line":27,"column":17},"end":{"line":27,"column":18}},"loc":{"start":{"line":27,"column":23},"end":{"line":27,"column":42}},"line":27},"12":{"name":"(anonymous_12)","decl":{"start":{"line":29,"column":23},"end":{"line":29,"column":24}},"loc":{"start":{"line":29,"column":33},"end":{"line":29,"column":81}},"line":29},"13":{"name":"(anonymous_13)","decl":{"start":{"line":30,"column":20},"end":{"line":30,"column":21}},"loc":{"start":{"line":30,"column":30},"end":{"line":30,"column":75}},"line":30},"14":{"name":"(anonymous_14)","decl":{"start":{"line":31,"column":18},"end":{"line":31,"column":19}},"loc":{"start":{"line":31,"column":28},"end":{"line":31,"column":71}},"line":31},"15":{"name":"(anonymous_15)","decl":{"start":{"line":32,"column":16},"end":{"line":32,"column":17}},"loc":{"start":{"line":32,"column":26},"end":{"line":32,"column":53}},"line":32},"16":{"name":"(anonymous_16)","decl":{"start":{"line":34,"column":23},"end":{"line":34,"column":24}},"loc":{"start":{"line":34,"column":30},"end":{"line":34,"column":66}},"line":34},"17":{"name":"(anonymous_17)","decl":{"start":{"line":35,"column":20},"end":{"line":35,"column":21}},"loc":{"start":{"line":35,"column":27},"end":{"line":35,"column":60}},"line":35},"18":{"name":"(anonymous_18)","decl":{"start":{"line":36,"column":18},"end":{"line":36,"column":19}},"loc":{"start":{"line":36,"column":25},"end":{"line":36,"column":56}},"line":36},"19":{"name":"(anonymous_19)","decl":{"start":{"line":38,"column":17},"end":{"line":38,"column":18}},"loc":{"start":{"line":38,"column":29},"end":{"line":42,"column":6}},"line":38},"20":{"name":"(anonymous_20)","decl":{"start":{"line":43,"column":19},"end":{"line":43,"column":20}},"loc":{"start":{"line":43,"column":28},"end":{"line":43,"column":75}},"line":43}},"branchMap":{},"s":{"0":13,"1":13,"2":14,"3":2,"4":28,"5":0,"6":1,"7":10,"8":9,"9":14,"10":9,"11":9,"12":3,"13":9,"14":2,"15":3,"16":3,"17":2,"18":1,"19":1,"20":1,"21":0,"22":3},"f":{"0":14,"1":2,"2":28,"3":0,"4":1,"5":10,"6":9,"7":14,"8":9,"9":9,"10":3,"11":9,"12":2,"13":3,"14":3,"15":2,"16":1,"17":1,"18":1,"19":0,"20":3},"b":{},"_coverageSchema":"1a1c01bbd47fc00a2c39e90264f33305004495a9","hash":"06e5cb9cff2dfee6075b1f367079112a80c13030"}
,"/mnt/hkrdata/src/gpmt/gpmt-webapp/src/components/aside.jsx": {"path":"/mnt/hkrdata/src/gpmt/gpmt-webapp/src/components/aside.jsx","statementMap":{"0":{"start":{"line":19,"column":14},"end":{"line":133,"column":1}},"1":{"start":{"line":20,"column":20},"end":{"line":20,"column":30}},"2":{"start":{"line":21,"column":19},"end":{"line":21,"column":32}},"3":{"start":{"line":22,"column":19},"end":{"line":23,"column":50}},"4":{"start":{"line":23,"column":24},"end":{"line":23,"column":49}},"5":{"start":{"line":25,"column":22},"end":{"line":25,"column":47}},"6":{"start":{"line":26,"column":19},"end":{"line":26,"column":41}},"7":{"start":{"line":27,"column":21},"end":{"line":27,"column":57}},"8":{"start":{"line":28,"column":17},"end":{"line":28,"column":37}},"9":{"start":{"line":30,"column":21},"end":{"line":32,"column":6}},"10":{"start":{"line":34,"column":20},"end":{"line":36,"column":5}},"11":{"start":{"line":35,"column":8},"end":{"line":35,"column":31}},"12":{"start":{"line":38,"column":34},"end":{"line":38,"column":54}},"13":{"start":{"line":40,"column":16},"end":{"line":42,"column":6}},"14":{"start":{"line":48,"column":4},"end":{"line":132,"column":5}},"15":{"start":{"line":86,"column":64},"end":{"line":86,"column":105}},"16":{"start":{"line":135,"column":0},"end":{"line":137,"column":1}}},"fnMap":{"0":{"name":"(anonymous_0)","decl":{"start":{"line":19,"column":14},"end":{"line":19,"column":15}},"loc":{"start":{"line":19,"column":32},"end":{"line":133,"column":1}},"line":19},"1":{"name":"(anonymous_1)","decl":{"start":{"line":23,"column":14},"end":{"line":23,"column":15}},"loc":{"start":{"line":23,"column":24},"end":{"line":23,"column":49}},"line":23},"2":{"name":"(anonymous_2)","decl":{"start":{"line":34,"column":20},"end":{"line":34,"column":21}},"loc":{"start":{"line":34,"column":26},"end":{"line":36,"column":5}},"line":34},"3":{"name":"(anonymous_3)","decl":{"start":{"line":86,"column":59},"end":{"line":86,"column":60}},"loc":{"start":{"line":86,"column":64},"end":{"line":86,"column":105}},"line":86}},"branchMap":{"0":{"loc":{"start":{"line":41,"column":13},"end":{"line":41,"column":49}},"type":"cond-expr","locations":[{"start":{"line":41,"column":25},"end":{"line":41,"column":44}},{"start":{"line":41,"column":48},"end":{"line":41,"column":49}}],"line":41},"1":{"loc":{"start":{"line":41,"column":25},"end":{"line":41,"column":44}},"type":"cond-expr","locations":[{"start":{"line":41,"column":36},"end":{"line":41,"column":38}},{"start":{"line":41,"column":41},"end":{"line":41,"column":44}}],"line":41},"2":{"loc":{"start":{"line":51,"column":26},"end":{"line":51,"column":81}},"type":"cond-expr","locations":[{"start":{"line":51,"column":49},"end":{"line":51,"column":76}},{"start":{"line":51,"column":79},"end":{"line":51,"column":81}}],"line":51},"3":{"loc":{"start":{"line":51,"column":26},"end":{"line":51,"column":46}},"type":"binary-expr","locations":[{"start":{"line":51,"column":26},"end":{"line":51,"column":34}},{"start":{"line":51,"column":38},"end":{"line":51,"column":46}}],"line":51},"4":{"loc":{"start":{"line":76,"column":54},"end":{"line":76,"column":93}},"type":"binary-expr","locations":[{"start":{"line":76,"column":54},"end":{"line":76,"column":84}},{"start":{"line":76,"column":88},"end":{"line":76,"column":93}}],"line":76},"5":{"loc":{"start":{"line":85,"column":32},"end":{"line":87,"column":38}},"type":"cond-expr","locations":[{"start":{"line":86,"column":32},"end":{"line":86,"column":124}},{"start":{"line":87,"column":34},"end":{"line":87,"column":38}}],"line":85},"6":{"loc":{"start":{"line":110,"column":52},"end":{"line":110,"column":69}},"type":"binary-expr","locations":[{"start":{"line":110,"column":52},"end":{"line":110,"column":63}},{"start":{"line":110,"column":67},"end":{"line":110,"column":69}}],"line":110},"7":{"loc":{"start":{"line":118,"column":49},"end":{"line":118,"column":63}},"type":"binary-expr","locations":[{"start":{"line":118,"column":49},"end":{"line":118,"column":57}},{"start":{"line":118,"column":61},"end":{"line":118,"column":63}}],"line":118},"8":{"loc":{"start":{"line":126,"column":47},"end":{"line":126,"column":59}},"type":"binary-expr","locations":[{"start":{"line":126,"column":47},"end":{"line":126,"column":53}},{"start":{"line":126,"column":57},"end":{"line":126,"column":59}}],"line":126}},"s":{"0":8,"1":110,"2":110,"3":110,"4":102,"5":110,"6":110,"7":110,"8":110,"9":110,"10":110,"11":1,"12":110,"13":110,"14":110,"15":64,"16":8},"f":{"0":110,"1":102,"2":1,"3":64},"b":{"0":[0,110],"1":[0,0],"2":[0,110],"3":[110,7],"4":[110,19],"5":[64,46],"6":[110,0],"7":[110,0],"8":[110,0]},"_coverageSchema":"1a1c01bbd47fc00a2c39e90264f33305004495a9","hash":"bccd8ad212f7b93fec99378f9b5a8c26e9fb3480"}
,"/mnt/hkrdata/src/gpmt/gpmt-webapp/src/components/banner.jsx": {"path":"/mnt/hkrdata/src/gpmt/gpmt-webapp/src/components/banner.jsx","statementMap":{"0":{"start":{"line":5,"column":26},"end":{"line":59,"column":1}},"1":{"start":{"line":6,"column":30},"end":{"line":6,"column":44}},"2":{"start":{"line":8,"column":4},"end":{"line":58,"column":5}},"3":{"start":{"line":46,"column":47},"end":{"line":46,"column":63}},"4":{"start":{"line":61,"column":27},"end":{"line":122,"column":1}},"5":{"start":{"line":62,"column":30},"end":{"line":62,"column":44}},"6":{"start":{"line":64,"column":4},"end":{"line":121,"column":5}},"7":{"start":{"line":108,"column":51},"end":{"line":108,"column":67}}},"fnMap":{"0":{"name":"(anonymous_0)","decl":{"start":{"line":5,"column":26},"end":{"line":5,"column":27}},"loc":{"start":{"line":5,"column":32},"end":{"line":59,"column":1}},"line":5},"1":{"name":"(anonymous_1)","decl":{"start":{"line":46,"column":41},"end":{"line":46,"column":42}},"loc":{"start":{"line":46,"column":47},"end":{"line":46,"column":63}},"line":46},"2":{"name":"(anonymous_2)","decl":{"start":{"line":61,"column":27},"end":{"line":61,"column":28}},"loc":{"start":{"line":61,"column":87},"end":{"line":122,"column":1}},"line":61},"3":{"name":"(anonymous_3)","decl":{"start":{"line":108,"column":45},"end":{"line":108,"column":46}},"loc":{"start":{"line":108,"column":51},"end":{"line":108,"column":67}},"line":108}},"branchMap":{"0":{"loc":{"start":{"line":61,"column":65},"end":{"line":61,"column":81}},"type":"default-arg","locations":[{"start":{"line":61,"column":77},"end":{"line":61,"column":81}}],"line":61},"1":{"loc":{"start":{"line":94,"column":28},"end":{"line":99,"column":34}},"type":"binary-expr","locations":[{"start":{"line":94,"column":28},"end":{"line":94,"column":39}},{"start":{"line":95,"column":28},"end":{"line":99,"column":34}}],"line":94},"2":{"loc":{"start":{"line":102,"column":28},"end":{"line":115,"column":34}},"type":"binary-expr","locations":[{"start":{"line":102,"column":28},"end":{"line":102,"column":39}},{"start":{"line":103,"column":28},"end":{"line":115,"column":34}}],"line":102}},"s":{"0":3,"1":0,"2":0,"3":0,"4":3,"5":6,"6":6,"7":0},"f":{"0":0,"1":0,"2":6,"3":0},"b":{"0":[6],"1":[6,0],"2":[6,6]},"_coverageSchema":"1a1c01bbd47fc00a2c39e90264f33305004495a9","hash":"5317aa957beed7332959f4f892533a5ba04d9ec2"}
,"/mnt/hkrdata/src/gpmt/gpmt-webapp/src/components/dateInput.jsx": {"path":"/mnt/hkrdata/src/gpmt/gpmt-webapp/src/components/dateInput.jsx","statementMap":{"0":{"start":{"line":4,"column":18},"end":{"line":43,"column":1}},"1":{"start":{"line":5,"column":4},"end":{"line":42,"column":7}},"2":{"start":{"line":14,"column":36},"end":{"line":14,"column":66}},"3":{"start":{"line":14,"column":66},"end":{"line":14,"column":81}},"4":{"start":{"line":25,"column":36},"end":{"line":25,"column":71}},"5":{"start":{"line":25,"column":71},"end":{"line":25,"column":86}},"6":{"start":{"line":36,"column":36},"end":{"line":36,"column":70}},"7":{"start":{"line":36,"column":70},"end":{"line":36,"column":85}},"8":{"start":{"line":45,"column":0},"end":{"line":49,"column":1}}},"fnMap":{"0":{"name":"(anonymous_0)","decl":{"start":{"line":4,"column":18},"end":{"line":4,"column":19}},"loc":{"start":{"line":5,"column":4},"end":{"line":42,"column":7}},"line":5},"1":{"name":"(anonymous_1)","decl":{"start":{"line":14,"column":30},"end":{"line":14,"column":31}},"loc":{"start":{"line":14,"column":35},"end":{"line":14,"column":82}},"line":14},"2":{"name":"(anonymous_2)","decl":{"start":{"line":25,"column":30},"end":{"line":25,"column":31}},"loc":{"start":{"line":25,"column":35},"end":{"line":25,"column":87}},"line":25},"3":{"name":"(anonymous_3)","decl":{"start":{"line":36,"column":30},"end":{"line":36,"column":31}},"loc":{"start":{"line":36,"column":35},"end":{"line":36,"column":86}},"line":36}},"branchMap":{},"s":{"0":2,"1":8,"2":2,"3":2,"4":3,"5":3,"6":2,"7":2,"8":2},"f":{"0":8,"1":2,"2":3,"3":2},"b":{},"_coverageSchema":"1a1c01bbd47fc00a2c39e90264f33305004495a9","hash":"de36753187205d24e0c4cfca0473786745d8818b"}
,"/mnt/hkrdata/src/gpmt/gpmt-webapp/src/components/datetimeInput.jsx": {"path":"/mnt/hkrdata/src/gpmt/gpmt-webapp/src/components/datetimeInput.jsx","statementMap":{"0":{"start":{"line":4,"column":22},"end":{"line":63,"column":1}},"1":{"start":{"line":5,"column":4},"end":{"line":62,"column":7}},"2":{"start":{"line":14,"column":36},"end":{"line":14,"column":66}},"3":{"start":{"line":14,"column":66},"end":{"line":14,"column":81}},"4":{"start":{"line":24,"column":36},"end":{"line":24,"column":71}},"5":{"start":{"line":24,"column":71},"end":{"line":24,"column":86}},"6":{"start":{"line":34,"column":36},"end":{"line":34,"column":70}},"7":{"start":{"line":34,"column":70},"end":{"line":34,"column":85}},"8":{"start":{"line":47,"column":36},"end":{"line":47,"column":67}},"9":{"start":{"line":47,"column":67},"end":{"line":47,"column":82}},"10":{"start":{"line":57,"column":36},"end":{"line":57,"column":69}},"11":{"start":{"line":57,"column":69},"end":{"line":57,"column":84}},"12":{"start":{"line":65,"column":0},"end":{"line":69,"column":1}}},"fnMap":{"0":{"name":"(anonymous_0)","decl":{"start":{"line":4,"column":22},"end":{"line":4,"column":23}},"loc":{"start":{"line":5,"column":4},"end":{"line":62,"column":7}},"line":5},"1":{"name":"(anonymous_1)","decl":{"start":{"line":14,"column":30},"end":{"line":14,"column":31}},"loc":{"start":{"line":14,"column":35},"end":{"line":14,"column":82}},"line":14},"2":{"name":"(anonymous_2)","decl":{"start":{"line":24,"column":30},"end":{"line":24,"column":31}},"loc":{"start":{"line":24,"column":35},"end":{"line":24,"column":87}},"line":24},"3":{"name":"(anonymous_3)","decl":{"start":{"line":34,"column":30},"end":{"line":34,"column":31}},"loc":{"start":{"line":34,"column":35},"end":{"line":34,"column":86}},"line":34},"4":{"name":"(anonymous_4)","decl":{"start":{"line":47,"column":30},"end":{"line":47,"column":31}},"loc":{"start":{"line":47,"column":35},"end":{"line":47,"column":83}},"line":47},"5":{"name":"(anonymous_5)","decl":{"start":{"line":57,"column":30},"end":{"line":57,"column":31}},"loc":{"start":{"line":57,"column":35},"end":{"line":57,"column":85}},"line":57}},"branchMap":{},"s":{"0":4,"1":28,"2":2,"3":2,"4":2,"5":2,"6":5,"7":5,"8":5,"9":5,"10":2,"11":2,"12":4},"f":{"0":28,"1":2,"2":2,"3":5,"4":5,"5":2},"b":{},"_coverageSchema":"1a1c01bbd47fc00a2c39e90264f33305004495a9","hash":"cf72e949e938e7c604b5f433c8c4ddbc0cc9ccaf"}
,"/mnt/hkrdata/src/gpmt/gpmt-webapp/src/components/dialog.jsx": {"path":"/mnt/hkrdata/src/gpmt/gpmt-webapp/src/components/dialog.jsx","statementMap":{"0":{"start":{"line":6,"column":16},"end":{"line":14,"column":1}},"1":{"start":{"line":16,"column":19},"end":{"line":34,"column":1}},"2":{"start":{"line":17,"column":4},"end":{"line":33,"column":10}},"3":{"start":{"line":36,"column":0},"end":{"line":39,"column":1}},"4":{"start":{"line":41,"column":20},"end":{"line":48,"column":1}},"5":{"start":{"line":42,"column":4},"end":{"line":47,"column":11}},"6":{"start":{"line":50,"column":0},"end":{"line":53,"column":1}},"7":{"start":{"line":55,"column":25},"end":{"line":62,"column":1}},"8":{"start":{"line":56,"column":4},"end":{"line":61,"column":11}},"9":{"start":{"line":64,"column":0},"end":{"line":67,"column":1}},"10":{"start":{"line":69,"column":22},"end":{"line":76,"column":1}},"11":{"start":{"line":70,"column":4},"end":{"line":75,"column":11}},"12":{"start":{"line":78,"column":0},"end":{"line":81,"column":1}},"13":{"start":{"line":83,"column":19},"end":{"line":87,"column":1}},"14":{"start":{"line":84,"column":4},"end":{"line":86,"column":10}},"15":{"start":{"line":89,"column":0},"end":{"line":91,"column":1}},"16":{"start":{"line":93,"column":20},"end":{"line":97,"column":1}},"17":{"start":{"line":94,"column":4},"end":{"line":96,"column":10}},"18":{"start":{"line":99,"column":0},"end":{"line":101,"column":1}},"19":{"start":{"line":104,"column":19},"end":{"line":108,"column":1}},"20":{"start":{"line":105,"column":4},"end":{"line":107,"column":9}},"21":{"start":{"line":110,"column":0},"end":{"line":112,"column":1}},"22":{"start":{"line":115,"column":20},"end":{"line":134,"column":1}},"23":{"start":{"line":116,"column":4},"end":{"line":133,"column":5}},"24":{"start":{"line":118,"column":12},"end":{"line":118,"column":72}},"25":{"start":{"line":120,"column":12},"end":{"line":120,"column":72}},"26":{"start":{"line":122,"column":12},"end":{"line":122,"column":51}},"27":{"start":{"line":124,"column":12},"end":{"line":124,"column":52}},"28":{"start":{"line":126,"column":12},"end":{"line":126,"column":50}},"29":{"start":{"line":128,"column":12},"end":{"line":128,"column":67}},"30":{"start":{"line":130,"column":12},"end":{"line":130,"column":69}},"31":{"start":{"line":132,"column":12},"end":{"line":132,"column":39}},"32":{"start":{"line":136,"column":0},"end":{"line":138,"column":1}},"33":{"start":{"line":140,"column":22},"end":{"line":151,"column":1}},"34":{"start":{"line":141,"column":17},"end":{"line":141,"column":36}},"35":{"start":{"line":142,"column":15},"end":{"line":142,"column":78}},"36":{"start":{"line":142,"column":40},"end":{"line":142,"column":76}},"37":{"start":{"line":143,"column":4},"end":{"line":149,"column":5}},"38":{"start":{"line":144,"column":8},"end":{"line":148,"column":10}},"39":{"start":{"line":150,"column":4},"end":{"line":150,"column":17}},"40":{"start":{"line":153,"column":15},"end":{"line":184,"column":1}},"41":{"start":{"line":154,"column":29},"end":{"line":155,"column":49}},"42":{"start":{"line":155,"column":19},"end":{"line":155,"column":47}},"43":{"start":{"line":156,"column":26},"end":{"line":157,"column":46}},"44":{"start":{"line":157,"column":19},"end":{"line":157,"column":44}},"45":{"start":{"line":158,"column":17},"end":{"line":159,"column":44}},"46":{"start":{"line":159,"column":19},"end":{"line":159,"column":42}},"47":{"start":{"line":160,"column":24},"end":{"line":161,"column":44}},"48":{"start":{"line":161,"column":19},"end":{"line":161,"column":42}},"49":{"start":{"line":162,"column":19},"end":{"line":163,"column":88}},"50":{"start":{"line":163,"column":19},"end":{"line":163,"column":86}},"51":{"start":{"line":165,"column":17},"end":{"line":171,"column":5}},"52":{"start":{"line":173,"column":4},"end":{"line":174,"column":50}},"53":{"start":{"line":174,"column":24},"end":{"line":174,"column":49}},"54":{"start":
[...]
nd":{"line":9,"column":76}},"5":{"start":{"line":10,"column":21},"end":{"line":10,"column":78}},"6":{"start":{"line":12,"column":18},"end":{"line":18,"column":72}},"7":{"start":{"line":20,"column":18},"end":{"line":20,"column":28}},"8":{"start":{"line":22,"column":16},"end":{"line":28,"column":24}},"9":{"start":{"line":30,"column":8},"end":{"line":42,"column":39}},"10":{"start":{"line":38,"column":16},"end":{"line":40,"column":33}},"11":{"start":{"line":44,"column":22},"end":{"line":47,"column":14}},"12":{"start":{"line":45,"column":24},"end":{"line":45,"column":30}},"13":{"start":{"line":46,"column":30},"end":{"line":46,"column":59}},"14":{"start":{"line":49,"column":16},"end":{"line":52,"column":19}},"15":{"start":{"line":54,"column":8},"end":{"line":56,"column":39}},"16":{"start":{"line":59,"column":8},"end":{"line":60,"column":38}},"17":{"start":{"line":62,"column":8},"end":{"line":73,"column":9}},"18":{"start":{"line":63,"column":12},"end":{"line":72,"column":50}},"19":{"start":{"line":65,"column":30},"end":{"line":65,"column":31}},"20":{"start":{"line":68,"column":32},"end":{"line":68,"column":58}},"21":{"start":{"line":69,"column":32},"end":{"line":69,"column":77}},"22":{"start":{"line":69,"column":53},"end":{"line":69,"column":65}},"23":{"start":{"line":70,"column":37},"end":{"line":70,"column":91}},"24":{"start":{"line":70,"column":67},"end":{"line":70,"column":79}},"25":{"start":{"line":71,"column":36},"end":{"line":71,"column":94}},"26":{"start":{"line":75,"column":8},"end":{"line":81,"column":9}},"27":{"start":{"line":76,"column":12},"end":{"line":80,"column":13}},"28":{"start":{"line":77,"column":16},"end":{"line":79,"column":18}},"29":{"start":{"line":78,"column":20},"end":{"line":78,"column":34}},"30":{"start":{"line":84,"column":4},"end":{"line":86,"column":5}}},"fnMap":{"0":{"name":"(anonymous_0)","decl":{"start":{"line":4,"column":22},"end":{"line":4,"column":23}},"loc":{"start":{"line":4,"column":34},"end":{"line":87,"column":1}},"line":4},"1":{"name":"(anonymous_1)","decl":{"start":{"line":7,"column":14},"end":{"line":7,"column":15}},"loc":{"start":{"line":7,"column":20},"end":{"line":82,"column":5}},"line":7},"2":{"name":"(anonymous_2)","decl":{"start":{"line":37,"column":18},"end":{"line":37,"column":19}},"loc":{"start":{"line":38,"column":16},"end":{"line":40,"column":33}},"line":38},"3":{"name":"(anonymous_3)","decl":{"start":{"line":45,"column":19},"end":{"line":45,"column":20}},"loc":{"start":{"line":45,"column":24},"end":{"line":45,"column":30}},"line":45},"4":{"name":"(anonymous_4)","decl":{"start":{"line":46,"column":24},"end":{"line":46,"column":25}},"loc":{"start":{"line":46,"column":30},"end":{"line":46,"column":59}},"line":46},"5":{"name":"(anonymous_5)","decl":{"start":{"line":65,"column":25},"end":{"line":65,"column":26}},"loc":{"start":{"line":65,"column":30},"end":{"line":65,"column":31}},"line":65},"6":{"name":"(anonymous_6)","decl":{"start":{"line":68,"column":27},"end":{"line":68,"column":28}},"loc":{"start":{"line":68,"column":32},"end":{"line":68,"column":58}},"line":68},"7":{"name":"(anonymous_7)","decl":{"start":{"line":69,"column":27},"end":{"line":69,"column":28}},"loc":{"start":{"line":69,"column":32},"end":{"line":69,"column":77}},"line":69},"8":{"name":"(anonymous_8)","decl":{"start":{"line":69,"column":43},"end":{"line":69,"column":44}},"loc":{"start":{"line":69,"column":53},"end":{"line":69,"column":65}},"line":69},"9":{"name":"(anonymous_9)","decl":{"start":{"line":70,"column":32},"end":{"line":70,"column":33}},"loc":{"start":{"line":70,"column":37},"end":{"line":70,"column":91}},"line":70},"10":{"name":"(anonymous_10)","decl":{"start":{"line":70,"column":57},"end":{"line":70,"column":58}},"loc":{"start":{"line":70,"column":67},"end":{"line":70,"column":79}},"line":70},"11":{"name":"(anonymous_11)","decl":{"start":{"line":71,"column":31},"end":{"line":71,"column":32}},"loc":{"start":{"line":71,"column":36},"end":{"line":71,"column":94}},"line":71},"12":{"name":"(anonymous_12)","decl":{"start":{"line":75,"column":15},"end":{"line":75,"column":16}},"loc":{"start":{"line":75,"column":21},"end":{"line":81,"column":9}},"line":75},"13":{"name":"(anonymous_13)","decl":{"start":{"line":77,"column":49},"end":{"line":77,"column":50}},"loc":{"start":{"line":77,"column":58},"end":{"line":79,"column":17}},"line":77}},"branchMap":{"0":{"loc":{"start":{"line":62,"column":8},"end":{"line":73,"column":9}},"type":"if","locations":[{"start":{"line":62,"column":8},"end":{"line":73,"column":9}},{"start":{"line":62,"column":8},"end":{"line":73,"column":9}}],"line":62},"1":{"loc":{"start":{"line":76,"column":12},"end":{"line":80,"column":13}},"type":"if","locations":[{"start":{"line":76,"column":12},"end":{"line":80,"column":13}},{"start":{"line":76,"column":12},"end":{"line":80,"column":13}}],"line":76}},"s":{"0":8,"1":116,"2":116,"3":116,"4":116,"5":116,"6":116,"7":116,"8":116,"9":116,"10":116,"11":116,"12":78,"13":116,"14":116,"15":116,"16":116,"17":116,"18":78,"19":78,"20":78,"21":78,"22":78,"23":78,"24":78,"25":78,"26":116,"27":116,"28":79,"29":79,"30":116},"f":{"0":116,"1":116,"2":116,"3":78,"4":116,"5":78,"6":78,"7":78,"8":78,"9":78,"10":78,"11":78,"12":116,"13":79},"b":{"0":[78,38],"1":[79,37]},"_coverageSchema":"1a1c01bbd47fc00a2c39e90264f33305004495a9","hash":"a4b70b23c6915bc53c422d716884c98a38842dfa"}
,"/mnt/hkrdata/src/gpmt/gpmt-webapp/src/visualisations/lineChart.jsx": {"path":"/mnt/hkrdata/src/gpmt/gpmt-webapp/src/visualisations/lineChart.jsx","statementMap":{"0":{"start":{"line":4,"column":18},"end":{"line":86,"column":1}},"1":{"start":{"line":5,"column":18},"end":{"line":5,"column":30}},"2":{"start":{"line":7,"column":4},"end":{"line":81,"column":6}},"3":{"start":{"line":8,"column":8},"end":{"line":8,"column":25}},"4":{"start":{"line":10,"column":21},"end":{"line":10,"column":63}},"5":{"start":{"line":11,"column":20},"end":{"line":11,"column":76}},"6":{"start":{"line":12,"column":21},"end":{"line":12,"column":78}},"7":{"start":{"line":14,"column":18},"end":{"line":20,"column":72}},"8":{"start":{"line":22,"column":18},"end":{"line":22,"column":28}},"9":{"start":{"line":24,"column":16},"end":{"line":30,"column":24}},"10":{"start":{"line":32,"column":8},"end":{"line":40,"column":39}},"11":{"start":{"line":36,"column":16},"end":{"line":38,"column":33}},"12":{"start":{"line":42,"column":16},"end":{"line":45,"column":19}},"13":{"start":{"line":47,"column":8},"end":{"line":49,"column":39}},"14":{"start":{"line":51,"column":8},"end":{"line":52,"column":38}},"15":{"start":{"line":64,"column":8},"end":{"line":72,"column":42}},"16":{"start":{"line":70,"column":24},"end":{"line":70,"column":33}},"17":{"start":{"line":71,"column":24},"end":{"line":71,"column":39}},"18":{"start":{"line":74,"column":8},"end":{"line":80,"column":9}},"19":{"start":{"line":75,"column":12},"end":{"line":79,"column":13}},"20":{"start":{"line":76,"column":16},"end":{"line":78,"column":18}},"21":{"start":{"line":77,"column":20},"end":{"line":77,"column":34}},"22":{"start":{"line":83,"column":4},"end":{"line":85,"column":5}}},"fnMap":{"0":{"name":"(anonymous_0)","decl":{"start":{"line":4,"column":18},"end":{"line":4,"column":19}},"loc":{"start":{"line":4,"column":46},"end":{"line":86,"column":1}},"line":4},"1":{"name":"(anonymous_1)","decl":{"start":{"line":7,"column":14},"end":{"line":7,"column":15}},"loc":{"start":{"line":7,"column":20},"end":{"line":81,"column":5}},"line":7},"2":{"name":"(anonymous_2)","decl":{"start":{"line":35,"column":18},"end":{"line":35,"column":19}},"loc":{"start":{"line":36,"column":16},"end":{"line":38,"column":33}},"line":36},"3":{"name":"(anonymous_3)","decl":{"start":{"line":70,"column":19},"end":{"line":70,"column":20}},"loc":{"start":{"line":70,"column":24},"end":{"line":70,"column":33}},"line":70},"4":{"name":"(anonymous_4)","decl":{"start":{"line":71,"column":19},"end":{"line":71,"column":20}},"loc":{"start":{"line":71,"column":24},"end":{"line":71,"column":39}},"line":71},"5":{"name":"(anonymous_5)","decl":{"start":{"line":74,"column":15},"end":{"line":74,"column":16}},"loc":{"start":{"line":74,"column":21},"end":{"line":80,"column":9}},"line":74},"6":{"name":"(anonymous_6)","decl":{"start":{"line":76,"column":49},"end":{"line":76,"column":50}},"loc":{"start":{"line":76,"column":58},"end":{"line":78,"column":17}},"line":76}},"branchMap":{"0":{"loc":{"start":{"line":8,"column":15},"end":{"line":8,"column":25}},"type":"binary-expr","locations":[{"start":{"line":8,"column":15},"end":{"line":8,"column":19}},{"start":{"line":8,"column":23},"end":{"line":8,"column":25}}],"line":8},"1":{"loc":{"start":{"line":75,"column":12},"end":{"line":79,"column":13}},"type":"if","locations":[{"start":{"line":75,"column":12},"end":{"line":79,"column":13}},{"start":{"line":75,"column":12},"end":{"line":79,"column":13}}],"line":75}},"s":{"0":8,"1":6,"2":6,"3":6,"4":6,"5":6,"6":6,"7":6,"8":6,"9":6,"10":6,"11":6,"12":6,"13":6,"14":6,"15":6,"16":96,"17":96,"18":6,"19":6,"20":5,"21":5,"22":6},"f":{"0":6,"1":6,"2":6,"3":96,"4":96,"5":6,"6":5},"b":{"0":[6,0],"1":[5,1]},"_coverageSchema":"1a1c01bbd47fc00a2c39e90264f33305004495a9","hash":"d003de9bf84563625c1d090509055af8c12ebe81"}
,"/mnt/hkrdata/src/gpmt/gpmt-webapp/src/visualisations/micturitionChart.jsx": {"path":"/mnt/hkrdata/src/gpmt/gpmt-webapp/src/visualisations/micturitionChart.jsx","statementMap":{"0":{"start":{"line":4,"column":25},"end":{"line":94,"column":1}},"1":{"start":{"line":5,"column":18},"end":{"line":5,"column":30}},"2":{"start":{"line":7,"column":19},"end":{"line":9,"column":5}},"3":{"start":{"line":11,"column":4},"end":{"line":89,"column":6}},"4":{"start":{"line":12,"column":21},"end":{"line":12,"column":63}},"5":{"start":{"line":13,"column":20},"end":{"line":13,"column":76}},"6":{"start":{"line":14,"column":21},"end":{"line":14,"column":78}},"7":{"start":{"line":16,"column":18},"end":{"line":22,"column":72}},"8":{"start":{"line":25,"column":18},"end":{"line":25,"column":28}},"9":{"start":{"line":27,"column":16},"end":{"line":33,"column":24}},"10":{"start":{"line":35,"column":8},"end":{"line":47,"column":39}},"11":{"start":{"line":43,"column":16},"end":{"line":45,"column":33}},"12":{"start":{"line":49,"column":22},"end":{"line":52,"column":14}},"13":{"start":{"line":50,"column":24},"end":{"line":50,"column":30}},"14":{"start":{"line":51,"column":30},"end":{"line":51,"column":59}},"15":{"start":{"line":54,"column":16},"end":{"line":57,"column":19}},"16":{"start":{"line":59,"column":8},"end":{"line":61,"column":39}},"17":{"start":{"line":64,"column":8},"end":{"line":65,"column":38}},"18":{"start":{"line":68,"column":8},"end":{"line":80,"column":9}},"19":{"start":{"line":69,"column":12},"end":{"line":78,"column":50}},"20":{"start":{"line":74,"column":32},"end":{"line":74,"column":58}},"21":{"start":{"line":75,"column":32},"end":{"line":75,"column":43}},"22":{"start":{"line":76,"column":37},"end":{"line":76,"column":57}},"23":{"start":{"line":77,"column":36},"end":{"line":77,"column":94}},"24":{"start":{"line":82,"column":8},"end":{"line":88,"column":9}},"25":{"start":{"line":83,"column":12},"end":{"line":87,"column":13}},"26":{"start":{"line":84,"column":16},"end":{"line":86,"column":18}},"27":{"start":{"line":85,"column":20},"end":{"line":85,"column":34}},"28":{"start":{"line":91,"column":4},"end":{"line":93,"column":5}}},"fnMap":{"0":{"name":"(anonymous_0)","decl":{"start":{"line":4,"column":25},"end":{"line":4,"column":26}},"loc":{"start":{"line":4,"column":53},"end":{"line":94,"column":1}},"line":4},"1":{"name":"(anonymous_1)","decl":{"start":{"line":7,"column":19},"end":{"line":7,"column":20}},"loc":{"start":{"line":7,"column":25},"end":{"line":9,"column":5}},"line":7},"2":{"name":"(anonymous_2)","decl":{"start":{"line":11,"column":14},"end":{"line":11,"column":15}},"loc":{"start":{"line":11,"column":20},"end":{"line":89,"column":5}},"line":11},"3":{"name":"(anonymous_3)","decl":{"start":{"line":42,"column":18},"end":{"line":42,"column":19}},"loc":{"start":{"line":43,"column":16},"end":{"line":45,"column":33}},"line":43},"4":{"name":"(anonymous_4)","decl":{"start":{"line":50,"column":19},"end":{"line":50,"column":20}},"loc":{"start":{"line":50,"column":24},"end":{"line":50,"column":30}},"line":50},"5":{"name":"(anonymous_5)","decl":{"start":{"line":51,"column":24},"end":{"line":51,"column":25}},"loc":{"start":{"line":51,"column":30},"end":{"line":51,"column":59}},"line":51},"6":{"name":"(anonymous_6)","decl":{"start":{"line":74,"column":27},"end":{"line":74,"column":28}},"loc":{"start":{"line":74,"column":32},"end":{"line":74,"column":58}},"line":74},"7":{"name":"(anonymous_7)","decl":{"start":{"line":75,"column":27},"end":{"line":75,"column":28}},"loc":{"start":{"line":75,"column":32},"end":{"line":75,"column":43}},"line":75},"8":{"name":"(anonymous_8)","decl":{"start":{"line":76,"column":32},"end":{"line":76,"column":33}},"loc":{"start":{"line":76,"column":37},"end":{"line":76,"column":57}},"line":76},"9":{"name":"(anonymous_9)","decl":{"start":{"line":77,"column":31},"end":{"line":77,"column":32}},"loc":{"start":{"line":77,"column":36},"end":{"line":77,"column":94}},"line":77},"10":{"name":"(anonymous_10)","decl":{"start":{"line":82,"column":15},"end":{"line":82,"column":16}},"loc":{"start":{"line":82,"column":21},"end":{"line":88,"column":9}},"line":82},"11":{"name":"(anonymous_11)","decl":{"start":{"line":84,"column":49},"end":{"line":84,"column":50}},"loc":{"start":{"line":84,"column":58},"end":{"line":86,"column":17}},"line":84}},"branchMap":{"0":{"loc":{"start":{"line":68,"column":8},"end":{"line":80,"column":9}},"type":"if","locations":[{"start":{"line":68,"column":8},"end":{"line":80,"column":9}},{"start":{"line":68,"column":8},"end":{"line":80,"column":9}}],"line":68},"1":{"loc":{"start":{"line":83,"column":12},"end":{"line":87,"column":13}},"type":"if","locations":[{"start":{"line":83,"column":12},"end":{"line":87,"column":13}},{"start":{"line":83,"column":12},"end":{"line":87,"column":13}}],"line":83}},"s":{"0":8,"1":116,"2":116,"3":116,"4":116,"5":116,"6":116,"7":116,"8":116,"9":116,"10":116,"11":116,"12":116,"13":90,"14":116,"15":116,"16":116,"17":116,"18":116,"19":90,"20":90,"21":90,"22":90,"23":90,"24":116,"25":116,"26":79,"27":79,"28":116},"f":{"0":116,"1":0,"2":116,"3":116,"4":90,"5":116,"6":90,"7":90,"8":90,"9":90,"10":116,"11":79},"b":{"0":[90,26],"1":[79,37]},"_coverageSchema":"1a1c01bbd47fc00a2c39e90264f33305004495a9","hash":"e20bfb65b6ba82d0e34f7a333153e31a8355fe6f"}
,"/mnt/hkrdata/src/gpmt/gpmt-webapp/src/visualisations/stressChart.jsx": {"path":"/mnt/hkrdata/src/gpmt/gpmt-webapp/src/visualisations/stressChart.jsx","statementMap":{"0":{"start":{"line":4,"column":20},"end":{"line":90,"column":1}},"1":{"start":{"line":6,"column":18},"end":{"line":6,"column":30}},"2":{"start":{"line":8,"column":4},"end":{"line":85,"column":6}},"3":{"start":{"line":9,"column":21},"end":{"line":9,"column":63}},"4":{"start":{"line":10,"column":20},"end":{"line":10,"column":76}},"5":{"start":{"line":11,"column":21},"end":{"line":11,"column":78}},"6":{"start":{"line":13,"column":18},"end":{"line":19,"column":72}},"7":{"start":{"line":21,"column":18},"end":{"line":21,"column":28}},"8":{"start":{"line":23,"column":16},"end":{"line":29,"column":24}},"9":{"start":{"line":31,"column":8},"end":{"line":43,"column":39}},"10":{"start":{"line":39,"column":16},"end":{"line":41,"column":33}},"11":{"start":{"line":46,"column":22},"end":{"line":49,"column":14}},"12":{"start":{"line":47,"column":24},"end":{"line":47,"column":30}},"13":{"start":{"line":48,"column":30},"end":{"line":48,"column":59}},"14":{"start":{"line":51,"column":16},"end":{"line":54,"column":19}},"15":{"start":{"line":56,"column":8},"end":{"line":58,"column":39}},"16":{"start":{"line":61,"column":8},"end":{"line":62,"column":38}},"17":{"start":{"line":64,"column":8},"end":{"line":76,"column":9}},"18":{"start":{"line":65,"column":12},"end":{"line":74,"column":50}},"19":{"start":{"line":70,"column":32},"end":{"line":70,"column":58}},"20":{"start":{"line":71,"column":32},"end":{"line":71,"column":80}},"21":{"start":{"line":71,"column":53},"end":{"line":71,"column":64}},"22":{"start":{"line":72,"column":37},"end":{"line":72,"column":94}},"23":{"start":{"line":72,"column":67},"end":{"line":72,"column":78}},"24":{"start":{"line":73,"column":36},"end":{"line":73,"column":94}},"25":{"start":{"line":78,"column":8},"end":{"line":84,"column":9}},"26":{"start":{"line":79,"column":12},"end":{"line":83,"column":13}},"27":{"start":{"line":80,"column":16},"end":{"line":82,"column":18}},"28":{"start":{"line":81,"column":20},"end":{"line":81,"column":34}},"29":{"start":{"line":87,"column":4},"end":{"line":89,"column":5}}},"fnMap":{"0":{"name":"(anonymous_0)","decl":{"start":{"line":4,"column":20},"end":{"line":4,"column":21}},"loc":{"start":{"line":4,"column":32},"end":{"line":90,"column":1}},"line":4},"1":{"name":"(anonymous_1)","decl":{"start":{"line":8,"column":14},"end":{"line":8,"column":15}},"loc":{"start":{"line":8,"column":20},"end":{"line":85,"column":5}},"line":8},"2":{"name":"(anonymous_2)","decl":{"start":{"line":38,"column":18},"end":{"line":38,"column":19}},"loc":{"start":{"line":39,"column":16},"end":{"line":41,"column":33}},"line":39},"3":{"name":"(anonymous_3)","decl":{"start":{"line":47,"column":19},"end":{"line":47,"column":20}},"loc":{"start":{"line":47,"column":24},"end":{"line":47,"column":30}},"line":47},"4":{"name":"(anonymous_4)","decl":{"start":{"line":48,"column":24},"end":{"line":48,"column":25}},"loc":{"start":{"line":48,"column":30},"end":{"line":48,"column":59}},"line":48},"5":{"name":"(anonymous_5)","decl":{"start":{"line":70,"column":27},"end":{"line":70,"column":28}},"loc":{"start":{"line":70,"column":32},"end":{"line":70,"column":58}},"line":70},"6":{"name":"(anonymous_6)","decl":{"start":{"line":71,"column":27},"end":{"line":71,"column":28}},"loc":{"start":{"line":71,"column":32},"end":{"line":71,"column":80}},"line":71},"7":{"name":"(anonymous_7)","decl":{"start":{"line":71,"column":43},"end":{"line":71,"column":44}},"loc":{"start":{"line":71,"column":53},"end":{"line":71,"column":64}},"line":71},"8":{"name":"(anonymous_8)","decl":{"start":{"line":72,"column":32},"end":{"line":72,"column":33}},"loc":{"start":{"line":72,"column":37},"end":{"line":72,"column":94}},"line":72},"9":{"name":"(anonymous_9)","decl":{"start":{"line":72,"column":57},"end":{"line":72,"column":58}},"loc":{"start":{"line":72,"column":67},"end":{"line":72,"column":78}},"line":72},"10":{"name":"(anonymous_10)","decl":{"start":{"line":73,"column":31},"end":{"line":73,"column":32}},"loc":{"start":{"line":73,"column":36},"end":{"line":73,"column":94}},"line":73},"11":{"name":"(anonymous_11)","decl":{"start":{"line":78,"column":15},"end":{"line":78,"column":16}},"loc":{"start":{"line":78,"column":21},"end":{"line":84,"column":9}},"line":78},"12":{"name":"(anonymous_12)","decl":{"start":{"line":80,"column":49},"end":{"line":80,"column":50}},"loc":{"start":{"line":80,"column":58},"end":{"line":82,"column":17}},"line":80}},"branchMap":{"0":{"loc":{"start":{"line":64,"column":8},"end":{"line":76,"column":9}},"type":"if","locations":[{"start":{"line":64,"column":8},"end":{"line":76,"column":9}},{"start":{"line":64,"column":8},"end":{"line":76,"column":9}}],"line":64},"1":{"loc":{"start":{"line":79,"column":12},"end":{"line":83,"column":13}},"type":"if","locations":[{"start":{"line":79,"column":12},"end":{"line":83,"column":13}},{"start":{"line":79,"column":12},"end":{"line":83,"column":13}}],"line":79}},"s":{"0":8,"1":110,"2":110,"3":110,"4":110,"5":110,"6":110,"7":110,"8":110,"9":110,"10":110,"11":110,"12":61,"13":110,"14":110,"15":110,"16":110,"17":110,"18":61,"19":61,"20":61,"21":61,"22":61,"23":61,"24":61,"25":110,"26":110,"27":74,"28":74,"29":110},"f":{"0":110,"1":110,"2":110,"3":61,"4":110,"5":61,"6":61,"7":61,"8":61,"9":61,"10":61,"11":110,"12":74},"b":{"0":[61,49],"1":[74,36]},"_coverageSchema":"1a1c01bbd47fc00a2c39e90264f33305004495a9","hash":"c73b7ec4c44b23549c9e388261348c1e993861c5"}
}
