TN:
SF:src/actions.js
FN:1,(anonymous_0)
FN:9,(anonymous_1)
FN:18,(anonymous_2)
FN:25,(anonymous_3)
FN:32,(anonymous_4)
FN:36,(anonymous_5)
FN:57,(anonymous_6)
FN:65,(anonymous_7)
FN:69,(anonymous_8)
FN:76,(anonymous_9)
FN:83,(anonymous_10)
FN:90,(anonymous_11)
FN:97,(anonymous_12)
FN:104,(anonymous_13)
FN:109,(anonymous_14)
FNF:15
FNH:8
FNDA:1,(anonymous_0)
FNDA:6,(anonymous_1)
FNDA:2,(anonymous_2)
FNDA:0,(anonymous_3)
FNDA:1,(anonymous_4)
FNDA:1,(anonymous_5)
FNDA:1,(anonymous_6)
FNDA:0,(anonymous_7)
FNDA:6,(anonymous_8)
FNDA:2,(anonymous_9)
FNDA:0,(anonymous_10)
FNDA:0,(anonymous_11)
FNDA:0,(anonymous_12)
FNDA:0,(anonymous_13)
FNDA:0,(anonymous_14)
DA:1,3
DA:9,6
DA:18,3
DA:25,3
DA:32,3
DA:36,3
DA:44,1
DA:57,3
DA:65,3
DA:69,6
DA:76,3
DA:83,3
DA:90,3
DA:97,3
DA:104,3
DA:109,3
LF:16
LH:16
BRF:0
BRH:0
end_of_record
TN:
SF:src/reducers.js
FN:6,(anonymous_0)
FNF:1
FNH:1
FNDA:7,(anonymous_0)
DA:1,2
DA:6,2
DA:7,7
DA:9,1
DA:19,2
DA:20,1
DA:25,1
DA:27,1
DA:32,1
DA:37,0
DA:45,2
LF:11
LH:10
BRDA:6,0,0,1
BRDA:7,1,0,1
BRDA:7,1,1,2
BRDA:7,1,2,1
BRDA:7,1,3,1
BRDA:7,1,4,0
BRDA:7,1,5,2
BRDA:19,2,0,1
BRDA:19,2,1,1
BRF:9
BRH:8
end_of_record
TN:
SF:src/sagas.js
FN:18,receiver
FN:19,(anonymous_1)
FN:23,(anonymous_2)
FN:27,(anonymous_3)
FN:34,(anonymous_4)
FN:40,receive
FN:52,sendMessage
FN:65,getMessages
FN:77,getAuthToken
FN:89,saveAuthToken
FN:101,signinUser
FN:119,signupUser
FN:135,signoutUser
FN:144,updateUser
FN:151,updatePassword
FNF:15
FNH:11
FNDA:3,receiver
FNDA:3,(anonymous_1)
FNDA:0,(anonymous_2)
FNDA:3,(anonymous_3)
FNDA:0,(anonymous_4)
FNDA:2,receive
FNDA:1,sendMessage
FNDA:1,getMessages
FNDA:2,getAuthToken
FNDA:1,saveAuthToken
FNDA:1,signinUser
FNDA:1,signupUser
FNDA:1,signoutUser
FNDA:0,updateUser
FNDA:0,updatePassword
DA:19,3
DA:20,3
DA:22,0
DA:23,0
DA:27,3
DA:28,3
DA:34,3
DA:35,0
DA:41,2
DA:42,2
DA:43,2
DA:44,2
DA:45,0
DA:53,1
DA:55,0
DA:58,1
DA:62,1
DA:66,1
DA:67,0
DA:70,1
DA:74,1
DA:78,2
DA:79,2
DA:80,2
DA:81,1
DA:84,1
DA:90,1
DA:91,1
DA:93,1
DA:95,1
DA:96,1
DA:97,1
DA:103,1
DA:104,1
DA:109,1
DA:110,1
DA:113,1
DA:115,0
DA:120,1
DA:121,1
DA:125,1
DA:126,1
DA:129,1
DA:131,0
DA:136,1
DA:137,1
DA:140,1
DA:145,0
DA:152,0
LF:49
LH:39
BRDA:20,0,0,0
BRDA:20,0,1,3
BRDA:53,1,0,0
BRDA:53,1,1,1
BRDA:66,2,0,0
BRDA:66,2,1,1
BRDA:78,3,0,2
BRDA:78,3,1,0
BRDA:80,4,0,1
BRDA:80,4,1,1
BRDA:90,5,0,1
BRDA:90,5,1,0
BRDA:109,6,0,1
BRDA:109,6,1,0
BRDA:125,7,0,1
BRDA:125,7,1,0
BRDA:136,8,0,1
BRDA:136,8,1,0
BRF:18
BRH:10
end_of_record
TN:
SF:src/store.js
FN:19,(anonymous_0)
FN:19,(anonymous_1)
FN:19,(anonymous_2)
FN:29,saga
FNF:4
FNH:3
FNDA:1,(anonymous_0)
FNDA:1,(anonymous_1)
FNDA:0,(anonymous_2)
FNDA:1,saga
DA:17,1
DA:19,1
DA:20,0
DA:21,0
DA:24,1
DA:30,1
DA:31,1
DA:32,1
DA:33,1
DA:34,1
DA:36,1
DA:37,1
DA:39,1
DA:41,1
DA:45,1
LF:15
LH:13
BRF:0
BRH:0
end_of_record
TN:
SF:src/utils.js
FN:2,(anonymous_0)
FNF:1
FNH:1
FNDA:2,(anonymous_0)
DA:2,3
DA:3,2
DA:4,2
LF:3
LH:3
BRF:0
BRH:0
end_of_record
TN:
SF:src/api/http.js
FN:6,(anonymous_0)
FN:14,(anonymous_1)
FN:15,(anonymous_2)
FNF:3
FNH:0
FNDA:0,(anonymous_0)
FNDA:0,(anonymous_1)
FNDA:0,(anonymous_2)
DA:5,3
DA:7,0
DA:14,0
DA:15,0
LF:4
LH:1
BRDA:10,0,0,0
BRDA:10,0,1,0
BRF:2
BRH:0
end_of_record
TN:
SF:src/api/io.js
FN:6,(anonymous_0)
FN:24,(anonymous_1)
FN:25,(anonymous_2)
FN:26,(anonymous_3)
FN:26,(anonymous_4)
FN:27,(anonymous_5)
FN:34,(anonymous_6)
FN:39,(anonymous_7)
FN:40,(anonymous_8)
FN:41,(anonymous_9)
FN:48,(anonymous_10)
FN:58,(anonymous_11)
FN:65,(anonymous_12)
FN:68,(anonymous_13)
FN:71,(anonymous_14)
FN:74,(anonymous_15)
FNF:16
FNH:13
FNDA:7,(anonymous_0)
FNDA:7,(anonymous_1)
FNDA:7,(anonymous_2)
FNDA:4,(anonymous_3)
FNDA:4,(anonymous_4)
FNDA:2,(anonymous_5)
FNDA:0,(anonymous_6)
FNDA:1,(anonymous_7)
FNDA:8,(anonymous_8)
FNDA:1,(anonymous_9)
FNDA:1,(anonymous_10)
FNDA:1,(anonymous_11)
FNDA:1,(anonymous_12)
FNDA:0,(anonymous_13)
FNDA:0,(anonymous_14)
FNDA:1,(anonymous_15)
DA:5,3
DA:8,7
DA:9,1
DA:17,6
DA:24,7
DA:25,7
DA:26,7
DA:27,4
DA:30,7
DA:31,7
DA:34,7
DA:35,0
DA:39,1
DA:40,8
DA:42,1
DA:43,1
DA:49,1
DA:50,1
DA:54,0
DA:59,1
DA:60,1
DA:62,0
DA:66,1
DA:69,0
DA:72,0
DA:75,1
LF:26
LH:21
BRDA:6,0,0,7
BRDA:8,1,0,1
BRDA:8,1,1,6
BRDA:39,2,0,1
BRDA:39,2,1,1
BRDA:42,3,0,1
BRDA:42,3,1,0
BRDA:49,4,0,1
BRDA:49,4,1,0
BRDA:59,5,0,1
BRDA:59,5,1,0
BRDA:66,6,0,1
BRDA:66,6,1,0
BRDA:69,7,0,0
BRDA:69,7,1,0
BRDA:72,8,0,0
BRDA:72,8,1,0
BRDA:75,9,0,1
BRDA:75,9,1,0
BRF:19
BRH:10
end_of_record
