TN:
SF:src/actions.js
FN:3,(anonymous_0)
FN:12,(anonymous_1)
FN:33,(anonymous_2)
FN:36,(anonymous_3)
FN:55,(anonymous_4)
FN:55,(anonymous_5)
FN:61,(anonymous_6)
FN:61,(anonymous_7)
FN:85,(anonymous_8)
FN:85,(anonymous_9)
FN:89,(anonymous_10)
FN:99,(anonymous_11)
FN:115,(anonymous_12)
FN:128,(anonymous_13)
FN:137,(anonymous_14)
FN:146,(anonymous_15)
FN:156,(anonymous_16)
FN:166,(anonymous_17)
FN:180,(anonymous_18)
FN:187,(anonymous_19)
FN:194,(anonymous_20)
FN:201,(anonymous_21)
FN:208,(anonymous_22)
FN:215,(anonymous_23)
FN:222,(anonymous_24)
FN:229,(anonymous_25)
FN:240,(anonymous_26)
FN:240,(anonymous_27)
FN:244,(anonymous_28)
FN:253,(anonymous_29)
FN:253,(anonymous_30)
FN:257,(anonymous_31)
FN:267,(anonymous_32)
FN:267,(anonymous_33)
FN:271,(anonymous_34)
FN:281,(anonymous_35)
FN:281,(anonymous_36)
FN:285,(anonymous_37)
FN:295,(anonymous_38)
FN:295,(anonymous_39)
FN:299,(anonymous_40)
FN:310,(anonymous_41)
FN:310,(anonymous_42)
FN:331,(anonymous_43)
FN:331,(anonymous_44)
FN:342,(anonymous_45)
FN:342,(anonymous_46)
FN:353,(anonymous_47)
FN:353,(anonymous_48)
FN:364,(anonymous_49)
FN:364,(anonymous_50)
FN:379,(anonymous_51)
FN:379,(anonymous_52)
FN:390,(anonymous_53)
FN:390,(anonymous_54)
FN:401,(anonymous_55)
FN:401,(anonymous_56)
FNF:57
FNH:50
FNDA:0,(anonymous_0)
FNDA:0,(anonymous_1)
FNDA:2,(anonymous_2)
FNDA:2,(anonymous_3)
FNDA:1,(anonymous_4)
FNDA:1,(anonymous_5)
FNDA:9,(anonymous_6)
FNDA:9,(anonymous_7)
FNDA:1,(anonymous_8)
FNDA:1,(anonymous_9)
FNDA:24,(anonymous_10)
FNDA:1,(anonymous_11)
FNDA:0,(anonymous_12)
FNDA:1,(anonymous_13)
FNDA:0,(anonymous_14)
FNDA:0,(anonymous_15)
FNDA:0,(anonymous_16)
FNDA:0,(anonymous_17)
FNDA:9,(anonymous_18)
FNDA:9,(anonymous_19)
FNDA:9,(anonymous_20)
FNDA:16,(anonymous_21)
FNDA:8,(anonymous_22)
FNDA:3,(anonymous_23)
FNDA:9,(anonymous_24)
FNDA:1,(anonymous_25)
FNDA:19,(anonymous_26)
FNDA:19,(anonymous_27)
FNDA:18,(anonymous_28)
FNDA:29,(anonymous_29)
FNDA:29,(anonymous_30)
FNDA:9,(anonymous_31)
FNDA:49,(anonymous_32)
FNDA:49,(anonymous_33)
FNDA:360,(anonymous_34)
FNDA:43,(anonymous_35)
FNDA:43,(anonymous_36)
FNDA:9,(anonymous_37)
FNDA:60,(anonymous_38)
FNDA:60,(anonymous_39)
FNDA:9,(anonymous_40)
FNDA:13,(anonymous_41)
FNDA:13,(anonymous_42)
FNDA:3,(anonymous_43)
FNDA:3,(anonymous_44)
FNDA:2,(anonymous_45)
FNDA:2,(anonymous_46)
FNDA:3,(anonymous_47)
FNDA:3,(anonymous_48)
FNDA:2,(anonymous_49)
FNDA:2,(anonymous_50)
FNDA:1,(anonymous_51)
FNDA:1,(anonymous_52)
FNDA:1,(anonymous_53)
FNDA:1,(anonymous_54)
FNDA:1,(anonymous_55)
FNDA:1,(anonymous_56)
DA:3,13
DA:12,0
DA:13,0
DA:14,0
DA:26,0
DA:27,0
DA:29,0
DA:33,13
DA:36,2
DA:37,2
DA:38,2
DA:39,2
DA:44,1
DA:45,0
DA:46,1
DA:47,1
DA:51,1
DA:55,13
DA:56,1
DA:57,1
DA:61,13
DA:62,9
DA:63,9
DA:64,9
DA:65,9
DA:67,7
DA:68,0
DA:71,7
DA:77,7
DA:79,1
DA:85,13
DA:86,1
DA:87,1
DA:88,1
DA:89,24
DA:94,1
DA:95,1
DA:96,1
DA:99,13
DA:100,1
DA:101,1
DA:102,1
DA:103,0
DA:104,0
DA:106,0
DA:107,0
DA:109,0
DA:110,0
DA:112,0
DA:113,0
DA:115,0
DA:116,0
DA:118,0
DA:128,13
DA:137,13
DA:146,13
DA:156,13
DA:166,13
DA:180,13
DA:187,13
DA:194,13
DA:201,16
DA:208,13
DA:215,13
DA:222,13
DA:229,13
DA:240,19
DA:241,19
DA:242,10
DA:243,10
DA:244,18
DA:248,9
DA:249,9
DA:253,29
DA:254,29
DA:255,9
DA:256,9
DA:257,9
DA:262,9
DA:263,9
DA:267,49
DA:268,49
DA:269,16
DA:270,16
DA:271,360
DA:276,15
DA:277,15
DA:281,43
DA:282,43
DA:283,9
DA:284,9
DA:285,9
DA:290,9
DA:291,9
DA:295,60
DA:296,60
DA:297,9
DA:298,9
DA:299,9
DA:305,9
DA:306,9
DA:310,13
DA:311,13
DA:312,3
DA:313,3
DA:315,3
DA:316,3
DA:317,0
DA:318,0
DA:319,0
DA:321,3
DA:323,3
DA:331,13
DA:332,3
DA:334,3
DA:335,3
DA:342,13
DA:343,2
DA:345,2
DA:346,2
DA:353,13
DA:354,3
DA:356,3
DA:357,3
DA:364,13
DA:365,2
DA:367,2
DA:368,2
DA:379,13
DA:380,1
DA:382,1
DA:390,13
DA:391,1
DA:393,1
DA:401,13
DA:402,1
DA:404,1
LF:137
LH:115
BRDA:26,0,0,0
BRDA:26,0,1,0
BRDA:44,1,0,0
BRDA:44,1,1,1
BRDA:46,2,0,1
BRDA:46,2,1,0
BRDA:56,3,0,1
BRDA:56,3,1,0
BRDA:62,4,0,9
BRDA:62,4,1,0
BRDA:67,5,0,0
BRDA:67,5,1,7
BRDA:101,6,0,1
BRDA:101,6,1,0
BRDA:103,7,0,0
BRDA:103,7,1,0
BRDA:104,8,0,0
BRDA:104,8,1,0
BRDA:104,8,2,0
BRDA:104,8,3,0
BRDA:241,9,0,10
BRDA:241,9,1,9
BRDA:254,10,0,9
BRDA:254,10,1,20
BRDA:268,11,0,16
BRDA:268,11,1,33
BRDA:282,12,0,9
BRDA:282,12,1,34
BRDA:296,13,0,9
BRDA:296,13,1,51
BRDA:311,14,0,3
BRDA:311,14,1,10
BRDA:311,15,0,13
BRDA:311,15,1,13
BRDA:315,16,0,3
BRDA:315,16,1,0
BRDA:334,17,0,3
BRDA:334,17,1,0
BRDA:345,18,0,2
BRDA:345,18,1,0
BRDA:356,19,0,3
BRDA:356,19,1,0
BRDA:367,20,0,2
BRDA:367,20,1,0
BRF:44
BRH:25
end_of_record
TN:
SF:src/hooks.js
FN:6,useDrinking
FN:8,(anonymous_1)
FN:10,(anonymous_2)
FN:19,useMessages
FN:21,(anonymous_4)
FN:23,(anonymous_5)
FN:32,useMicturition
FN:34,(anonymous_7)
FN:36,(anonymous_8)
FN:45,useMicturitionPredictions
FN:47,(anonymous_10)
FN:49,(anonymous_11)
FN:58,useStress
FN:60,(anonymous_13)
FN:62,(anonymous_14)
FN:71,usePhotos
FN:73,(anonymous_16)
FN:75,(anonymous_17)
FN:84,useUser
FN:86,(anonymous_19)
FN:88,(anonymous_20)
FN:97,useUtterButtons
FN:98,(anonymous_22)
FN:102,useDictation
FN:114,(anonymous_24)
FN:118,(anonymous_25)
FN:124,(anonymous_26)
FNF:27
FNH:24
FNDA:144,useDrinking
FNDA:296,(anonymous_1)
FNDA:144,(anonymous_2)
FNDA:128,useMessages
FNDA:260,(anonymous_4)
FNDA:128,(anonymous_5)
FNDA:141,useMicturition
FNDA:291,(anonymous_7)
FNDA:141,(anonymous_8)
FNDA:120,useMicturitionPredictions
FNDA:241,(anonymous_10)
FNDA:120,(anonymous_11)
FNDA:143,useStress
FNDA:296,(anonymous_13)
FNDA:143,(anonymous_14)
FNDA:22,usePhotos
FNDA:49,(anonymous_16)
FNDA:22,(anonymous_17)
FNDA:48,useUser
FNDA:142,(anonymous_19)
FNDA:48,(anonymous_20)
FNDA:3,useUtterButtons
FNDA:16,(anonymous_22)
FNDA:3,useDictation
FNDA:0,(anonymous_24)
FNDA:0,(anonymous_25)
FNDA:0,(anonymous_26)
DA:7,144
DA:8,296
DA:10,144
DA:11,144
DA:12,43
DA:16,144
DA:20,128
DA:21,260
DA:23,128
DA:24,128
DA:25,19
DA:29,128
DA:33,141
DA:34,291
DA:36,141
DA:37,141
DA:38,29
DA:42,141
DA:46,120
DA:47,241
DA:49,120
DA:50,120
DA:51,49
DA:55,120
DA:59,143
DA:60,296
DA:62,143
DA:63,143
DA:64,60
DA:68,143
DA:72,22
DA:73,49
DA:75,22
DA:76,22
DA:77,13
DA:81,22
DA:85,48
DA:86,142
DA:88,48
DA:89,48
DA:90,9
DA:94,48
DA:98,16
DA:99,3
DA:103,3
DA:104,0
DA:106,0
DA:107,0
DA:113,0
DA:114,0
DA:115,0
DA:118,0
DA:119,0
DA:122,0
DA:125,0
DA:130,3
LF:56
LH:46
BRDA:11,0,0,43
BRDA:11,0,1,101
BRDA:11,1,0,144
BRDA:11,1,1,144
BRDA:16,2,0,144
BRDA:16,2,1,43
BRDA:24,3,0,19
BRDA:24,3,1,109
BRDA:24,4,0,128
BRDA:24,4,1,128
BRDA:29,5,0,128
BRDA:29,5,1,19
BRDA:37,6,0,29
BRDA:37,6,1,112
BRDA:37,7,0,141
BRDA:37,7,1,141
BRDA:42,8,0,141
BRDA:42,8,1,29
BRDA:50,9,0,49
BRDA:50,9,1,71
BRDA:50,10,0,120
BRDA:50,10,1,120
BRDA:55,11,0,120
BRDA:55,11,1,49
BRDA:63,12,0,60
BRDA:63,12,1,83
BRDA:63,13,0,143
BRDA:63,13,1,143
BRDA:68,14,0,143
BRDA:68,14,1,60
BRDA:76,15,0,13
BRDA:76,15,1,9
BRDA:76,16,0,22
BRDA:76,16,1,22
BRDA:81,17,0,22
BRDA:81,17,1,13
BRDA:89,18,0,9
BRDA:89,18,1,39
BRDA:89,19,0,48
BRDA:89,19,1,48
BRDA:99,20,0,3
BRDA:99,20,1,2
BRDA:103,21,0,0
BRDA:103,21,1,3
BRDA:104,22,0,0
BRDA:104,22,1,0
BRDA:106,23,0,0
BRDA:106,23,1,0
BRF:48
BRH:43
end_of_record
TN:
SF:src/reducers.js
FN:13,(anonymous_0)
FN:120,(anonymous_1)
FN:122,(anonymous_2)
FN:131,(anonymous_3)
FN:133,(anonymous_4)
FN:142,(anonymous_5)
FN:144,(anonymous_6)
FN:152,(anonymous_7)
FN:157,(anonymous_8)
FN:162,(anonymous_9)
FNF:10
FNH:10
FNDA:111,(anonymous_0)
FNDA:4,(anonymous_1)
FNDA:4,(anonymous_2)
FNDA:4,(anonymous_3)
FNDA:4,(anonymous_4)
FNDA:3,(anonymous_5)
FNDA:3,(anonymous_6)
FNDA:2,(anonymous_7)
FNDA:2,(anonymous_8)
FNDA:2,(anonymous_9)
DA:1,14
DA:13,14
DA:14,111
DA:16,2
DA:26,1
DA:34,1
DA:42,0
DA:50,1
DA:58,10
DA:63,10
DA:68,17
DA:73,10
DA:78,9
DA:83,3
DA:88,10
DA:93,1
DA:101,3
DA:109,2
DA:117,4
DA:120,4
DA:122,4
DA:128,4
DA:131,4
DA:133,4
DA:139,3
DA:142,3
DA:144,3
DA:150,2
DA:152,2
DA:155,2
DA:157,2
DA:160,2
DA:162,2
DA:165,0
DA:170,14
LF:35
LH:33
BRDA:13,0,0,13
BRDA:14,1,0,2
BRDA:14,1,1,1
BRDA:14,1,2,1
BRDA:14,1,3,0
BRDA:14,1,4,1
BRDA:14,1,5,10
BRDA:14,1,6,10
BRDA:14,1,7,17
BRDA:14,1,8,10
BRDA:14,1,9,9
BRDA:14,1,10,3
BRDA:14,1,11,10
BRDA:14,1,12,1
BRDA:14,1,13,3
BRDA:14,1,14,2
BRDA:14,1,15,4
BRDA:14,1,16,4
BRDA:14,1,17,3
BRDA:14,1,18,2
BRDA:14,1,19,2
BRDA:14,1,20,2
BRDA:14,1,21,0
BRDA:14,1,22,14
BRDA:19,2,0,2
BRDA:19,2,1,1
BRDA:29,3,0,1
BRDA:29,3,1,1
BRDA:37,4,0,1
BRDA:37,4,1,1
BRDA:45,5,0,0
BRDA:45,5,1,0
BRDA:113,6,0,2
BRDA:113,6,1,1
BRF:34
BRH:30
end_of_record
TN:
SF:src/store.js
FN:7,(anonymous_0)
FN:7,(anonymous_1)
FN:7,(anonymous_2)
FNF:3
FNH:3
FNDA:13,(anonymous_0)
FNDA:13,(anonymous_1)
FNDA:79,(anonymous_2)
DA:7,13
DA:8,79
DA:9,0
DA:11,79
DA:14,13
LF:5
LH:4
BRDA:8,0,0,0
BRDA:8,0,1,79
BRDA:8,1,0,79
BRDA:8,1,1,0
BRF:4
BRH:2
end_of_record
TN:
SF:src/utils.js
FN:2,(anonymous_0)
FN:7,(anonymous_1)
FNF:2
FNH:2
FNDA:2,(anonymous_0)
FNDA:107,(anonymous_1)
DA:2,14
DA:3,2
DA:4,2
DA:7,14
DA:8,107
DA:9,106
DA:11,1
LF:7
LH:7
BRDA:8,0,0,106
BRDA:8,0,1,1
BRDA:8,1,0,107
BRDA:8,1,1,95
BRF:4
BRH:4
end_of_record
TN:
SF:src/api/http.js
FN:9,(anonymous_0)
FN:15,(anonymous_1)
FN:16,(anonymous_2)
FN:18,(anonymous_3)
FN:20,(anonymous_4)
FN:21,(anonymous_5)
FN:22,(anonymous_6)
FN:23,(anonymous_7)
FN:24,(anonymous_8)
FN:25,(anonymous_9)
FN:26,(anonymous_10)
FN:28,(anonymous_11)
FN:29,(anonymous_12)
FN:30,(anonymous_13)
FN:31,(anonymous_14)
FN:33,(anonymous_15)
FN:34,(anonymous_16)
FN:35,(anonymous_17)
FN:37,(anonymous_18)
FN:42,(anonymous_19)
FNF:20
FNH:18
FNDA:14,(anonymous_0)
FNDA:28,(anonymous_1)
FNDA:0,(anonymous_2)
FNDA:1,(anonymous_3)
FNDA:10,(anonymous_4)
FNDA:9,(anonymous_5)
FNDA:16,(anonymous_6)
FNDA:9,(anonymous_7)
FNDA:9,(anonymous_8)
FNDA:3,(anonymous_9)
FNDA:9,(anonymous_10)
FNDA:2,(anonymous_11)
FNDA:3,(anonymous_12)
FNDA:3,(anonymous_13)
FNDA:2,(anonymous_14)
FNDA:1,(anonymous_15)
FNDA:1,(anonymous_16)
FNDA:1,(anonymous_17)
FNDA:0,(anonymous_18)
FNDA:3,(anonymous_19)
DA:3,13
DA:8,13
DA:10,14
DA:15,28
DA:16,0
DA:18,1
DA:20,10
DA:21,9
DA:22,16
DA:23,9
DA:24,9
DA:25,3
DA:26,9
DA:28,2
DA:29,3
DA:30,3
DA:31,2
DA:33,1
DA:34,1
DA:35,1
DA:37,0
DA:42,3
LF:22
LH:20
BRF:0
BRH:0
end_of_record
TN:
SF:src/components/aside.jsx
FN:19,(anonymous_0)
FN:23,(anonymous_1)
FN:34,(anonymous_2)
FN:86,(anonymous_3)
FNF:4
FNH:4
FNDA:113,(anonymous_0)
FNDA:105,(anonymous_1)
FNDA:1,(anonymous_2)
FNDA:67,(anonymous_3)
DA:19,8
DA:20,113
DA:21,113
DA:22,113
DA:23,105
DA:25,113
DA:26,113
DA:27,113
DA:28,113
DA:30,113
DA:34,113
DA:35,1
DA:38,113
DA:40,113
DA:48,113
DA:86,67
DA:135,8
LF:17
LH:17
BRDA:41,0,0,0
BRDA:41,0,1,113
BRDA:41,1,0,0
BRDA:41,1,1,0
BRDA:51,2,0,0
BRDA:51,2,1,113
BRDA:51,3,0,113
BRDA:51,3,1,8
BRDA:76,4,0,113
BRDA:76,4,1,20
BRDA:85,5,0,67
BRDA:85,5,1,46
BRDA:110,6,0,113
BRDA:110,6,1,0
BRDA:118,7,0,113
BRDA:118,7,1,0
BRDA:126,8,0,113
BRDA:126,8,1,0
BRF:18
BRH:11
end_of_record
TN:
SF:src/components/banner.jsx
FN:5,(anonymous_0)
FN:46,(anonymous_1)
FN:61,(anonymous_2)
FN:108,(anonymous_3)
FNF:4
FNH:1
FNDA:0,(anonymous_0)
FNDA:0,(anonymous_1)
FNDA:6,(anonymous_2)
FNDA:0,(anonymous_3)
DA:5,3
DA:6,0
DA:8,0
DA:46,0
DA:61,3
DA:62,6
DA:64,6
DA:108,0
LF:8
LH:4
BRDA:61,0,0,6
BRDA:94,1,0,6
BRDA:94,1,1,0
BRDA:102,2,0,6
BRDA:102,2,1,6
BRF:5
BRH:4
end_of_record
TN:
SF:src/components/dateInput.jsx
FN:4,(anonymous_0)
FN:14,(anonymous_1)
FN:25,(anonymous_2)
FN:36,(anonymous_3)
FNF:4
FNH:4
FNDA:10,(anonymous_0)
FNDA:2,(anonymous_1)
FNDA:3,(anonymous_2)
FNDA:2,(anonymous_3)
DA:4,2
DA:5,10
DA:14,2
DA:25,3
DA:36,2
DA:45,2
LF:6
LH:6
BRF:0
BRH:0
end_of_record
TN:
SF:src/components/datetimeInput.jsx
FN:4,(anonymous_0)
FN:14,(anonymous_1)
FN:24,(anonymous_2)
FN:34,(anonymous_3)
FN:47,(anonymous_4)
FN:57,(anonymous_5)
FNF:6
FNH:6
FNDA:28,(anonymous_0)
FNDA:2,(anonymous_1)
FNDA:2,(anonymous_2)
FNDA:5,(anonymous_3)
FNDA:5,(anonymous_4)
FNDA:2,(anonymous_5)
DA:4,4
DA:5,28
DA:14,2
DA:24,2
DA:34,5
DA:47,5
DA:57,2
DA:65,4
LF:8
LH:8
BRF:0
BRH:0
end_of_record
TN:
SF:src/components/dialog.jsx
FN:16,(anonymous_0)
FN:41,(anonymous_1)
FN:55,(anonymous_2)
FN:69,(anonymous_3)
FN:83,(anonymous_4)
FN:93,(anonymous_5)
FN:104,(anonymous_6)
FN:115,(anonymous_7)
FN:140,(anonymous_8)
FN:142,(anonymous_9)
FN:153,(anonymous_10)
FN:155,(anonymous_11)
FN:157,(anonymous_12)
FN:159,(anonymous_13)
FN:161,(anonymous_14)
FN:163,(anonymous_15)
FN:174,(anonymous_16)
FN:179,(anonymous_17)
FNF:18
FNH:16
FNDA:0,(anonymous_0)
FNDA:7,(anonymous_1)
FNDA:12,(anonymous_2)
FNDA:10,(anonymous_3)
FNDA:9,(anonymous_4)
FNDA:11,(anonymous_5)
FNDA:20,(anonymous_6)
FNDA:69,(anonymous_7)
FNDA:15,(anonymous_8)
FNDA:49,(anonymous_9)
FNDA:15,(anonymous_10)
FNDA:12,(anonymous_11)
FNDA:10,(anonymous_12)
FNDA:0,(anonymous_13)
FNDA:7,(anonymous_14)
FNDA:20,(anonymous_15)
FNDA:124,(anonymous_16)
FNDA:69,(anonymous_17)
DA:6,2
DA:16,2
DA:17,0
DA:36,2
DA:41,2
DA:42,7
DA:50,2
DA:55,2
DA:56,12
DA:64,2
DA:69,2
DA:70,10
DA:78,2
DA:83,2
DA:84,9
DA:89,2
DA:93,2
DA:94,11
DA:99,2
DA:104,2
DA:105,20
DA:110,2
DA:115,2
DA:116,69
DA:118,12
DA:120,10
DA:122,9
DA:124,11
DA:126,20
DA:128,0
DA:130,7
DA:132,0
DA:136,2
DA:140,2
DA:141,15
DA:142,49
DA:143,15
DA:144,20
DA:150,15
DA:153,2
DA:154,15
DA:155,12
DA:156,15
DA:157,10
DA:158,15
DA:159,0
DA:160,15
DA:161,7
DA:162,15
DA:163,20
DA:165,15
DA:173,15
DA:174,124
DA:177,15
DA:180,69
DA:186,2
LF:56
LH:52
BRDA:59,0,0,0
BRDA:59,0,1,12
BRDA:59,1,0,12
BRDA:59,1,1,0
BRDA:116,2,0,12
BRDA:116,2,1,10
BRDA:116,2,2,9
BRDA:116,2,3,11
BRDA:116,2,4,20
BRDA:116,2,5,0
BRDA:116,2,6,7
BRDA:116,2,7,0
BRDA:163,3,0,11
BRDA:163,3,1,9
BRF:14
BRH:10
end_of_record
TN:
SF:src/components/numberInput.jsx
FN:4,(anonymous_0)
FN:14,(anonymous_1)
FNF:2
FNH:2
FNDA:10,(anonymous_0)
FNDA:1,(anonymous_1)
DA:4,2
DA:5,10
DA:14,1
DA:20,2
LF:4
LH:4
BRF:0
BRH:0
end_of_record
TN:
SF:src/components/secure.jsx
FN:5,(anonymous_0)
FNF:1
FNH:1
FNDA:37,(anonymous_0)
DA:5,8
DA:6,37
DA:7,37
LF:3
LH:3
BRDA:9,0,0,28
BRDA:9,0,1,9
BRF:2
BRH:2
end_of_record
TN:
SF:src/components/select.jsx
FN:12,Select
FN:16,SexSelect
FN:19,(anonymous_2)
FN:45,(anonymous_3)
FN:48,(anonymous_4)
FN:54,(anonymous_5)
FNF:6
FNH:2
FNDA:0,Select
FNDA:4,SexSelect
FNDA:0,(anonymous_2)
FNDA:12,(anonymous_3)
FNDA:0,(anonymous_4)
FNDA:0,(anonymous_5)
DA:6,1
DA:17,4
DA:19,4
DA:20,0
DA:21,0
DA:24,4
DA:46,12
DA:49,0
DA:55,0
LF:9
LH:5
BRDA:49,0,0,0
BRDA:49,0,1,0
BRDA:58,1,0,0
BRDA:58,1,1,0
BRDA:63,2,0,0
BRDA:63,2,1,0
BRDA:66,3,0,0
BRDA:66,3,1,0
BRF:8
BRH:0
end_of_record
TN:
SF:src/components/shell.jsx
FN:13,(anonymous_0)
FN:25,(anonymous_1)
FN:35,(anonymous_2)
FN:37,(anonymous_3)
FNF:4
FNH:3
FNDA:38,(anonymous_0)
FNDA:4,(anonymous_1)
FNDA:4,(anonymous_2)
FNDA:0,(anonymous_3)
DA:13,7
DA:15,38
DA:17,38
DA:21,38
DA:25,38
DA:26,4
DA:27,4
DA:30,38
DA:35,4
DA:37,0
DA:54,7
LF:11
LH:10
BRDA:22,0,0,0
BRDA:22,0,1,38
BRDA:22,1,0,38
BRDA:22,1,1,0
BRF:4
BRH:2
end_of_record
TN:
SF:src/components/textInput.jsx
FN:4,(anonymous_0)
FN:14,(anonymous_1)
FNF:2
FNH:2
FNDA:15,(anonymous_0)
FNDA:4,(anonymous_1)
DA:4,2
DA:5,15
DA:14,4
DA:20,2
LF:4
LH:4
BRF:0
BRH:0
end_of_record
TN:
SF:src/components/timeInput.jsx
FN:4,(anonymous_0)
FN:14,(anonymous_1)
FN:24,(anonymous_2)
FNF:3
FNH:3
FNDA:5,(anonymous_0)
FNDA:2,(anonymous_1)
FNDA:2,(anonymous_2)
DA:4,1
DA:5,5
DA:14,2
DA:24,2
DA:33,1
LF:5
LH:5
BRF:0
BRH:0
end_of_record
TN:
SF:src/components/toggle.jsx
FN:5,(anonymous_0)
FNF:1
FNH:1
FNDA:17,(anonymous_0)
DA:5,2
DA:6,17
DA:32,2
LF:3
LH:3
BRDA:17,0,0,4
BRDA:17,0,1,13
BRDA:23,1,0,4
BRDA:23,1,1,13
BRF:4
BRH:4
end_of_record
TN:
SF:src/pages/signin.jsx
FN:13,(anonymous_0)
FN:16,(anonymous_1)
FN:18,(anonymous_2)
FNF:3
FNH:3
FNDA:12,(anonymous_0)
FNDA:17,(anonymous_1)
FNDA:2,(anonymous_2)
DA:13,1
DA:14,12
DA:15,12
DA:16,17
DA:18,12
DA:19,2
DA:22,12
LF:7
LH:7
BRDA:16,0,0,5
BRDA:16,0,1,7
BRDA:25,1,0,12
BRDA:25,1,1,5
BRDA:35,2,0,12
BRDA:35,2,1,11
BRF:6
BRH:6
end_of_record
TN:
SF:src/pages/signup.jsx
FN:19,(anonymous_0)
FN:22,(anonymous_1)
FN:48,(anonymous_2)
FN:51,(anonymous_3)
FN:57,(anonymous_4)
FN:88,(anonymous_5)
FN:99,(anonymous_6)
FN:114,(anonymous_7)
FN:215,(anonymous_8)
FN:218,(anonymous_9)
FN:246,(anonymous_10)
FN:304,(anonymous_11)
FN:344,(anonymous_12)
FN:348,(anonymous_13)
FN:393,(anonymous_14)
FNF:15
FNH:6
FNDA:11,(anonymous_0)
FNDA:0,(anonymous_1)
FNDA:33,(anonymous_2)
FNDA:0,(anonymous_3)
FNDA:0,(anonymous_4)
FNDA:0,(anonymous_5)
FNDA:9,(anonymous_6)
FNDA:0,(anonymous_7)
FNDA:3,(anonymous_8)
FNDA:3,(anonymous_9)
FNDA:11,(anonymous_10)
FNDA:0,(anonymous_11)
FNDA:0,(anonymous_12)
FNDA:0,(anonymous_13)
FNDA:0,(anonymous_14)
DA:13,1
DA:19,1
DA:20,11
DA:22,11
DA:23,0
DA:24,0
DA:27,11
DA:49,33
DA:52,0
DA:58,0
DA:88,1
DA:89,0
DA:91,0
DA:93,0
DA:95,0
DA:99,1
DA:100,9
DA:111,8
DA:114,8
DA:126,0
DA:128,0
DA:130,0
DA:145,8
DA:216,3
DA:217,3
DA:218,3
DA:219,3
DA:246,11
DA:305,0
DA:306,0
DA:307,0
DA:308,0
DA:310,0
DA:345,0
DA:346,0
DA:349,0
DA:350,0
DA:394,0
DA:395,0
LF:39
LH:17
BRDA:52,0,0,0
BRDA:52,0,1,0
BRDA:61,1,0,0
BRDA:61,1,1,0
BRDA:66,2,0,0
BRDA:66,2,1,0
BRDA:69,3,0,0
BRDA:69,3,1,0
BRDA:89,4,0,0
BRDA:89,4,1,0
BRDA:89,4,2,0
BRDA:89,4,3,0
BRDA:89,4,4,0
BRDA:89,4,5,0
BRDA:91,5,0,0
BRDA:91,5,1,0
BRDA:91,6,0,0
BRDA:91,6,1,0
BRDA:91,6,2,0
BRDA:219,7,0,3
BRDA:219,7,1,1
BRDA:307,8,0,0
BRDA:307,8,1,0
BRDA:307,9,0,0
BRDA:307,9,1,0
BRDA:308,10,0,0
BRDA:308,10,1,0
BRDA:346,11,0,0
BRDA:346,11,1,0
BRDA:350,12,0,0
BRDA:350,12,1,0
BRDA:395,13,0,0
BRDA:395,13,1,0
BRF:33
BRH:2
end_of_record
TN:
SF:src/pages/app/index.jsx
FN:25,(anonymous_0)
FN:33,(anonymous_1)
FN:42,(anonymous_2)
FN:48,(anonymous_3)
FN:49,(anonymous_4)
FN:52,(anonymous_5)
FN:55,(anonymous_6)
FN:67,(anonymous_7)
FN:68,(anonymous_8)
FN:89,(anonymous_9)
FN:105,(anonymous_10)
FN:117,SecureApp
FNF:12
FNH:4
FNDA:3,(anonymous_0)
FNDA:1,(anonymous_1)
FNDA:0,(anonymous_2)
FNDA:0,(anonymous_3)
FNDA:0,(anonymous_4)
FNDA:0,(anonymous_5)
FNDA:0,(anonymous_6)
FNDA:0,(anonymous_7)
FNDA:0,(anonymous_8)
FNDA:0,(anonymous_9)
FNDA:1,(anonymous_10)
FNDA:2,SecureApp
DA:25,1
DA:26,3
DA:28,3
DA:29,3
DA:30,3
DA:31,3
DA:33,3
DA:34,1
DA:35,0
DA:37,1
DA:38,1
DA:42,3
DA:43,0
DA:44,0
DA:45,0
DA:46,0
DA:47,0
DA:48,0
DA:49,0
DA:52,3
DA:53,3
DA:55,3
DA:56,0
DA:57,0
DA:61,3
DA:68,0
DA:89,0
DA:105,1
DA:118,2
LF:29
LH:17
BRDA:34,0,0,0
BRDA:34,0,1,1
BRDA:56,1,0,0
BRDA:56,1,1,0
BRDA:65,2,0,0
BRDA:65,2,1,3
BRDA:76,3,0,3
BRDA:76,3,1,0
BRF:8
BRH:3
end_of_record
TN:
SF:src/pages/app/overview.jsx
FN:28,(anonymous_0)
FN:35,(anonymous_1)
FN:37,(anonymous_2)
FN:39,(anonymous_3)
FN:41,(anonymous_4)
FN:43,(anonymous_5)
FN:43,(anonymous_6)
FN:114,(anonymous_7)
FN:163,(anonymous_8)
FN:198,SecureMicturitionOverview
FNF:10
FNH:8
FNDA:7,(anonymous_0)
FNDA:6,(anonymous_1)
FNDA:5,(anonymous_2)
FNDA:3,(anonymous_3)
FNDA:8,(anonymous_4)
FNDA:14,(anonymous_5)
FNDA:0,(anonymous_6)
FNDA:14,(anonymous_7)
FNDA:0,(anonymous_8)
FNDA:1,SecureMicturitionOverview
DA:18,1
DA:28,1
DA:29,7
DA:30,7
DA:32,7
DA:34,7
DA:35,6
DA:36,7
DA:37,5
DA:38,7
DA:39,3
DA:40,7
DA:41,8
DA:43,14
DA:44,0
DA:45,0
DA:46,0
DA:47,0
DA:48,0
DA:49,0
DA:53,7
DA:115,14
DA:164,0
DA:199,1
LF:24
LH:17
BRDA:44,0,0,0
BRDA:44,0,1,0
BRDA:46,1,0,0
BRDA:46,1,1,0
BRDA:48,2,0,0
BRDA:48,2,1,0
BRDA:57,3,0,6
BRDA:57,3,1,1
BRF:8
BRH:2
end_of_record
TN:
SF:src/pages/app/settings.jsx
FN:21,(anonymous_0)
FN:27,(anonymous_1)
FN:40,(anonymous_2)
FN:43,(anonymous_3)
FN:46,(anonymous_4)
FN:50,(anonymous_5)
FN:53,(anonymous_6)
FN:56,(anonymous_7)
FN:59,(anonymous_8)
FN:69,(anonymous_9)
FN:74,(anonymous_10)
FN:79,(anonymous_11)
FN:87,SecureSettings
FNF:13
FNH:5
FNDA:4,(anonymous_0)
FNDA:2,(anonymous_1)
FNDA:1,(anonymous_2)
FNDA:1,(anonymous_3)
FNDA:0,(anonymous_4)
FNDA:0,(anonymous_5)
FNDA:0,(anonymous_6)
FNDA:0,(anonymous_7)
FNDA:0,(anonymous_8)
FNDA:0,(anonymous_9)
FNDA:0,(anonymous_10)
FNDA:0,(anonymous_11)
FNDA:2,SecureSettings
DA:21,1
DA:22,4
DA:23,4
DA:25,4
DA:27,4
DA:28,2
DA:34,4
DA:40,1
DA:43,1
DA:46,0
DA:50,0
DA:53,0
DA:56,0
DA:59,0
DA:69,0
DA:74,0
DA:79,0
DA:88,2
LF:18
LH:10
BRF:0
BRH:0
end_of_record
TN:
SF:src/pages/app/drinking/[id].jsx
FN:13,(anonymous_0)
FN:19,(anonymous_1)
FN:23,(anonymous_2)
FN:30,(anonymous_3)
FN:37,(anonymous_4)
FN:60,(anonymous_5)
FN:61,(anonymous_6)
FN:84,(anonymous_7)
FNF:8
FNH:8
FNDA:9,(anonymous_0)
FNDA:7,(anonymous_1)
FNDA:1,(anonymous_2)
FNDA:2,(anonymous_3)
FNDA:1,(anonymous_4)
FNDA:1,(anonymous_5)
FNDA:1,(anonymous_6)
FNDA:5,(anonymous_7)
DA:13,1
DA:14,9
DA:15,9
DA:17,9
DA:18,9
DA:19,7
DA:20,9
DA:23,9
DA:24,1
DA:30,9
DA:31,2
DA:37,9
DA:38,1
DA:39,1
DA:40,1
DA:43,9
DA:60,1
DA:61,1
DA:84,1
DA:85,5
LF:20
LH:20
BRDA:20,0,0,9
BRDA:20,0,1,2
BRDA:66,1,0,9
BRDA:66,1,1,2
BRF:4
BRH:4
end_of_record
TN:
SF:src/pages/app/micturition/[id].jsx
FN:16,(anonymous_0)
FN:22,(anonymous_1)
FN:24,(anonymous_2)
FN:31,(anonymous_3)
FN:61,SecureMicturitionEdit
FNF:5
FNH:5
FNDA:6,(anonymous_0)
FNDA:4,(anonymous_1)
FNDA:2,(anonymous_2)
FNDA:1,(anonymous_3)
FNDA:4,SecureMicturitionEdit
DA:16,1
DA:17,6
DA:18,6
DA:19,6
DA:21,6
DA:22,4
DA:24,6
DA:25,2
DA:31,6
DA:32,1
DA:33,1
DA:34,1
DA:37,6
DA:62,4
LF:14
LH:14
BRDA:44,0,0,6
BRDA:44,0,1,2
BRF:2
BRH:2
end_of_record
TN:
SF:src/pages/app/stress/[id].jsx
FN:16,(anonymous_0)
FN:23,(anonymous_1)
FN:25,(anonymous_2)
FN:32,(anonymous_3)
FN:39,(anonymous_4)
FN:62,(anonymous_5)
FNF:6
FNH:6
FNDA:8,(anonymous_0)
FNDA:6,(anonymous_1)
FNDA:1,(anonymous_2)
FNDA:2,(anonymous_3)
FNDA:1,(anonymous_4)
FNDA:1,(anonymous_5)
DA:16,1
DA:17,8
DA:18,8
DA:19,8
DA:20,8
DA:22,8
DA:23,6
DA:25,8
DA:26,1
DA:32,8
DA:33,2
DA:39,8
DA:40,1
DA:41,1
DA:42,1
DA:45,8
DA:62,1
LF:17
LH:17
BRDA:53,0,0,8
BRDA:53,0,1,5
BRDA:61,1,0,8
BRDA:61,1,1,2
BRDA:67,2,0,8
BRDA:67,2,1,2
BRF:6
BRH:6
end_of_record
TN:
SF:src/pages/setup/about.jsx
FN:6,(anonymous_0)
FN:9,(anonymous_1)
FNF:2
FNH:2
FNDA:2,(anonymous_0)
FNDA:1,(anonymous_1)
DA:6,1
DA:7,2
DA:9,2
DA:10,1
DA:13,2
LF:5
LH:5
BRF:0
BRH:0
end_of_record
TN:
SF:src/visualisations/barChart.jsx
FN:4,(anonymous_0)
FN:8,thresholdTime
FN:9,(anonymous_2)
FN:14,(anonymous_3)
FN:28,(anonymous_4)
FN:28,(anonymous_5)
FN:51,(anonymous_6)
FN:52,(anonymous_7)
FN:53,(anonymous_8)
FN:54,(anonymous_9)
FN:57,(anonymous_10)
FN:59,(anonymous_11)
FNF:12
FNH:0
FNDA:0,(anonymous_0)
FNDA:0,thresholdTime
FNDA:0,(anonymous_2)
FNDA:0,(anonymous_3)
FNDA:0,(anonymous_4)
FNDA:0,(anonymous_5)
FNDA:0,(anonymous_6)
FNDA:0,(anonymous_7)
FNDA:0,(anonymous_8)
FNDA:0,(anonymous_9)
FNDA:0,(anonymous_10)
FNDA:0,(anonymous_11)
DA:4,8
DA:5,0
DA:9,0
DA:10,0
DA:14,0
DA:15,0
DA:16,0
DA:17,0
DA:19,0
DA:27,0
DA:28,0
DA:30,0
DA:35,0
DA:39,0
DA:43,0
DA:46,0
DA:51,0
DA:52,0
DA:53,0
DA:54,0
DA:57,0
DA:58,0
DA:59,0
DA:60,0
DA:66,0
LF:25
LH:1
BRDA:58,0,0,0
BRDA:58,0,1,0
BRF:2
BRH:0
end_of_record
TN:
SF:src/visualisations/clock.jsx
FN:5,(anonymous_0)
FN:8,(anonymous_1)
FN:42,(anonymous_2)
FN:43,(anonymous_3)
FN:53,(anonymous_4)
FN:54,(anonymous_5)
FN:56,(anonymous_6)
FN:59,(anonymous_7)
FN:113,(anonymous_8)
FN:121,(anonymous_9)
FN:124,(anonymous_10)
FNF:11
FNH:10
FNDA:113,(anonymous_0)
FNDA:113,(anonymous_1)
FNDA:804,(anonymous_2)
FNDA:1608,(anonymous_3)
FNDA:804,(anonymous_4)
FNDA:804,(anonymous_5)
FNDA:804,(anonymous_6)
FNDA:804,(anonymous_7)
FNDA:0,(anonymous_8)
FNDA:113,(anonymous_9)
FNDA:77,(anonymous_10)
DA:5,8
DA:6,113
DA:8,113
DA:9,113
DA:10,113
DA:11,113
DA:13,113
DA:15,113
DA:20,113
DA:25,113
DA:33,113
DA:37,113
DA:38,113
DA:39,113
DA:41,113
DA:42,804
DA:43,1608
DA:45,113
DA:53,804
DA:54,804
DA:56,804
DA:59,804
DA:63,113
DA:66,113
DA:72,113
DA:74,113
DA:75,1356
DA:87,113
DA:97,113
DA:107,113
DA:108,113
DA:110,113
DA:113,113
DA:114,0
DA:115,0
DA:117,0
DA:121,113
DA:122,113
DA:123,113
DA:124,77
DA:125,77
DA:131,113
LF:42
LH:39
BRDA:43,0,0,1608
BRDA:43,0,1,1608
BRDA:78,1,0,452
BRDA:78,1,1,904
BRDA:84,2,0,452
BRDA:84,2,1,904
BRDA:123,3,0,77
BRDA:123,3,1,36
BRF:8
BRH:8
end_of_record
TN:
SF:src/visualisations/drinkingChart.jsx
FN:4,(anonymous_0)
FN:7,(anonymous_1)
FN:37,(anonymous_2)
FN:45,(anonymous_3)
FN:46,(anonymous_4)
FN:65,(anonymous_5)
FN:68,(anonymous_6)
FN:69,(anonymous_7)
FN:69,(anonymous_8)
FN:70,(anonymous_9)
FN:70,(anonymous_10)
FN:71,(anonymous_11)
FN:75,(anonymous_12)
FN:77,(anonymous_13)
FNF:14
FNH:14
FNDA:119,(anonymous_0)
FNDA:119,(anonymous_1)
FNDA:119,(anonymous_2)
FNDA:81,(anonymous_3)
FNDA:119,(anonymous_4)
FNDA:81,(anonymous_5)
FNDA:81,(anonymous_6)
FNDA:81,(anonymous_7)
FNDA:81,(anonymous_8)
FNDA:81,(anonymous_9)
FNDA:81,(anonymous_10)
FNDA:81,(anonymous_11)
FNDA:119,(anonymous_12)
FNDA:82,(anonymous_13)
DA:4,8
DA:5,119
DA:7,119
DA:8,119
DA:9,119
DA:10,119
DA:12,119
DA:20,119
DA:22,119
DA:30,119
DA:38,119
DA:44,119
DA:45,81
DA:46,119
DA:49,119
DA:54,119
DA:59,119
DA:62,119
DA:63,81
DA:65,81
DA:68,81
DA:69,81
DA:70,81
DA:71,81
DA:75,119
DA:76,119
DA:77,82
DA:78,82
DA:84,119
LF:29
LH:29
BRDA:62,0,0,81
BRDA:62,0,1,38
BRDA:76,1,0,82
BRDA:76,1,1,37
BRF:4
BRH:4
end_of_record
TN:
SF:src/visualisations/lineChart.jsx
FN:4,(anonymous_0)
FN:7,(anonymous_1)
FN:35,(anonymous_2)
FN:70,(anonymous_3)
FN:71,(anonymous_4)
FN:74,(anonymous_5)
FN:76,(anonymous_6)
FNF:7
FNH:7
FNDA:6,(anonymous_0)
FNDA:6,(anonymous_1)
FNDA:6,(anonymous_2)
FNDA:96,(anonymous_3)
FNDA:96,(anonymous_4)
FNDA:6,(anonymous_5)
FNDA:5,(anonymous_6)
DA:4,8
DA:5,6
DA:7,6
DA:8,6
DA:10,6
DA:11,6
DA:12,6
DA:14,6
DA:22,6
DA:24,6
DA:32,6
DA:36,6
DA:42,6
DA:47,6
DA:51,6
DA:64,6
DA:70,96
DA:71,96
DA:74,6
DA:75,6
DA:76,5
DA:77,5
DA:83,6
LF:23
LH:23
BRDA:8,0,0,6
BRDA:8,0,1,0
BRDA:75,1,0,5
BRDA:75,1,1,1
BRF:4
BRH:3
end_of_record
TN:
SF:src/visualisations/micturitionChart.jsx
FN:4,(anonymous_0)
FN:7,(anonymous_1)
FN:11,(anonymous_2)
FN:42,(anonymous_3)
FN:50,(anonymous_4)
FN:51,(anonymous_5)
FN:74,(anonymous_6)
FN:75,(anonymous_7)
FN:76,(anonymous_8)
FN:77,(anonymous_9)
FN:82,(anonymous_10)
FN:84,(anonymous_11)
FNF:12
FNH:11
FNDA:119,(anonymous_0)
FNDA:0,(anonymous_1)
FNDA:119,(anonymous_2)
FNDA:119,(anonymous_3)
FNDA:93,(anonymous_4)
FNDA:119,(anonymous_5)
FNDA:93,(anonymous_6)
FNDA:93,(anonymous_7)
FNDA:93,(anonymous_8)
FNDA:93,(anonymous_9)
FNDA:119,(anonymous_10)
FNDA:82,(anonymous_11)
DA:4,8
DA:5,119
DA:7,119
DA:11,119
DA:12,119
DA:13,119
DA:14,119
DA:16,119
DA:25,119
DA:27,119
DA:35,119
DA:43,119
DA:49,119
DA:50,93
DA:51,119
DA:54,119
DA:59,119
DA:64,119
DA:68,119
DA:69,93
DA:74,93
DA:75,93
DA:76,93
DA:77,93
DA:82,119
DA:83,119
DA:84,82
DA:85,82
DA:91,119
LF:29
LH:29
BRDA:68,0,0,93
BRDA:68,0,1,26
BRDA:83,1,0,82
BRDA:83,1,1,37
BRF:4
BRH:4
end_of_record
TN:
SF:src/visualisations/stressChart.jsx
FN:4,(anonymous_0)
FN:8,(anonymous_1)
FN:38,(anonymous_2)
FN:47,(anonymous_3)
FN:48,(anonymous_4)
FN:70,(anonymous_5)
FN:71,(anonymous_6)
FN:71,(anonymous_7)
FN:72,(anonymous_8)
FN:72,(anonymous_9)
FN:73,(anonymous_10)
FN:78,(anonymous_11)
FN:80,(anonymous_12)
FNF:13
FNH:13
FNDA:113,(anonymous_0)
FNDA:113,(anonymous_1)
FNDA:113,(anonymous_2)
FNDA:64,(anonymous_3)
FNDA:113,(anonymous_4)
FNDA:64,(anonymous_5)
FNDA:64,(anonymous_6)
FNDA:64,(anonymous_7)
FNDA:64,(anonymous_8)
FNDA:64,(anonymous_9)
FNDA:64,(anonymous_10)
FNDA:113,(anonymous_11)
FNDA:77,(anonymous_12)
DA:4,8
DA:6,113
DA:8,113
DA:9,113
DA:10,113
DA:11,113
DA:13,113
DA:21,113
DA:23,113
DA:31,113
DA:39,113
DA:46,113
DA:47,64
DA:48,113
DA:51,113
DA:56,113
DA:61,113
DA:64,113
DA:65,64
DA:70,64
DA:71,64
DA:72,64
DA:73,64
DA:78,113
DA:79,113
DA:80,77
DA:81,77
DA:87,113
LF:28
LH:28
BRDA:64,0,0,64
BRDA:64,0,1,49
BRDA:79,1,0,77
BRDA:79,1,1,36
BRF:4
BRH:4
end_of_record
